{"name": "Смена валюты", "status": "broken", "statusDetails": {"message": "selenium.common.exceptions.TimeoutException: Message: \nStacktrace:\n#0 0x61467bd416ba <unknown>\n#1 0x61467ba11730 <unknown>\n#2 0x61467ba60d9b <unknown>\n#3 0x61467ba61081 <unknown>\n#4 0x61467baa4cd4 <unknown>\n#5 0x61467ba83a7d <unknown>\n#6 0x61467baa21ca <unknown>\n#7 0x61467ba837f3 <unknown>\n#8 0x61467ba53ec9 <unknown>\n#9 0x61467ba5491e <unknown>\n#10 0x61467bd079eb <unknown>\n#11 0x61467bd0b972 <unknown>\n#12 0x61467bcf4e15 <unknown>\n#13 0x61467bd0c502 <unknown>\n#14 0x61467bcd9d2f <unknown>\n#15 0x61467bd30578 <unknown>\n#16 0x61467bd30750 <unknown>\n#17 0x61467bd4048c <unknown>\n#18 0x77b34bb26ac3 <unknown>", "trace": "browser = <selenium.webdriver.remote.webdriver.WebDriver (session=\"fee98b127ca8d49fdf078f0c92abbde7\")>\nbase_url = 'http://10.0.2.15:8081'\n\n    @allure.title(\"Смена валюты\")\n    def test_change_currency(browser, base_url):\n        header = HeaderElement(browser)\n        HomePage(browser).open(base_url)\n        header.click_currency()\n>       header.select_euro()\n\ntest_start.py:142: \n_ _ _ _ _ _ _ _ _ _ _ _ _ _ _ _ _ _ _ _ _ _ _ _ _ _ _ _ _ _ _ _ _ _ _ _ _ _ _ _ \n../page_objects/header_element.py:20: in select_euro\n    self.get_element((By.XPATH, \"//*[text()='€ Euro']\")).click()\n../page_objects/base_page.py:30: in get_element\n    return WebDriverWait(self.browser, timeout).until(EC.visibility_of_element_located(locator))\n_ _ _ _ _ _ _ _ _ _ _ _ _ _ _ _ _ _ _ _ _ _ _ _ _ _ _ _ _ _ _ _ _ _ _ _ _ _ _ _ \n\nself = <selenium.webdriver.support.wait.WebDriverWait (session=\"fee98b127ca8d49fdf078f0c92abbde7\")>\nmethod = <function visibility_of_element_located.<locals>._predicate at 0x7d9d1c6577f0>\nmessage = ''\n\n    def until(self, method: Callable[[D], Union[Literal[False], T]], message: str = \"\") -> T:\n        \"\"\"Calls the method provided with the driver as an argument until the \\\n        return value does not evaluate to ``False``.\n    \n        :param method: callable(WebDriver)\n        :param message: optional message for :exc:`TimeoutException`\n        :returns: the result of the last call to `method`\n        :raises: :exc:`selenium.common.exceptions.TimeoutException` if timeout occurs\n        \"\"\"\n        screen = None\n        stacktrace = None\n    \n        end_time = time.monotonic() + self._timeout\n        while True:\n            try:\n                value = method(self._driver)\n                if value:\n                    return value\n            except self._ignored_exceptions as exc:\n                screen = getattr(exc, \"screen\", None)\n                stacktrace = getattr(exc, \"stacktrace\", None)\n            time.sleep(self._poll)\n            if time.monotonic() > end_time:\n                break\n>       raise TimeoutException(message, screen, stacktrace)\nE       selenium.common.exceptions.TimeoutException: Message: \nE       Stacktrace:\nE       #0 0x61467bd416ba <unknown>\nE       #1 0x61467ba11730 <unknown>\nE       #2 0x61467ba60d9b <unknown>\nE       #3 0x61467ba61081 <unknown>\nE       #4 0x61467baa4cd4 <unknown>\nE       #5 0x61467ba83a7d <unknown>\nE       #6 0x61467baa21ca <unknown>\nE       #7 0x61467ba837f3 <unknown>\nE       #8 0x61467ba53ec9 <unknown>\nE       #9 0x61467ba5491e <unknown>\nE       #10 0x61467bd079eb <unknown>\nE       #11 0x61467bd0b972 <unknown>\nE       #12 0x61467bcf4e15 <unknown>\nE       #13 0x61467bd0c502 <unknown>\nE       #14 0x61467bcd9d2f <unknown>\nE       #15 0x61467bd30578 <unknown>\nE       #16 0x61467bd30750 <unknown>\nE       #17 0x61467bd4048c <unknown>\nE       #18 0x77b34bb26ac3 <unknown>\n\n../../../../.local/lib/python3.10/site-packages/selenium/webdriver/support/wait.py:105: TimeoutException"}, "steps": [{"name": "Открываю http://10.0.2.15:8081", "status": "passed", "start": 1723800278167, "stop": 1723800280481}, {"name": "Кликаю на Валюты", "status": "passed", "start": 1723800280481, "stop": 1723800281985}, {"name": "Выбираю евро", "status": "broken", "statusDetails": {"message": "selenium.common.exceptions.TimeoutException: Message: \nStacktrace:\n#0 0x61467bd416ba <unknown>\n#1 0x61467ba11730 <unknown>\n#2 0x61467ba60d9b <unknown>\n#3 0x61467ba61081 <unknown>\n#4 0x61467baa4cd4 <unknown>\n#5 0x61467ba83a7d <unknown>\n#6 0x61467baa21ca <unknown>\n#7 0x61467ba837f3 <unknown>\n#8 0x61467ba53ec9 <unknown>\n#9 0x61467ba5491e <unknown>\n#10 0x61467bd079eb <unknown>\n#11 0x61467bd0b972 <unknown>\n#12 0x61467bcf4e15 <unknown>\n#13 0x61467bd0c502 <unknown>\n#14 0x61467bcd9d2f <unknown>\n#15 0x61467bd30578 <unknown>\n#16 0x61467bd30750 <unknown>\n#17 0x61467bd4048c <unknown>\n#18 0x77b34bb26ac3 <unknown>\n\n", "trace": "  File \"/home/fuenukkusu2501/.local/lib/python3.10/site-packages/allure_commons/_allure.py\", line 192, in impl\n    return func(*a, **kw)\n  File \"/home/fuenukkusu2501/Develop/tmp/OTUS_selenium_UI/page_objects/header_element.py\", line 20, in select_euro\n    self.get_element((By.XPATH, \"//*[text()='€ Euro']\")).click()\n  File \"/home/fuenukkusu2501/Develop/tmp/OTUS_selenium_UI/page_objects/base_page.py\", line 30, in get_element\n    return WebDriverWait(self.browser, timeout).until(EC.visibility_of_element_located(locator))\n  File \"/home/fuenukkusu2501/.local/lib/python3.10/site-packages/selenium/webdriver/support/wait.py\", line 105, in until\n    raise TimeoutException(message, screen, stacktrace)\n"}, "start": 1723800281985, "stop": 1723800285309}], "start": 1723800278148, "stop": 1723800285310, "uuid": "33e79204-cda7-4160-8982-e1c9b019dfe6", "historyId": "eec560047c31debe6d9187354a480974", "testCaseId": "eec560047c31debe6d9187354a480974", "fullName": "tests.test_start#test_change_currency", "labels": [{"name": "parentSuite", "value": "tests"}, {"name": "suite", "value": "test_start"}, {"name": "host", "value": "Ubuntu"}, {"name": "thread", "value": "21924-MainThread"}, {"name": "framework", "value": "pytest"}, {"name": "language", "value": "cpython3"}, {"name": "package", "value": "tests.test_start"}]}