{"name": "Наличие элементов", "status": "failed", "statusDetails": {"message": "AssertionError: assert 'Samsung Galaxy Tab 10.1' == 'Your Store'\n  \n  - Your Store\n  + Samsung Galaxy Tab 10.1", "trace": "browser = <selenium.webdriver.chrome.webdriver.WebDriver (session=\"1907b870c58696398909150a7cd1bda6\")>, base_url = 'http://10.0.2.15:8081'\n\n    @allure.title(\"Наличие элементов\")\n    def test_elements(browser, base_url):\n        browser.get(base_url)\n        time.sleep(15)\n>       assert browser.title == \"Your Store\"\nE       AssertionError: assert 'Samsung Galaxy Tab 10.1' == 'Your Store'\nE         \nE         - Your Store\nE         + Samsung Galaxy Tab 10.1\n\ntests/test_start.py:17: AssertionError"}, "start": 1723038831778, "stop": 1723038849424, "uuid": "f995750c-6a62-4a47-b96e-8b0065390f0c", "historyId": "1bec7b78e404943e29c95d0d988030ca", "testCaseId": "1bec7b78e404943e29c95d0d988030ca", "fullName": "tests.test_start#test_elements", "labels": [{"name": "parentSuite", "value": "tests"}, {"name": "suite", "value": "test_start"}, {"name": "host", "value": "Ubuntu"}, {"name": "thread", "value": "325969-MainThread"}, {"name": "framework", "value": "pytest"}, {"name": "language", "value": "cpython3"}, {"name": "package", "value": "tests.test_start"}]}