{"name": "Смена валюты", "status": "broken", "statusDetails": {"message": "selenium.common.exceptions.TimeoutException: Message: \nStacktrace:\n#0 0x62be664036ba <unknown>\n#1 0x62be660d3730 <unknown>\n#2 0x62be66122d9b <unknown>\n#3 0x62be66123081 <unknown>\n#4 0x62be66166cd4 <unknown>\n#5 0x62be66145a7d <unknown>\n#6 0x62be661641ca <unknown>\n#7 0x62be661457f3 <unknown>\n#8 0x62be66115ec9 <unknown>\n#9 0x62be6611691e <unknown>\n#10 0x62be663c99eb <unknown>\n#11 0x62be663cd972 <unknown>\n#12 0x62be663b6e15 <unknown>\n#13 0x62be663ce502 <unknown>\n#14 0x62be6639bd2f <unknown>\n#15 0x62be663f2578 <unknown>\n#16 0x62be663f2750 <unknown>\n#17 0x62be6640248c <unknown>\n#18 0x7637537f3ac3 <unknown>", "trace": "browser = <selenium.webdriver.remote.webdriver.WebDriver (session=\"601b235f14ad0af7f69166063740d3d6\")>, base_url = 'http://10.0.2.15:8081'\n\n    @allure.title(\"Смена валюты\")\n    def test_change_currency(browser, base_url):\n        header = HeaderElement(browser)\n        HomePage(browser).open(base_url)\n        header.click_currency()\n>       header.select_euro()\n\ntests/test_start.py:142: \n_ _ _ _ _ _ _ _ _ _ _ _ _ _ _ _ _ _ _ _ _ _ _ _ _ _ _ _ _ _ _ _ _ _ _ _ _ _ _ _ _ _ _ _ _ _ _ _ _ _ _ _ _ _ _ _ _ _ _ _ _ _ _ _ _ _ _ _ _ _ _ _ _ _ _ _ _ _ _ _ _ _ _ _ _ _ _ _ _ _ _ _ _ _ _ _ _ _ _ _ _ _ _ _ _ _ _ _ _ _\npage_objects/header_element.py:20: in select_euro\n    self.get_element((By.XPATH, \"//*[text()='€ Euro']\")).click()\npage_objects/base_page.py:30: in get_element\n    return WebDriverWait(self.browser, timeout).until(EC.visibility_of_element_located(locator))\n_ _ _ _ _ _ _ _ _ _ _ _ _ _ _ _ _ _ _ _ _ _ _ _ _ _ _ _ _ _ _ _ _ _ _ _ _ _ _ _ _ _ _ _ _ _ _ _ _ _ _ _ _ _ _ _ _ _ _ _ _ _ _ _ _ _ _ _ _ _ _ _ _ _ _ _ _ _ _ _ _ _ _ _ _ _ _ _ _ _ _ _ _ _ _ _ _ _ _ _ _ _ _ _ _ _ _ _ _ _\n\nself = <selenium.webdriver.support.wait.WebDriverWait (session=\"601b235f14ad0af7f69166063740d3d6\")>, method = <function visibility_of_element_located.<locals>._predicate at 0x7b75767ba9e0>, message = ''\n\n    def until(self, method: Callable[[D], Union[Literal[False], T]], message: str = \"\") -> T:\n        \"\"\"Calls the method provided with the driver as an argument until the \\\n        return value does not evaluate to ``False``.\n    \n        :param method: callable(WebDriver)\n        :param message: optional message for :exc:`TimeoutException`\n        :returns: the result of the last call to `method`\n        :raises: :exc:`selenium.common.exceptions.TimeoutException` if timeout occurs\n        \"\"\"\n        screen = None\n        stacktrace = None\n    \n        end_time = time.monotonic() + self._timeout\n        while True:\n            try:\n                value = method(self._driver)\n                if value:\n                    return value\n            except self._ignored_exceptions as exc:\n                screen = getattr(exc, \"screen\", None)\n                stacktrace = getattr(exc, \"stacktrace\", None)\n            time.sleep(self._poll)\n            if time.monotonic() > end_time:\n                break\n>       raise TimeoutException(message, screen, stacktrace)\nE       selenium.common.exceptions.TimeoutException: Message: \nE       Stacktrace:\nE       #0 0x62be664036ba <unknown>\nE       #1 0x62be660d3730 <unknown>\nE       #2 0x62be66122d9b <unknown>\nE       #3 0x62be66123081 <unknown>\nE       #4 0x62be66166cd4 <unknown>\nE       #5 0x62be66145a7d <unknown>\nE       #6 0x62be661641ca <unknown>\nE       #7 0x62be661457f3 <unknown>\nE       #8 0x62be66115ec9 <unknown>\nE       #9 0x62be6611691e <unknown>\nE       #10 0x62be663c99eb <unknown>\nE       #11 0x62be663cd972 <unknown>\nE       #12 0x62be663b6e15 <unknown>\nE       #13 0x62be663ce502 <unknown>\nE       #14 0x62be6639bd2f <unknown>\nE       #15 0x62be663f2578 <unknown>\nE       #16 0x62be663f2750 <unknown>\nE       #17 0x62be6640248c <unknown>\nE       #18 0x7637537f3ac3 <unknown>\n\n../../../.local/lib/python3.10/site-packages/selenium/webdriver/support/wait.py:105: TimeoutException"}, "steps": [{"name": "Открываю http://10.0.2.15:8081", "status": "passed", "start": 1723799995123, "stop": 1723800001677}, {"name": "Кликаю на Валюты", "status": "passed", "start": 1723800001677, "stop": 1723800006026}, {"name": "Выбираю евро", "status": "broken", "statusDetails": {"message": "selenium.common.exceptions.TimeoutException: Message: \nStacktrace:\n#0 0x62be664036ba <unknown>\n#1 0x62be660d3730 <unknown>\n#2 0x62be66122d9b <unknown>\n#3 0x62be66123081 <unknown>\n#4 0x62be66166cd4 <unknown>\n#5 0x62be66145a7d <unknown>\n#6 0x62be661641ca <unknown>\n#7 0x62be661457f3 <unknown>\n#8 0x62be66115ec9 <unknown>\n#9 0x62be6611691e <unknown>\n#10 0x62be663c99eb <unknown>\n#11 0x62be663cd972 <unknown>\n#12 0x62be663b6e15 <unknown>\n#13 0x62be663ce502 <unknown>\n#14 0x62be6639bd2f <unknown>\n#15 0x62be663f2578 <unknown>\n#16 0x62be663f2750 <unknown>\n#17 0x62be6640248c <unknown>\n#18 0x7637537f3ac3 <unknown>\n\n", "trace": "  File \"/home/fuenukkusu2501/.local/lib/python3.10/site-packages/allure_commons/_allure.py\", line 192, in impl\n    return func(*a, **kw)\n  File \"/home/fuenukkusu2501/Develop/tmp/OTUS_selenium_UI/page_objects/header_element.py\", line 20, in select_euro\n    self.get_element((By.XPATH, \"//*[text()='€ Euro']\")).click()\n  File \"/home/fuenukkusu2501/Develop/tmp/OTUS_selenium_UI/page_objects/base_page.py\", line 30, in get_element\n    return WebDriverWait(self.browser, timeout).until(EC.visibility_of_element_located(locator))\n  File \"/home/fuenukkusu2501/.local/lib/python3.10/site-packages/selenium/webdriver/support/wait.py\", line 105, in until\n    raise TimeoutException(message, screen, stacktrace)\n"}, "start": 1723800006026, "stop": 1723800009148}], "start": 1723799995110, "stop": 1723800009160, "uuid": "4666be92-25a8-4609-bac3-958c0cf198e3", "historyId": "eec560047c31debe6d9187354a480974", "testCaseId": "eec560047c31debe6d9187354a480974", "fullName": "tests.test_start#test_change_currency", "labels": [{"name": "parentSuite", "value": "tests"}, {"name": "suite", "value": "test_start"}, {"name": "host", "value": "Ubuntu"}, {"name": "thread", "value": "18396-MainThread"}, {"name": "framework", "value": "pytest"}, {"name": "language", "value": "cpython3"}, {"name": "package", "value": "tests.test_start"}]}