{"name": "Удалить товар", "status": "broken", "statusDetails": {"message": "selenium.common.exceptions.TimeoutException: Message: \nStacktrace:\n#0 0x5bdf85a7f6ba <unknown>\n#1 0x5bdf8574f730 <unknown>\n#2 0x5bdf8579ed9b <unknown>\n#3 0x5bdf8579f081 <unknown>\n#4 0x5bdf857e2cd4 <unknown>\n#5 0x5bdf857c1a7d <unknown>\n#6 0x5bdf857e01ca <unknown>\n#7 0x5bdf857c17f3 <unknown>\n#8 0x5bdf85791ec9 <unknown>\n#9 0x5bdf8579291e <unknown>\n#10 0x5bdf85a459eb <unknown>\n#11 0x5bdf85a49972 <unknown>\n#12 0x5bdf85a32e15 <unknown>\n#13 0x5bdf85a4a502 <unknown>\n#14 0x5bdf85a17d2f <unknown>\n#15 0x5bdf85a6e578 <unknown>\n#16 0x5bdf85a6e750 <unknown>\n#17 0x5bdf85a7e48c <unknown>\n#18 0x7470aae37ac3 <unknown>", "trace": "browser = <selenium.webdriver.remote.webdriver.WebDriver (session=\"7c5bdefa63312780889ffbce07c3dd37\")>, base_url = 'http://10.0.2.15:8081'\n\n    @allure.title(\"Удалить товар\")\n    def test_delete_product(browser, base_url):\n        admin_page = AdminPage(browser)\n        admin_page.open(base_url)\n        admin_page.login(\"user\", \"qwerty!123\")\n        admin_page.select_catalog()\n        admin_page.select_products()\n        HomePage(browser).scroll_down()\n>       admin_page.to_the_last_page()\n\ntests/test_start.py:128: \n_ _ _ _ _ _ _ _ _ _ _ _ _ _ _ _ _ _ _ _ _ _ _ _ _ _ _ _ _ _ _ _ _ _ _ _ _ _ _ _ _ _ _ _ _ _ _ _ _ _ _ _ _ _ _ _ _ _ _ _ _ _ _ _ _ _ _ _ _ _ _ _ _ _ _ _ _ _ _ _ _ _ _ _ _ _ _ _ _ _ _ _ _ _ _ _ _ _ _ _ _ _ _ _ _ _ _ _ _ _\npage_objects/admin_page.py:111: in to_the_last_page\n    self.get_element(self.LAST_PAGE).click()\npage_objects/base_page.py:35: in get_element\n    return WebDriverWait(self.browser, timeout).until(EC.visibility_of_element_located(locator))\n_ _ _ _ _ _ _ _ _ _ _ _ _ _ _ _ _ _ _ _ _ _ _ _ _ _ _ _ _ _ _ _ _ _ _ _ _ _ _ _ _ _ _ _ _ _ _ _ _ _ _ _ _ _ _ _ _ _ _ _ _ _ _ _ _ _ _ _ _ _ _ _ _ _ _ _ _ _ _ _ _ _ _ _ _ _ _ _ _ _ _ _ _ _ _ _ _ _ _ _ _ _ _ _ _ _ _ _ _ _\n\nself = <selenium.webdriver.support.wait.WebDriverWait (session=\"7c5bdefa63312780889ffbce07c3dd37\")>, method = <function visibility_of_element_located.<locals>._predicate at 0x7ae7b36d9bc0>, message = ''\n\n    def until(self, method: Callable[[D], Union[Literal[False], T]], message: str = \"\") -> T:\n        \"\"\"Calls the method provided with the driver as an argument until the \\\n        return value does not evaluate to ``False``.\n    \n        :param method: callable(WebDriver)\n        :param message: optional message for :exc:`TimeoutException`\n        :returns: the result of the last call to `method`\n        :raises: :exc:`selenium.common.exceptions.TimeoutException` if timeout occurs\n        \"\"\"\n        screen = None\n        stacktrace = None\n    \n        end_time = time.monotonic() + self._timeout\n        while True:\n            try:\n                value = method(self._driver)\n                if value:\n                    return value\n            except self._ignored_exceptions as exc:\n                screen = getattr(exc, \"screen\", None)\n                stacktrace = getattr(exc, \"stacktrace\", None)\n            time.sleep(self._poll)\n            if time.monotonic() > end_time:\n                break\n>       raise TimeoutException(message, screen, stacktrace)\nE       selenium.common.exceptions.TimeoutException: Message: \nE       Stacktrace:\nE       #0 0x5bdf85a7f6ba <unknown>\nE       #1 0x5bdf8574f730 <unknown>\nE       #2 0x5bdf8579ed9b <unknown>\nE       #3 0x5bdf8579f081 <unknown>\nE       #4 0x5bdf857e2cd4 <unknown>\nE       #5 0x5bdf857c1a7d <unknown>\nE       #6 0x5bdf857e01ca <unknown>\nE       #7 0x5bdf857c17f3 <unknown>\nE       #8 0x5bdf85791ec9 <unknown>\nE       #9 0x5bdf8579291e <unknown>\nE       #10 0x5bdf85a459eb <unknown>\nE       #11 0x5bdf85a49972 <unknown>\nE       #12 0x5bdf85a32e15 <unknown>\nE       #13 0x5bdf85a4a502 <unknown>\nE       #14 0x5bdf85a17d2f <unknown>\nE       #15 0x5bdf85a6e578 <unknown>\nE       #16 0x5bdf85a6e750 <unknown>\nE       #17 0x5bdf85a7e48c <unknown>\nE       #18 0x7470aae37ac3 <unknown>\n\nvenv/lib/python3.12/site-packages/selenium/webdriver/support/wait.py:105: TimeoutException"}, "steps": [{"name": "Открываю http://10.0.2.15:8081/administration", "status": "passed", "start": 1725641574029, "stop": 1725641575429}, {"name": "Авторизую пользователя", "status": "passed", "parameters": [{"name": "username", "value": "'user'"}, {"name": "password", "value": "'qwerty!123'"}], "start": 1725641575429, "stop": 1725641577350}, {"name": "Перехожу в меню Каталог", "status": "passed", "start": 1725641577351, "stop": 1725641579218}, {"name": "Выбираю товар", "status": "passed", "start": 1725641579218, "stop": 1725641581054}, {"name": "Скроллю страницу вниз", "status": "passed", "start": 1725641581054, "stop": 1725641581100}, {"name": "Перехожу на последнюю страницу", "status": "broken", "statusDetails": {"message": "selenium.common.exceptions.TimeoutException: Message: \nStacktrace:\n#0 0x5bdf85a7f6ba <unknown>\n#1 0x5bdf8574f730 <unknown>\n#2 0x5bdf8579ed9b <unknown>\n#3 0x5bdf8579f081 <unknown>\n#4 0x5bdf857e2cd4 <unknown>\n#5 0x5bdf857c1a7d <unknown>\n#6 0x5bdf857e01ca <unknown>\n#7 0x5bdf857c17f3 <unknown>\n#8 0x5bdf85791ec9 <unknown>\n#9 0x5bdf8579291e <unknown>\n#10 0x5bdf85a459eb <unknown>\n#11 0x5bdf85a49972 <unknown>\n#12 0x5bdf85a32e15 <unknown>\n#13 0x5bdf85a4a502 <unknown>\n#14 0x5bdf85a17d2f <unknown>\n#15 0x5bdf85a6e578 <unknown>\n#16 0x5bdf85a6e750 <unknown>\n#17 0x5bdf85a7e48c <unknown>\n#18 0x7470aae37ac3 <unknown>\n\n", "trace": "  File \"/home/fuenukkusu2501/PycharmProjects/OTUS_selenium_UI/venv/lib/python3.12/site-packages/allure_commons/_allure.py\", line 192, in impl\n    return func(*a, **kw)\n           ^^^^^^^^^^^^^^\n  File \"/home/fuenukkusu2501/PycharmProjects/OTUS_selenium_UI/page_objects/admin_page.py\", line 111, in to_the_last_page\n    self.get_element(self.LAST_PAGE).click()\n    ^^^^^^^^^^^^^^^^^^^^^^^^^^^^^^^^\n  File \"/home/fuenukkusu2501/PycharmProjects/OTUS_selenium_UI/page_objects/base_page.py\", line 35, in get_element\n    return WebDriverWait(self.browser, timeout).until(EC.visibility_of_element_located(locator))\n           ^^^^^^^^^^^^^^^^^^^^^^^^^^^^^^^^^^^^^^^^^^^^^^^^^^^^^^^^^^^^^^^^^^^^^^^^^^^^^^^^^^^^^\n  File \"/home/fuenukkusu2501/PycharmProjects/OTUS_selenium_UI/venv/lib/python3.12/site-packages/selenium/webdriver/support/wait.py\", line 105, in until\n    raise TimeoutException(message, screen, stacktrace)\n"}, "start": 1725641581100, "stop": 1725641584302}], "start": 1725641574029, "stop": 1725641584304, "uuid": "6cb8551e-e4b8-4708-a26c-3681dbe3b8aa", "historyId": "7d181faf2f27682f61cb2a0d2e84375e", "testCaseId": "7d181faf2f27682f61cb2a0d2e84375e", "fullName": "tests.test_start#test_delete_product", "labels": [{"name": "parentSuite", "value": "tests"}, {"name": "suite", "value": "test_start"}, {"name": "host", "value": "fuenukkusu2501-VirtualBox"}, {"name": "thread", "value": "72876-MainThread"}, {"name": "framework", "value": "pytest"}, {"name": "language", "value": "cpython3"}, {"name": "package", "value": "tests.test_start"}]}