{"name": "Добавление товара в корзину", "status": "broken", "statusDetails": {"message": "selenium.common.exceptions.TimeoutException: Message: \nStacktrace:\n#0 0x5e5b826ce6ba <unknown>\n#1 0x5e5b8239e730 <unknown>\n#2 0x5e5b823edd9b <unknown>\n#3 0x5e5b823ee081 <unknown>\n#4 0x5e5b82431cd4 <unknown>\n#5 0x5e5b82410a7d <unknown>\n#6 0x5e5b8242f1ca <unknown>\n#7 0x5e5b824107f3 <unknown>\n#8 0x5e5b823e0ec9 <unknown>\n#9 0x5e5b823e191e <unknown>\n#10 0x5e5b826949eb <unknown>\n#11 0x5e5b82698972 <unknown>\n#12 0x5e5b82681e15 <unknown>\n#13 0x5e5b82699502 <unknown>\n#14 0x5e5b82666d2f <unknown>\n#15 0x5e5b826bd578 <unknown>\n#16 0x5e5b826bd750 <unknown>\n#17 0x5e5b826cd48c <unknown>\n#18 0x7e841ac4dac3 <unknown>", "trace": "browser = <selenium.webdriver.remote.webdriver.WebDriver (session=\"6bcb9f7e6bc79726abe8573154377bc1\")>, base_url = 'http://10.0.2.15:8081'\n\n    @allure.title(\"Добавление товара в корзину\")\n    def test_add_to_cart(browser, base_url):\n        home_page = HomePage(browser)\n        home_page.open(base_url)\n        home_page.scroll_down()\n        home_page.add_product_to_cart()\n        product_name_listing = home_page.get_product_name_listing()\n        home_page.scroll_up()\n        home_page.click_cart_button()\n>       product_name_cart = home_page.get_product_name_cart()\n\ntests/test_start.py:65: \n_ _ _ _ _ _ _ _ _ _ _ _ _ _ _ _ _ _ _ _ _ _ _ _ _ _ _ _ _ _ _ _ _ _ _ _ _ _ _ _ _ _ _ _ _ _ _ _ _ _ _ _ _ _ _ _ _ _ _ _ _ _ _ _ _ _ _ _ _ _ _ _ _\npage_objects/home_page.py:35: in get_product_name_cart\n    name_product_cart = self.get_element((By.CSS_SELECTOR, \".text-start a\"))\npage_objects/base_page.py:30: in get_element\n    return WebDriverWait(self.browser, timeout).until(EC.visibility_of_element_located(locator))\n_ _ _ _ _ _ _ _ _ _ _ _ _ _ _ _ _ _ _ _ _ _ _ _ _ _ _ _ _ _ _ _ _ _ _ _ _ _ _ _ _ _ _ _ _ _ _ _ _ _ _ _ _ _ _ _ _ _ _ _ _ _ _ _ _ _ _ _ _ _ _ _ _\n\nself = <selenium.webdriver.support.wait.WebDriverWait (session=\"6bcb9f7e6bc79726abe8573154377bc1\")>\nmethod = <function visibility_of_element_located.<locals>._predicate at 0x78f6e28b4e50>, message = ''\n\n    def until(self, method: Callable[[D], Union[Literal[False], T]], message: str = \"\") -> T:\n        \"\"\"Calls the method provided with the driver as an argument until the \\\n        return value does not evaluate to ``False``.\n    \n        :param method: callable(WebDriver)\n        :param message: optional message for :exc:`TimeoutException`\n        :returns: the result of the last call to `method`\n        :raises: :exc:`selenium.common.exceptions.TimeoutException` if timeout occurs\n        \"\"\"\n        screen = None\n        stacktrace = None\n    \n        end_time = time.monotonic() + self._timeout\n        while True:\n            try:\n                value = method(self._driver)\n                if value:\n                    return value\n            except self._ignored_exceptions as exc:\n                screen = getattr(exc, \"screen\", None)\n                stacktrace = getattr(exc, \"stacktrace\", None)\n            time.sleep(self._poll)\n            if time.monotonic() > end_time:\n                break\n>       raise TimeoutException(message, screen, stacktrace)\nE       selenium.common.exceptions.TimeoutException: Message: \nE       Stacktrace:\nE       #0 0x5e5b826ce6ba <unknown>\nE       #1 0x5e5b8239e730 <unknown>\nE       #2 0x5e5b823edd9b <unknown>\nE       #3 0x5e5b823ee081 <unknown>\nE       #4 0x5e5b82431cd4 <unknown>\nE       #5 0x5e5b82410a7d <unknown>\nE       #6 0x5e5b8242f1ca <unknown>\nE       #7 0x5e5b824107f3 <unknown>\nE       #8 0x5e5b823e0ec9 <unknown>\nE       #9 0x5e5b823e191e <unknown>\nE       #10 0x5e5b826949eb <unknown>\nE       #11 0x5e5b82698972 <unknown>\nE       #12 0x5e5b82681e15 <unknown>\nE       #13 0x5e5b82699502 <unknown>\nE       #14 0x5e5b82666d2f <unknown>\nE       #15 0x5e5b826bd578 <unknown>\nE       #16 0x5e5b826bd750 <unknown>\nE       #17 0x5e5b826cd48c <unknown>\nE       #18 0x7e841ac4dac3 <unknown>\n\n../../../.local/lib/python3.10/site-packages/selenium/webdriver/support/wait.py:105: TimeoutException"}, "steps": [{"name": "Открываю http://10.0.2.15:8081", "status": "passed", "start": 1723998772881, "stop": 1723998776614}, {"name": "Скроллю страницу вниз", "status": "passed", "start": 1723998776614, "stop": 1723998777000}, {"name": "Добавляю товар в корзину", "status": "passed", "start": 1723998777003, "stop": 1723998781841}, {"name": "Получаю название товара в листинге", "status": "passed", "start": 1723998781842, "stop": 1723998785640}, {"name": "Скроллю страницу вверх", "status": "passed", "start": 1723998785643, "stop": 1723998786191}, {"name": "Нажимаю на корзину", "status": "passed", "start": 1723998786191, "stop": 1723998787608}, {"name": "Получаю название товара в корзине", "status": "broken", "statusDetails": {"message": "selenium.common.exceptions.TimeoutException: Message: \nStacktrace:\n#0 0x5e5b826ce6ba <unknown>\n#1 0x5e5b8239e730 <unknown>\n#2 0x5e5b823edd9b <unknown>\n#3 0x5e5b823ee081 <unknown>\n#4 0x5e5b82431cd4 <unknown>\n#5 0x5e5b82410a7d <unknown>\n#6 0x5e5b8242f1ca <unknown>\n#7 0x5e5b824107f3 <unknown>\n#8 0x5e5b823e0ec9 <unknown>\n#9 0x5e5b823e191e <unknown>\n#10 0x5e5b826949eb <unknown>\n#11 0x5e5b82698972 <unknown>\n#12 0x5e5b82681e15 <unknown>\n#13 0x5e5b82699502 <unknown>\n#14 0x5e5b82666d2f <unknown>\n#15 0x5e5b826bd578 <unknown>\n#16 0x5e5b826bd750 <unknown>\n#17 0x5e5b826cd48c <unknown>\n#18 0x7e841ac4dac3 <unknown>\n\n", "trace": "  File \"/home/fuenukkusu2501/.local/lib/python3.10/site-packages/allure_commons/_allure.py\", line 192, in impl\n    return func(*a, **kw)\n  File \"/home/fuenukkusu2501/Develop/tmp/OTUS_selenium_UI/page_objects/home_page.py\", line 35, in get_product_name_cart\n    name_product_cart = self.get_element((By.CSS_SELECTOR, \".text-start a\"))\n  File \"/home/fuenukkusu2501/Develop/tmp/OTUS_selenium_UI/page_objects/base_page.py\", line 30, in get_element\n    return WebDriverWait(self.browser, timeout).until(EC.visibility_of_element_located(locator))\n  File \"/home/fuenukkusu2501/.local/lib/python3.10/site-packages/selenium/webdriver/support/wait.py\", line 105, in until\n    raise TimeoutException(message, screen, stacktrace)\n"}, "start": 1723998787608, "stop": 1723998791230}], "start": 1723998772880, "stop": 1723998791230, "uuid": "b9c1620a-6503-49d9-adc6-d30b82173931", "historyId": "2987328dc021ab097458a9c10fd9e829", "testCaseId": "2987328dc021ab097458a9c10fd9e829", "fullName": "tests.test_start#test_add_to_cart", "labels": [{"name": "parentSuite", "value": "tests"}, {"name": "suite", "value": "test_start"}, {"name": "host", "value": "Ubuntu"}, {"name": "thread", "value": "79527-MainThread"}, {"name": "framework", "value": "pytest"}, {"name": "language", "value": "cpython3"}, {"name": "package", "value": "tests.test_start"}]}