{"name": "Удалить товар", "status": "broken", "statusDetails": {"message": "selenium.common.exceptions.TimeoutException: Message: \nStacktrace:\n#0 0x5b52a687c6ba <unknown>\n#1 0x5b52a654c730 <unknown>\n#2 0x5b52a659bd9b <unknown>\n#3 0x5b52a659c081 <unknown>\n#4 0x5b52a65dfcd4 <unknown>\n#5 0x5b52a65bea7d <unknown>\n#6 0x5b52a65dd1ca <unknown>\n#7 0x5b52a65be7f3 <unknown>\n#8 0x5b52a658eec9 <unknown>\n#9 0x5b52a658f91e <unknown>\n#10 0x5b52a68429eb <unknown>\n#11 0x5b52a6846972 <unknown>\n#12 0x5b52a682fe15 <unknown>\n#13 0x5b52a6847502 <unknown>\n#14 0x5b52a6814d2f <unknown>\n#15 0x5b52a686b578 <unknown>\n#16 0x5b52a686b750 <unknown>\n#17 0x5b52a687b48c <unknown>\n#18 0x75816979aac3 <unknown>", "trace": "browser = <selenium.webdriver.remote.webdriver.WebDriver (session=\"07fabc1abb66b39dee17dd2c4bbe5127\")>, base_url = 'http://10.0.2.15:8081'\n\n    @allure.title(\"Удалить товар\")\n    def test_delete_product(browser, base_url):\n        admin_page = AdminPage(browser)\n        admin_page.open(base_url)\n        admin_page.login(\"user\", \"qwerty!123\")\n        admin_page.select_catalog()\n        admin_page.select_products()\n        HomePage(browser).scroll_down()\n        admin_page.to_the_last_page()\n>       admin_page.select_last_product()\n\ntests/test_start.py:120: \n_ _ _ _ _ _ _ _ _ _ _ _ _ _ _ _ _ _ _ _ _ _ _ _ _ _ _ _ _ _ _ _ _ _ _ _ _ _ _ _ _ _ _ _ _ _ _ _ _ _ _ _ _ _ _ _ _ _ _ _ _ _ _ _ _ _ _ _ _ _ _ _ _ _ _ _ _ _ _ _ _ _ _ _ _ _ _ _ _ _ _ _ _ _ _ _ _ _ _ _ _ _ _ _ _ _ _ _ _ _\npage_objects/admin_page.py:115: in select_last_product\n    self.get_element(self.LAST_PRODUCT).click()\npage_objects/base_page.py:36: in get_element\n    return WebDriverWait(self.browser, timeout).until(EC.visibility_of_element_located(locator))\n_ _ _ _ _ _ _ _ _ _ _ _ _ _ _ _ _ _ _ _ _ _ _ _ _ _ _ _ _ _ _ _ _ _ _ _ _ _ _ _ _ _ _ _ _ _ _ _ _ _ _ _ _ _ _ _ _ _ _ _ _ _ _ _ _ _ _ _ _ _ _ _ _ _ _ _ _ _ _ _ _ _ _ _ _ _ _ _ _ _ _ _ _ _ _ _ _ _ _ _ _ _ _ _ _ _ _ _ _ _\n\nself = <selenium.webdriver.support.wait.WebDriverWait (session=\"07fabc1abb66b39dee17dd2c4bbe5127\")>, method = <function visibility_of_element_located.<locals>._predicate at 0x7acda6599ee0>, message = ''\n\n    def until(self, method: Callable[[D], Union[Literal[False], T]], message: str = \"\") -> T:\n        \"\"\"Calls the method provided with the driver as an argument until the \\\n        return value does not evaluate to ``False``.\n    \n        :param method: callable(WebDriver)\n        :param message: optional message for :exc:`TimeoutException`\n        :returns: the result of the last call to `method`\n        :raises: :exc:`selenium.common.exceptions.TimeoutException` if timeout occurs\n        \"\"\"\n        screen = None\n        stacktrace = None\n    \n        end_time = time.monotonic() + self._timeout\n        while True:\n            try:\n                value = method(self._driver)\n                if value:\n                    return value\n            except self._ignored_exceptions as exc:\n                screen = getattr(exc, \"screen\", None)\n                stacktrace = getattr(exc, \"stacktrace\", None)\n            time.sleep(self._poll)\n            if time.monotonic() > end_time:\n                break\n>       raise TimeoutException(message, screen, stacktrace)\nE       selenium.common.exceptions.TimeoutException: Message: \nE       Stacktrace:\nE       #0 0x5b52a687c6ba <unknown>\nE       #1 0x5b52a654c730 <unknown>\nE       #2 0x5b52a659bd9b <unknown>\nE       #3 0x5b52a659c081 <unknown>\nE       #4 0x5b52a65dfcd4 <unknown>\nE       #5 0x5b52a65bea7d <unknown>\nE       #6 0x5b52a65dd1ca <unknown>\nE       #7 0x5b52a65be7f3 <unknown>\nE       #8 0x5b52a658eec9 <unknown>\nE       #9 0x5b52a658f91e <unknown>\nE       #10 0x5b52a68429eb <unknown>\nE       #11 0x5b52a6846972 <unknown>\nE       #12 0x5b52a682fe15 <unknown>\nE       #13 0x5b52a6847502 <unknown>\nE       #14 0x5b52a6814d2f <unknown>\nE       #15 0x5b52a686b578 <unknown>\nE       #16 0x5b52a686b750 <unknown>\nE       #17 0x5b52a687b48c <unknown>\nE       #18 0x75816979aac3 <unknown>\n\nvenv/lib/python3.12/site-packages/selenium/webdriver/support/wait.py:105: TimeoutException"}, "steps": [{"name": "Открываю http://10.0.2.15:8081/administration", "status": "passed", "start": 1725290694247, "stop": 1725290695267}, {"name": "Авторизую пользователя", "status": "passed", "parameters": [{"name": "username", "value": "'user'"}, {"name": "password", "value": "'qwerty!123'"}], "start": 1725290695267, "stop": 1725290697794}, {"name": "Перехожу в меню Каталог", "status": "passed", "start": 1725290697794, "stop": 1725290699485}, {"name": "Выбираю товар", "status": "passed", "start": 1725290699485, "stop": 1725290700777}, {"name": "Скроллю страницу вниз", "status": "passed", "start": 1725290700780, "stop": 1725290700815}, {"name": "Перехожу на последнюю страницу", "status": "passed", "start": 1725290700815, "stop": 1725290701159}, {"name": "Выбираю последний товар в списке", "status": "broken", "statusDetails": {"message": "selenium.common.exceptions.TimeoutException: Message: \nStacktrace:\n#0 0x5b52a687c6ba <unknown>\n#1 0x5b52a654c730 <unknown>\n#2 0x5b52a659bd9b <unknown>\n#3 0x5b52a659c081 <unknown>\n#4 0x5b52a65dfcd4 <unknown>\n#5 0x5b52a65bea7d <unknown>\n#6 0x5b52a65dd1ca <unknown>\n#7 0x5b52a65be7f3 <unknown>\n#8 0x5b52a658eec9 <unknown>\n#9 0x5b52a658f91e <unknown>\n#10 0x5b52a68429eb <unknown>\n#11 0x5b52a6846972 <unknown>\n#12 0x5b52a682fe15 <unknown>\n#13 0x5b52a6847502 <unknown>\n#14 0x5b52a6814d2f <unknown>\n#15 0x5b52a686b578 <unknown>\n#16 0x5b52a686b750 <unknown>\n#17 0x5b52a687b48c <unknown>\n#18 0x75816979aac3 <unknown>\n\n", "trace": "  File \"/home/fuenukkusu2501/PycharmProjects/OTUS_selenium_UI/venv/lib/python3.12/site-packages/allure_commons/_allure.py\", line 192, in impl\n    return func(*a, **kw)\n           ^^^^^^^^^^^^^^\n  File \"/home/fuenukkusu2501/PycharmProjects/OTUS_selenium_UI/page_objects/admin_page.py\", line 115, in select_last_product\n    self.get_element(self.LAST_PRODUCT).click()\n    ^^^^^^^^^^^^^^^^^^^^^^^^^^^^^^^^^^^\n  File \"/home/fuenukkusu2501/PycharmProjects/OTUS_selenium_UI/page_objects/base_page.py\", line 36, in get_element\n    return WebDriverWait(self.browser, timeout).until(EC.visibility_of_element_located(locator))\n           ^^^^^^^^^^^^^^^^^^^^^^^^^^^^^^^^^^^^^^^^^^^^^^^^^^^^^^^^^^^^^^^^^^^^^^^^^^^^^^^^^^^^^\n  File \"/home/fuenukkusu2501/PycharmProjects/OTUS_selenium_UI/venv/lib/python3.12/site-packages/selenium/webdriver/support/wait.py\", line 105, in until\n    raise TimeoutException(message, screen, stacktrace)\n"}, "start": 1725290701159, "stop": 1725290704563}], "start": 1725290694247, "stop": 1725290704570, "uuid": "23c88465-7243-4fbc-9291-ae5f00a9948c", "historyId": "7d181faf2f27682f61cb2a0d2e84375e", "testCaseId": "7d181faf2f27682f61cb2a0d2e84375e", "fullName": "tests.test_start#test_delete_product", "labels": [{"name": "parentSuite", "value": "tests"}, {"name": "suite", "value": "test_start"}, {"name": "host", "value": "fuenukkusu2501-VirtualBox"}, {"name": "thread", "value": "210404-MainThread"}, {"name": "framework", "value": "pytest"}, {"name": "language", "value": "cpython3"}, {"name": "package", "value": "tests.test_start"}]}