{"name": "Создать товар", "status": "broken", "statusDetails": {"message": "selenium.common.exceptions.TimeoutException: Message: \nStacktrace:\n#0 0x62e89ebfa6ba <unknown>\n#1 0x62e89e8ca730 <unknown>\n#2 0x62e89e919d9b <unknown>\n#3 0x62e89e91a081 <unknown>\n#4 0x62e89e95dcd4 <unknown>\n#5 0x62e89e93ca7d <unknown>\n#6 0x62e89e95b1ca <unknown>\n#7 0x62e89e93c7f3 <unknown>\n#8 0x62e89e90cec9 <unknown>\n#9 0x62e89e90d91e <unknown>\n#10 0x62e89ebc09eb <unknown>\n#11 0x62e89ebc4972 <unknown>\n#12 0x62e89ebade15 <unknown>\n#13 0x62e89ebc5502 <unknown>\n#14 0x62e89eb92d2f <unknown>\n#15 0x62e89ebe9578 <unknown>\n#16 0x62e89ebe9750 <unknown>\n#17 0x62e89ebf948c <unknown>\n#18 0x7a7ae70b1ac3 <unknown>", "trace": "browser = <selenium.webdriver.remote.webdriver.WebDriver (session=\"15ed35f1c9e14737d7e3dc4e952daeda\")>, base_url = 'http://10.0.2.15:8081'\n\n    @allure.title(\"Создать товар\")\n    def test_add_product(browser, base_url):\n        admin_page = AdminPage(browser)\n        admin_page.open(base_url)\n        admin_page.login(\"user\", \"qwerty!123\")\n        admin_page.select_catalog()\n        admin_page.select_products()\n        admin_page.add_product()\n        admin_page.add_product_name(\"test item\")\n        admin_page.add_meta_tag(\"test\")\n        admin_page.select_data_tab()\n        admin_page.add_model(\"12345\")\n        admin_page.select_seo_tab()\n        admin_page.add_seo_name(\"12345\")\n        admin_page.save_product()\n>       admin_page.find_popup_success()\n\ntests/test_start.py:108: \n_ _ _ _ _ _ _ _ _ _ _ _ _ _ _ _ _ _ _ _ _ _ _ _ _ _ _ _ _ _ _ _ _ _ _ _ _ _ _ _ _ _ _ _ _ _ _ _ _ _ _ _ _ _ _ _ _ _ _ _ _ _ _ _ _ _ _ _ _ _ _ _ _ _ _ _ _ _ _ _ _ _ _ _ _ _ _ _ _ _ _ _ _ _ _ _ _ _ _ _ _ _ _ _ _ _ _ _ \npage_objects/admin_page.py:120: in find_popup_success\n    self.get_element(self.POPUP_SUCCESS)\npage_objects/base_page.py:35: in get_element\n    return WebDriverWait(self.browser, timeout).until(EC.visibility_of_element_located(locator))\n_ _ _ _ _ _ _ _ _ _ _ _ _ _ _ _ _ _ _ _ _ _ _ _ _ _ _ _ _ _ _ _ _ _ _ _ _ _ _ _ _ _ _ _ _ _ _ _ _ _ _ _ _ _ _ _ _ _ _ _ _ _ _ _ _ _ _ _ _ _ _ _ _ _ _ _ _ _ _ _ _ _ _ _ _ _ _ _ _ _ _ _ _ _ _ _ _ _ _ _ _ _ _ _ _ _ _ _ \n\nself = <selenium.webdriver.support.wait.WebDriverWait (session=\"15ed35f1c9e14737d7e3dc4e952daeda\")>, method = <function visibility_of_element_located.<locals>._predicate at 0x767a7356aac0>, message = ''\n\n    def until(self, method: Callable[[D], Union[Literal[False], T]], message: str = \"\") -> T:\n        \"\"\"Calls the method provided with the driver as an argument until the \\\n        return value does not evaluate to ``False``.\n    \n        :param method: callable(WebDriver)\n        :param message: optional message for :exc:`TimeoutException`\n        :returns: the result of the last call to `method`\n        :raises: :exc:`selenium.common.exceptions.TimeoutException` if timeout occurs\n        \"\"\"\n        screen = None\n        stacktrace = None\n    \n        end_time = time.monotonic() + self._timeout\n        while True:\n            try:\n                value = method(self._driver)\n                if value:\n                    return value\n            except self._ignored_exceptions as exc:\n                screen = getattr(exc, \"screen\", None)\n                stacktrace = getattr(exc, \"stacktrace\", None)\n            time.sleep(self._poll)\n            if time.monotonic() > end_time:\n                break\n>       raise TimeoutException(message, screen, stacktrace)\nE       selenium.common.exceptions.TimeoutException: Message: \nE       Stacktrace:\nE       #0 0x62e89ebfa6ba <unknown>\nE       #1 0x62e89e8ca730 <unknown>\nE       #2 0x62e89e919d9b <unknown>\nE       #3 0x62e89e91a081 <unknown>\nE       #4 0x62e89e95dcd4 <unknown>\nE       #5 0x62e89e93ca7d <unknown>\nE       #6 0x62e89e95b1ca <unknown>\nE       #7 0x62e89e93c7f3 <unknown>\nE       #8 0x62e89e90cec9 <unknown>\nE       #9 0x62e89e90d91e <unknown>\nE       #10 0x62e89ebc09eb <unknown>\nE       #11 0x62e89ebc4972 <unknown>\nE       #12 0x62e89ebade15 <unknown>\nE       #13 0x62e89ebc5502 <unknown>\nE       #14 0x62e89eb92d2f <unknown>\nE       #15 0x62e89ebe9578 <unknown>\nE       #16 0x62e89ebe9750 <unknown>\nE       #17 0x62e89ebf948c <unknown>\nE       #18 0x7a7ae70b1ac3 <unknown>\n\nvenv/lib/python3.12/site-packages/selenium/webdriver/support/wait.py:105: TimeoutException"}, "steps": [{"name": "Открываю http://10.0.2.15:8081/administration", "status": "passed", "start": 1724695808267, "stop": 1724695809993}, {"name": "Авторизую пользователя", "status": "passed", "parameters": [{"name": "username", "value": "'user'"}, {"name": "password", "value": "'qwerty!123'"}], "start": 1724695809993, "stop": 1724695812280}, {"name": "Перехожу в меню Каталог", "status": "passed", "start": 1724695812280, "stop": 1724695814496}, {"name": "Выбираю товар", "status": "passed", "start": 1724695814497, "stop": 1724695815837}, {"name": "Добавляю товар в корзину", "status": "passed", "start": 1724695815837, "stop": 1724695817378}, {"name": "Получаю имя товара", "status": "passed", "parameters": [{"name": "text", "value": "'test item'"}], "start": 1724695817378, "stop": 1724695819188}, {"name": "Прописываю meta_tag", "status": "passed", "parameters": [{"name": "text", "value": "'test'"}], "start": 1724695819188, "stop": 1724695820847}, {"name": "Выбираю вкладку data", "status": "passed", "start": 1724695820847, "stop": 1724695820967}, {"name": "Прописываю артикул", "status": "passed", "parameters": [{"name": "text", "value": "'12345'"}], "start": 1724695820968, "stop": 1724695821771}, {"name": "Выбираю вкладку SEO", "status": "passed", "start": 1724695821771, "stop": 1724695821893}, {"name": "Прописываю имя SEO", "status": "passed", "parameters": [{"name": "text", "value": "'12345'"}], "start": 1724695821893, "stop": 1724695822895}, {"name": "Сохраняю товар", "status": "passed", "start": 1724695822896, "stop": 1724695823028}, {"name": "Ищу поп-ап", "status": "broken", "statusDetails": {"message": "selenium.common.exceptions.TimeoutException: Message: \nStacktrace:\n#0 0x62e89ebfa6ba <unknown>\n#1 0x62e89e8ca730 <unknown>\n#2 0x62e89e919d9b <unknown>\n#3 0x62e89e91a081 <unknown>\n#4 0x62e89e95dcd4 <unknown>\n#5 0x62e89e93ca7d <unknown>\n#6 0x62e89e95b1ca <unknown>\n#7 0x62e89e93c7f3 <unknown>\n#8 0x62e89e90cec9 <unknown>\n#9 0x62e89e90d91e <unknown>\n#10 0x62e89ebc09eb <unknown>\n#11 0x62e89ebc4972 <unknown>\n#12 0x62e89ebade15 <unknown>\n#13 0x62e89ebc5502 <unknown>\n#14 0x62e89eb92d2f <unknown>\n#15 0x62e89ebe9578 <unknown>\n#16 0x62e89ebe9750 <unknown>\n#17 0x62e89ebf948c <unknown>\n#18 0x7a7ae70b1ac3 <unknown>\n\n", "trace": "  File \"/home/fuenukkusu2501/PycharmProjects/OTUS_selenium_UI/venv/lib/python3.12/site-packages/allure_commons/_allure.py\", line 192, in impl\n    return func(*a, **kw)\n           ^^^^^^^^^^^^^^\n  File \"/home/fuenukkusu2501/PycharmProjects/OTUS_selenium_UI/page_objects/admin_page.py\", line 120, in find_popup_success\n    self.get_element(self.POPUP_SUCCESS)\n  File \"/home/fuenukkusu2501/PycharmProjects/OTUS_selenium_UI/page_objects/base_page.py\", line 35, in get_element\n    return WebDriverWait(self.browser, timeout).until(EC.visibility_of_element_located(locator))\n           ^^^^^^^^^^^^^^^^^^^^^^^^^^^^^^^^^^^^^^^^^^^^^^^^^^^^^^^^^^^^^^^^^^^^^^^^^^^^^^^^^^^^^\n  File \"/home/fuenukkusu2501/PycharmProjects/OTUS_selenium_UI/venv/lib/python3.12/site-packages/selenium/webdriver/support/wait.py\", line 105, in until\n    raise TimeoutException(message, screen, stacktrace)\n"}, "start": 1724695823028, "stop": 1724695828152}], "start": 1724695808267, "stop": 1724695828155, "uuid": "5ea07f54-d1c3-4685-9647-c140ab0e7eb1", "historyId": "605f1327e44636668481b9c4c06efda9", "testCaseId": "605f1327e44636668481b9c4c06efda9", "fullName": "tests.test_start#test_add_product", "labels": [{"name": "parentSuite", "value": "tests"}, {"name": "suite", "value": "test_start"}, {"name": "host", "value": "fuenukkusu2501-VirtualBox"}, {"name": "thread", "value": "187538-MainThread"}, {"name": "framework", "value": "pytest"}, {"name": "language", "value": "cpython3"}, {"name": "package", "value": "tests.test_start"}]}