{"name": "Создать товар", "status": "broken", "statusDetails": {"message": "selenium.common.exceptions.TimeoutException: Message: \nStacktrace:\n#0 0x603c8592d6ca <unknown>\n#1 0x603c855fe600 <unknown>\n#2 0x603c8564dbcb <unknown>\n#3 0x603c8564deb1 <unknown>\n#4 0x603c85691b24 <unknown>\n#5 0x603c856708cd <unknown>\n#6 0x603c8568f04a <unknown>\n#7 0x603c85670643 <unknown>\n#8 0x603c85640d31 <unknown>\n#9 0x603c8564179e <unknown>\n#10 0x603c858f525b <unknown>\n#11 0x603c858f91f2 <unknown>\n#12 0x603c858e2615 <unknown>\n#13 0x603c858f9d82 <unknown>\n#14 0x603c858c725f <unknown>\n#15 0x603c8591ce68 <unknown>\n#16 0x603c8591d040 <unknown>\n#17 0x603c8592c49c <unknown>\n#18 0x7a7ae6e9ca94 <unknown>\n#19 0x7a7ae6f29c3c <unknown>", "trace": "browser = <selenium.webdriver.chrome.webdriver.WebDriver (session=\"ad8cc4b4b405b171decc9450436895ed\")>, base_url = 'http://10.0.2.15:8081'\n\n    @allure.title(\"Создать товар\")\n    def test_add_product(browser, base_url):\n        admin_page = AdminPage(browser)\n        admin_page.open(base_url)\n        admin_page.login(\"user\", \"bitnami\")\n>       admin_page.select_catalog()\n\ntests/test_start.py:98: \n_ _ _ _ _ _ _ _ _ _ _ _ _ _ _ _ _ _ _ _ _ _ _ _ _ _ _ _ _ _ _ _ _ _ _ _ _ _ _ _ _ _ _ _ _ _ _ _ _ _ _ _ _ _ _ _ _ _ _ _ _ _ _ _ _ _ _ _ _ _ _ _ _ _ _ _ _ _ _ _ _ \npage_objects/admin_page.py:65: in select_catalog\n    self.get_element(self.CATALOG_BUTTON).click()\npage_objects/base_page.py:30: in get_element\n    return WebDriverWait(self.browser, timeout).until(EC.visibility_of_element_located(locator))\n_ _ _ _ _ _ _ _ _ _ _ _ _ _ _ _ _ _ _ _ _ _ _ _ _ _ _ _ _ _ _ _ _ _ _ _ _ _ _ _ _ _ _ _ _ _ _ _ _ _ _ _ _ _ _ _ _ _ _ _ _ _ _ _ _ _ _ _ _ _ _ _ _ _ _ _ _ _ _ _ _ \n\nself = <selenium.webdriver.support.wait.WebDriverWait (session=\"ad8cc4b4b405b171decc9450436895ed\")>\nmethod = <function visibility_of_element_located.<locals>._predicate at 0x7e30a41ee700>, message = ''\n\n    def until(self, method: Callable[[D], Union[Literal[False], T]], message: str = \"\") -> T:\n        \"\"\"Calls the method provided with the driver as an argument until the \\\n        return value does not evaluate to ``False``.\n    \n        :param method: callable(WebDriver)\n        :param message: optional message for :exc:`TimeoutException`\n        :returns: the result of the last call to `method`\n        :raises: :exc:`selenium.common.exceptions.TimeoutException` if timeout occurs\n        \"\"\"\n        screen = None\n        stacktrace = None\n    \n        end_time = time.monotonic() + self._timeout\n        while True:\n            try:\n                value = method(self._driver)\n                if value:\n                    return value\n            except self._ignored_exceptions as exc:\n                screen = getattr(exc, \"screen\", None)\n                stacktrace = getattr(exc, \"stacktrace\", None)\n            time.sleep(self._poll)\n            if time.monotonic() > end_time:\n                break\n>       raise TimeoutException(message, screen, stacktrace)\nE       selenium.common.exceptions.TimeoutException: Message: \nE       Stacktrace:\nE       #0 0x603c8592d6ca <unknown>\nE       #1 0x603c855fe600 <unknown>\nE       #2 0x603c8564dbcb <unknown>\nE       #3 0x603c8564deb1 <unknown>\nE       #4 0x603c85691b24 <unknown>\nE       #5 0x603c856708cd <unknown>\nE       #6 0x603c8568f04a <unknown>\nE       #7 0x603c85670643 <unknown>\nE       #8 0x603c85640d31 <unknown>\nE       #9 0x603c8564179e <unknown>\nE       #10 0x603c858f525b <unknown>\nE       #11 0x603c858f91f2 <unknown>\nE       #12 0x603c858e2615 <unknown>\nE       #13 0x603c858f9d82 <unknown>\nE       #14 0x603c858c725f <unknown>\nE       #15 0x603c8591ce68 <unknown>\nE       #16 0x603c8591d040 <unknown>\nE       #17 0x603c8592c49c <unknown>\nE       #18 0x7a7ae6e9ca94 <unknown>\nE       #19 0x7a7ae6f29c3c <unknown>\n\nvenv/lib/python3.12/site-packages/selenium/webdriver/support/wait.py:105: TimeoutException"}, "steps": [{"name": "Открываю http://10.0.2.15:8081/administration", "status": "passed", "start": 1724166851028, "stop": 1724166853346}, {"name": "Авторизую пользователя", "status": "passed", "parameters": [{"name": "username", "value": "'user'"}, {"name": "password", "value": "'bitnami'"}], "start": 1724166853346, "stop": 1724166856273}, {"name": "Перехожу в меню Каталог", "status": "broken", "statusDetails": {"message": "selenium.common.exceptions.TimeoutException: Message: \nStacktrace:\n#0 0x603c8592d6ca <unknown>\n#1 0x603c855fe600 <unknown>\n#2 0x603c8564dbcb <unknown>\n#3 0x603c8564deb1 <unknown>\n#4 0x603c85691b24 <unknown>\n#5 0x603c856708cd <unknown>\n#6 0x603c8568f04a <unknown>\n#7 0x603c85670643 <unknown>\n#8 0x603c85640d31 <unknown>\n#9 0x603c8564179e <unknown>\n#10 0x603c858f525b <unknown>\n#11 0x603c858f91f2 <unknown>\n#12 0x603c858e2615 <unknown>\n#13 0x603c858f9d82 <unknown>\n#14 0x603c858c725f <unknown>\n#15 0x603c8591ce68 <unknown>\n#16 0x603c8591d040 <unknown>\n#17 0x603c8592c49c <unknown>\n#18 0x7a7ae6e9ca94 <unknown>\n#19 0x7a7ae6f29c3c <unknown>\n\n", "trace": "  File \"/home/fuenukkusu2501/PycharmProjects/OTUS_selenium_UI/venv/lib/python3.12/site-packages/allure_commons/_allure.py\", line 192, in impl\n    return func(*a, **kw)\n           ^^^^^^^^^^^^^^\n  File \"/home/fuenukkusu2501/PycharmProjects/OTUS_selenium_UI/page_objects/admin_page.py\", line 65, in select_catalog\n    self.get_element(self.CATALOG_BUTTON).click()\n    ^^^^^^^^^^^^^^^^^^^^^^^^^^^^^^^^^^^^^\n  File \"/home/fuenukkusu2501/PycharmProjects/OTUS_selenium_UI/page_objects/base_page.py\", line 30, in get_element\n    return WebDriverWait(self.browser, timeout).until(EC.visibility_of_element_located(locator))\n           ^^^^^^^^^^^^^^^^^^^^^^^^^^^^^^^^^^^^^^^^^^^^^^^^^^^^^^^^^^^^^^^^^^^^^^^^^^^^^^^^^^^^^\n  File \"/home/fuenukkusu2501/PycharmProjects/OTUS_selenium_UI/venv/lib/python3.12/site-packages/selenium/webdriver/support/wait.py\", line 105, in until\n    raise TimeoutException(message, screen, stacktrace)\n"}, "start": 1724166856273, "stop": 1724166861418}], "start": 1724166851028, "stop": 1724166861423, "uuid": "5568a756-7f8a-471b-9324-a603ddff1401", "historyId": "605f1327e44636668481b9c4c06efda9", "testCaseId": "605f1327e44636668481b9c4c06efda9", "fullName": "tests.test_start#test_add_product", "labels": [{"name": "parentSuite", "value": "tests"}, {"name": "suite", "value": "test_start"}, {"name": "host", "value": "fuenukkusu2501-VirtualBox"}, {"name": "thread", "value": "15266-MainThread"}, {"name": "framework", "value": "pytest"}, {"name": "language", "value": "cpython3"}, {"name": "package", "value": "tests.test_start"}]}