{"name": "Авторизация (админка)", "status": "broken", "statusDetails": {"message": "selenium.common.exceptions.TimeoutException: Message: \nStacktrace:\n#0 0x60f20c5bc6ba <unknown>\n#1 0x60f20c28c730 <unknown>\n#2 0x60f20c2dbd9b <unknown>\n#3 0x60f20c2dc081 <unknown>\n#4 0x60f20c31fcd4 <unknown>\n#5 0x60f20c2fea7d <unknown>\n#6 0x60f20c31d1ca <unknown>\n#7 0x60f20c2fe7f3 <unknown>\n#8 0x60f20c2ceec9 <unknown>\n#9 0x60f20c2cf91e <unknown>\n#10 0x60f20c5829eb <unknown>\n#11 0x60f20c586972 <unknown>\n#12 0x60f20c56fe15 <unknown>\n#13 0x60f20c587502 <unknown>\n#14 0x60f20c554d2f <unknown>\n#15 0x60f20c5ab578 <unknown>\n#16 0x60f20c5ab750 <unknown>\n#17 0x60f20c5bb48c <unknown>\n#18 0x77f240d7aac3 <unknown>", "trace": "browser = <selenium.webdriver.remote.webdriver.WebDriver (session=\"4e8178a8be36c31724e37e420f7e8d1e\")>, base_url = 'http://10.0.2.15:8081'\n\n    @allure.title(\"Авторизация (админка)\")\n    def test_admin_login(browser, base_url):\n        admin_page = AdminPage(browser)\n        admin_page.open(base_url)\n        admin_page.login(\"user\", \"bitnami\")\n>       assert admin_page.title_username() == \"user\"\n\ntests/test_start.py:51: \n_ _ _ _ _ _ _ _ _ _ _ _ _ _ _ _ _ _ _ _ _ _ _ _ _ _ _ _ _ _ _ _ _ _ _ _ _ _ _ _ _ _ _ _ _ _ _ _ _ _ _ _ _ _ _ _ _ _ _ _ _ _ _ _ _ _ _ _ _ _ _ _ _ _ _ _ _ _ _ _ _ _ _ _ _ _ _ _ _ _ _ _ _ _ _ _ _ _ _ _ _ _ _ _ _ _ _ _ _ _\npage_objects/admin_page.py:53: in title_username\n    self.get_element((By.CSS_SELECTOR, \".rounded-circle\"))\npage_objects/base_page.py:30: in get_element\n    return WebDriverWait(self.browser, timeout).until(EC.visibility_of_element_located(locator))\n_ _ _ _ _ _ _ _ _ _ _ _ _ _ _ _ _ _ _ _ _ _ _ _ _ _ _ _ _ _ _ _ _ _ _ _ _ _ _ _ _ _ _ _ _ _ _ _ _ _ _ _ _ _ _ _ _ _ _ _ _ _ _ _ _ _ _ _ _ _ _ _ _ _ _ _ _ _ _ _ _ _ _ _ _ _ _ _ _ _ _ _ _ _ _ _ _ _ _ _ _ _ _ _ _ _ _ _ _ _\n\nself = <selenium.webdriver.support.wait.WebDriverWait (session=\"4e8178a8be36c31724e37e420f7e8d1e\")>, method = <function visibility_of_element_located.<locals>._predicate at 0x72efd6ba5480>, message = ''\n\n    def until(self, method: Callable[[D], Union[Literal[False], T]], message: str = \"\") -> T:\n        \"\"\"Calls the method provided with the driver as an argument until the \\\n        return value does not evaluate to ``False``.\n    \n        :param method: callable(WebDriver)\n        :param message: optional message for :exc:`TimeoutException`\n        :returns: the result of the last call to `method`\n        :raises: :exc:`selenium.common.exceptions.TimeoutException` if timeout occurs\n        \"\"\"\n        screen = None\n        stacktrace = None\n    \n        end_time = time.monotonic() + self._timeout\n        while True:\n            try:\n                value = method(self._driver)\n                if value:\n                    return value\n            except self._ignored_exceptions as exc:\n                screen = getattr(exc, \"screen\", None)\n                stacktrace = getattr(exc, \"stacktrace\", None)\n            time.sleep(self._poll)\n            if time.monotonic() > end_time:\n                break\n>       raise TimeoutException(message, screen, stacktrace)\nE       selenium.common.exceptions.TimeoutException: Message: \nE       Stacktrace:\nE       #0 0x60f20c5bc6ba <unknown>\nE       #1 0x60f20c28c730 <unknown>\nE       #2 0x60f20c2dbd9b <unknown>\nE       #3 0x60f20c2dc081 <unknown>\nE       #4 0x60f20c31fcd4 <unknown>\nE       #5 0x60f20c2fea7d <unknown>\nE       #6 0x60f20c31d1ca <unknown>\nE       #7 0x60f20c2fe7f3 <unknown>\nE       #8 0x60f20c2ceec9 <unknown>\nE       #9 0x60f20c2cf91e <unknown>\nE       #10 0x60f20c5829eb <unknown>\nE       #11 0x60f20c586972 <unknown>\nE       #12 0x60f20c56fe15 <unknown>\nE       #13 0x60f20c587502 <unknown>\nE       #14 0x60f20c554d2f <unknown>\nE       #15 0x60f20c5ab578 <unknown>\nE       #16 0x60f20c5ab750 <unknown>\nE       #17 0x60f20c5bb48c <unknown>\nE       #18 0x77f240d7aac3 <unknown>\n\n../../../.local/lib/python3.10/site-packages/selenium/webdriver/support/wait.py:105: TimeoutException"}, "steps": [{"name": "Открываю http://10.0.2.15:8081/administration", "status": "passed", "start": 1723799666941, "stop": 1723799667977}, {"name": "Авторизую пользователя", "status": "passed", "parameters": [{"name": "username", "value": "'user'"}, {"name": "password", "value": "'bitnami'"}], "start": 1723799667978, "stop": 1723799670279}, {"name": "Получаю имя пользователя", "status": "broken", "statusDetails": {"message": "selenium.common.exceptions.TimeoutException: Message: \nStacktrace:\n#0 0x60f20c5bc6ba <unknown>\n#1 0x60f20c28c730 <unknown>\n#2 0x60f20c2dbd9b <unknown>\n#3 0x60f20c2dc081 <unknown>\n#4 0x60f20c31fcd4 <unknown>\n#5 0x60f20c2fea7d <unknown>\n#6 0x60f20c31d1ca <unknown>\n#7 0x60f20c2fe7f3 <unknown>\n#8 0x60f20c2ceec9 <unknown>\n#9 0x60f20c2cf91e <unknown>\n#10 0x60f20c5829eb <unknown>\n#11 0x60f20c586972 <unknown>\n#12 0x60f20c56fe15 <unknown>\n#13 0x60f20c587502 <unknown>\n#14 0x60f20c554d2f <unknown>\n#15 0x60f20c5ab578 <unknown>\n#16 0x60f20c5ab750 <unknown>\n#17 0x60f20c5bb48c <unknown>\n#18 0x77f240d7aac3 <unknown>\n\n", "trace": "  File \"/home/fuenukkusu2501/.local/lib/python3.10/site-packages/allure_commons/_allure.py\", line 192, in impl\n    return func(*a, **kw)\n  File \"/home/fuenukkusu2501/Develop/tmp/OTUS_selenium_UI/page_objects/admin_page.py\", line 53, in title_username\n    self.get_element((By.CSS_SELECTOR, \".rounded-circle\"))\n  File \"/home/fuenukkusu2501/Develop/tmp/OTUS_selenium_UI/page_objects/base_page.py\", line 30, in get_element\n    return WebDriverWait(self.browser, timeout).until(EC.visibility_of_element_located(locator))\n  File \"/home/fuenukkusu2501/.local/lib/python3.10/site-packages/selenium/webdriver/support/wait.py\", line 105, in until\n    raise TimeoutException(message, screen, stacktrace)\n"}, "start": 1723799670279, "stop": 1723799673473}], "start": 1723799666941, "stop": 1723799673486, "uuid": "e3826103-7eff-4287-a59c-0ad1c2c01118", "historyId": "b25d339a38b605469f6d5d3aad2aaf0c", "testCaseId": "b25d339a38b605469f6d5d3aad2aaf0c", "fullName": "tests.test_start#test_admin_login", "labels": [{"name": "parentSuite", "value": "tests"}, {"name": "suite", "value": "test_start"}, {"name": "host", "value": "Ubuntu"}, {"name": "thread", "value": "15086-MainThread"}, {"name": "framework", "value": "pytest"}, {"name": "language", "value": "cpython3"}, {"name": "package", "value": "tests.test_start"}]}