{"name": "Создать товар", "status": "broken", "statusDetails": {"message": "selenium.common.exceptions.TimeoutException: Message: \nStacktrace:\n#0 0x6076dd61c6ba <unknown>\n#1 0x6076dd2ec730 <unknown>\n#2 0x6076dd33bd9b <unknown>\n#3 0x6076dd33c081 <unknown>\n#4 0x6076dd37fcd4 <unknown>\n#5 0x6076dd35ea7d <unknown>\n#6 0x6076dd37d1ca <unknown>\n#7 0x6076dd35e7f3 <unknown>\n#8 0x6076dd32eec9 <unknown>\n#9 0x6076dd32f91e <unknown>\n#10 0x6076dd5e29eb <unknown>\n#11 0x6076dd5e6972 <unknown>\n#12 0x6076dd5cfe15 <unknown>\n#13 0x6076dd5e7502 <unknown>\n#14 0x6076dd5b4d2f <unknown>\n#15 0x6076dd60b578 <unknown>\n#16 0x6076dd60b750 <unknown>\n#17 0x6076dd61b48c <unknown>\n#18 0x7edc77b52ac3 <unknown>", "trace": "browser = <selenium.webdriver.remote.webdriver.WebDriver (session=\"300311ebf863f4f27701fe7dd85f4108\")>, base_url = 'http://10.0.2.15:8081'\n\n    @allure.title(\"Создать товар\")\n    def test_add_product(browser, base_url):\n        admin_page = AdminPage(browser)\n        admin_page.open(base_url)\n        admin_page.login(\"user\", \"bitnami\")\n        admin_page.select_catalog()\n        admin_page.select_products()\n        admin_page.add_product()\n        admin_page.add_product_name(\"test item\")\n        admin_page.add_meta_tag(\"test\")\n        admin_page.select_data_tab()\n        admin_page.add_model(\"12345\")\n        admin_page.select_seo_tab()\n        admin_page.add_seo_name(\"12345\")\n        admin_page.save_product()\n>       admin_page.find_popup_success()\n\ntests/test_start.py:108: \n_ _ _ _ _ _ _ _ _ _ _ _ _ _ _ _ _ _ _ _ _ _ _ _ _ _ _ _ _ _ _ _ _ _ _ _ _ _ _ _ _ _ _ _ _ _ _ _ _ _ _ _ _ _ _ _ _ _ _ _ _ _ _ _ _ _ _ _ _ _ _ _ _ _ _ _ _ _ _ _ _ _ _ _ _ _ _ _ _ _ _ _ _ _ _ _ _ _ _ _ _ _ _ _ _ _ _ _ _ _ _ _ _ _ _ _ _ _ _ _ _ _ _ _ _ _ _ _ _ _ _ _ _ _ _ _ _ _ _ _ _ _ _ _ _ _ _ _ _ _ _ _ _ _ _ _ _ _ _ _ _ _ _ _ _ _ _ _ _ _ _ _ _ _ _ _ _ _ _ _ _ _ _ _ _ _ _ _ _ _ _ _ _ _ _ _ _ _ _ _ _ _ _ _ _\npage_objects/admin_page.py:119: in find_popup_success\n    self.get_element(self.POPUP_SUCCESS)\npage_objects/base_page.py:30: in get_element\n    return WebDriverWait(self.browser, timeout).until(EC.visibility_of_element_located(locator))\n_ _ _ _ _ _ _ _ _ _ _ _ _ _ _ _ _ _ _ _ _ _ _ _ _ _ _ _ _ _ _ _ _ _ _ _ _ _ _ _ _ _ _ _ _ _ _ _ _ _ _ _ _ _ _ _ _ _ _ _ _ _ _ _ _ _ _ _ _ _ _ _ _ _ _ _ _ _ _ _ _ _ _ _ _ _ _ _ _ _ _ _ _ _ _ _ _ _ _ _ _ _ _ _ _ _ _ _ _ _ _ _ _ _ _ _ _ _ _ _ _ _ _ _ _ _ _ _ _ _ _ _ _ _ _ _ _ _ _ _ _ _ _ _ _ _ _ _ _ _ _ _ _ _ _ _ _ _ _ _ _ _ _ _ _ _ _ _ _ _ _ _ _ _ _ _ _ _ _ _ _ _ _ _ _ _ _ _ _ _ _ _ _ _ _ _ _ _ _ _ _ _ _ _ _\n\nself = <selenium.webdriver.support.wait.WebDriverWait (session=\"300311ebf863f4f27701fe7dd85f4108\")>, method = <function visibility_of_element_located.<locals>._predicate at 0x717ae363d480>, message = ''\n\n    def until(self, method: Callable[[D], Union[Literal[False], T]], message: str = \"\") -> T:\n        \"\"\"Calls the method provided with the driver as an argument until the \\\n        return value does not evaluate to ``False``.\n    \n        :param method: callable(WebDriver)\n        :param message: optional message for :exc:`TimeoutException`\n        :returns: the result of the last call to `method`\n        :raises: :exc:`selenium.common.exceptions.TimeoutException` if timeout occurs\n        \"\"\"\n        screen = None\n        stacktrace = None\n    \n        end_time = time.monotonic() + self._timeout\n        while True:\n            try:\n                value = method(self._driver)\n                if value:\n                    return value\n            except self._ignored_exceptions as exc:\n                screen = getattr(exc, \"screen\", None)\n                stacktrace = getattr(exc, \"stacktrace\", None)\n            time.sleep(self._poll)\n            if time.monotonic() > end_time:\n                break\n>       raise TimeoutException(message, screen, stacktrace)\nE       selenium.common.exceptions.TimeoutException: Message: \nE       Stacktrace:\nE       #0 0x6076dd61c6ba <unknown>\nE       #1 0x6076dd2ec730 <unknown>\nE       #2 0x6076dd33bd9b <unknown>\nE       #3 0x6076dd33c081 <unknown>\nE       #4 0x6076dd37fcd4 <unknown>\nE       #5 0x6076dd35ea7d <unknown>\nE       #6 0x6076dd37d1ca <unknown>\nE       #7 0x6076dd35e7f3 <unknown>\nE       #8 0x6076dd32eec9 <unknown>\nE       #9 0x6076dd32f91e <unknown>\nE       #10 0x6076dd5e29eb <unknown>\nE       #11 0x6076dd5e6972 <unknown>\nE       #12 0x6076dd5cfe15 <unknown>\nE       #13 0x6076dd5e7502 <unknown>\nE       #14 0x6076dd5b4d2f <unknown>\nE       #15 0x6076dd60b578 <unknown>\nE       #16 0x6076dd60b750 <unknown>\nE       #17 0x6076dd61b48c <unknown>\nE       #18 0x7edc77b52ac3 <unknown>\n\n../../../.local/lib/python3.10/site-packages/selenium/webdriver/support/wait.py:105: TimeoutException"}, "steps": [{"name": "Открываю http://10.0.2.15:8081/administration", "status": "passed", "start": 1723384667153, "stop": 1723384668024}, {"name": "Авторизую пользователя", "status": "passed", "parameters": [{"name": "username", "value": "'user'"}, {"name": "password", "value": "'bitnami'"}], "start": 1723384668024, "stop": 1723384669654}, {"name": "Перехожу в меню Каталог", "status": "passed", "start": 1723384669654, "stop": 1723384670315}, {"name": "Выбираю товар", "status": "passed", "start": 1723384670316, "stop": 1723384670910}, {"name": "Добавляю товар в корзину", "status": "passed", "start": 1723384670910, "stop": 1723384671719}, {"name": "Получаю имя товара", "status": "passed", "parameters": [{"name": "text", "value": "'test item'"}], "start": 1723384671719, "stop": 1723384673352}, {"name": "Прописываю meta_tag", "status": "passed", "parameters": [{"name": "text", "value": "'test'"}], "start": 1723384673352, "stop": 1723384673842}, {"name": "Выбираю вкладку data", "status": "passed", "start": 1723384673842, "stop": 1723384674077}, {"name": "Прописываю артикул", "status": "passed", "parameters": [{"name": "text", "value": "'12345'"}], "start": 1723384674077, "stop": 1723384675103}, {"name": "Выбираю вкладку SEO", "status": "passed", "start": 1723384675103, "stop": 1723384675209}, {"name": "Прописываю имя SEO", "status": "passed", "parameters": [{"name": "text", "value": "'12345'"}], "start": 1723384675209, "stop": 1723384675876}, {"name": "Сохраняю товар", "status": "passed", "start": 1723384675876, "stop": 1723384675983}, {"name": "Ищу поп-ап", "status": "broken", "statusDetails": {"message": "selenium.common.exceptions.TimeoutException: Message: \nStacktrace:\n#0 0x6076dd61c6ba <unknown>\n#1 0x6076dd2ec730 <unknown>\n#2 0x6076dd33bd9b <unknown>\n#3 0x6076dd33c081 <unknown>\n#4 0x6076dd37fcd4 <unknown>\n#5 0x6076dd35ea7d <unknown>\n#6 0x6076dd37d1ca <unknown>\n#7 0x6076dd35e7f3 <unknown>\n#8 0x6076dd32eec9 <unknown>\n#9 0x6076dd32f91e <unknown>\n#10 0x6076dd5e29eb <unknown>\n#11 0x6076dd5e6972 <unknown>\n#12 0x6076dd5cfe15 <unknown>\n#13 0x6076dd5e7502 <unknown>\n#14 0x6076dd5b4d2f <unknown>\n#15 0x6076dd60b578 <unknown>\n#16 0x6076dd60b750 <unknown>\n#17 0x6076dd61b48c <unknown>\n#18 0x7edc77b52ac3 <unknown>\n\n", "trace": "  File \"/home/fuenukkusu2501/.local/lib/python3.10/site-packages/allure_commons/_allure.py\", line 192, in impl\n    return func(*a, **kw)\n  File \"/home/fuenukkusu2501/Develop/tmp/OTUS_selenium_UI/page_objects/admin_page.py\", line 119, in find_popup_success\n    self.get_element(self.POPUP_SUCCESS)\n  File \"/home/fuenukkusu2501/Develop/tmp/OTUS_selenium_UI/page_objects/base_page.py\", line 30, in get_element\n    return WebDriverWait(self.browser, timeout).until(EC.visibility_of_element_located(locator))\n  File \"/home/fuenukkusu2501/.local/lib/python3.10/site-packages/selenium/webdriver/support/wait.py\", line 105, in until\n    raise TimeoutException(message, screen, stacktrace)\n"}, "start": 1723384675983, "stop": 1723384679244}], "start": 1723384667153, "stop": 1723384679248, "uuid": "e4e928e6-22e5-4e11-b7cb-e039904217f8", "historyId": "605f1327e44636668481b9c4c06efda9", "testCaseId": "605f1327e44636668481b9c4c06efda9", "fullName": "tests.test_start#test_add_product", "labels": [{"name": "parentSuite", "value": "tests"}, {"name": "suite", "value": "test_start"}, {"name": "host", "value": "Ubuntu"}, {"name": "thread", "value": "117058-MainThread"}, {"name": "framework", "value": "pytest"}, {"name": "language", "value": "cpython3"}, {"name": "package", "value": "tests.test_start"}]}