{"name": "Смена валюты - главная страница", "status": "broken", "statusDetails": {"message": "selenium.common.exceptions.TimeoutException: Message: \nStacktrace:\n#0 0x639e7b48f6ba <unknown>\n#1 0x639e7b15f730 <unknown>\n#2 0x639e7b1aed9b <unknown>\n#3 0x639e7b1af081 <unknown>\n#4 0x639e7b1f2cd4 <unknown>\n#5 0x639e7b1d1a7d <unknown>\n#6 0x639e7b1f01ca <unknown>\n#7 0x639e7b1d17f3 <unknown>\n#8 0x639e7b1a1ec9 <unknown>\n#9 0x639e7b1a291e <unknown>\n#10 0x639e7b4559eb <unknown>\n#11 0x639e7b459972 <unknown>\n#12 0x639e7b442e15 <unknown>\n#13 0x639e7b45a502 <unknown>\n#14 0x639e7b427d2f <unknown>\n#15 0x639e7b47e578 <unknown>\n#16 0x639e7b47e750 <unknown>\n#17 0x639e7b48e48c <unknown>\n#18 0x76ca6df63ac3 <unknown>", "trace": "browser = <selenium.webdriver.remote.webdriver.WebDriver (session=\"5eeb0a45aced500490a9da78ebbdb481\")>\nbase_url = 'http://10.0.2.15:8081'\n\n    @allure.title(\"Смена валюты - главная страница\")\n    def test_currency_change_home(browser, base_url):\n        home_page = HomePage(browser)\n        header = HeaderElement(browser)\n        home_page.open(base_url)\n        header.click_currency()\n>       header.select_euro()\n\ntests/test_start.py:75: \n_ _ _ _ _ _ _ _ _ _ _ _ _ _ _ _ _ _ _ _ _ _ _ _ _ _ _ _ _ _ _ _ \npage_objects/header_element.py:20: in select_euro\n    self.get_element((By.XPATH, \"//*[text()='€ Euro']\")).click()\npage_objects/base_page.py:30: in get_element\n    return WebDriverWait(self.browser, timeout).until(EC.visibility_of_element_located(locator))\n_ _ _ _ _ _ _ _ _ _ _ _ _ _ _ _ _ _ _ _ _ _ _ _ _ _ _ _ _ _ _ _ \n\nself = <selenium.webdriver.support.wait.WebDriverWait (session=\"5eeb0a45aced500490a9da78ebbdb481\")>\nmethod = <function visibility_of_element_located.<locals>._predicate at 0x734374e50d30>\nmessage = ''\n\n    def until(self, method: Callable[[D], Union[Literal[False], T]], message: str = \"\") -> T:\n        \"\"\"Calls the method provided with the driver as an argument until the \\\n        return value does not evaluate to ``False``.\n    \n        :param method: callable(WebDriver)\n        :param message: optional message for :exc:`TimeoutException`\n        :returns: the result of the last call to `method`\n        :raises: :exc:`selenium.common.exceptions.TimeoutException` if timeout occurs\n        \"\"\"\n        screen = None\n        stacktrace = None\n    \n        end_time = time.monotonic() + self._timeout\n        while True:\n            try:\n                value = method(self._driver)\n                if value:\n                    return value\n            except self._ignored_exceptions as exc:\n                screen = getattr(exc, \"screen\", None)\n                stacktrace = getattr(exc, \"stacktrace\", None)\n            time.sleep(self._poll)\n            if time.monotonic() > end_time:\n                break\n>       raise TimeoutException(message, screen, stacktrace)\nE       selenium.common.exceptions.TimeoutException: Message: \nE       Stacktrace:\nE       #0 0x639e7b48f6ba <unknown>\nE       #1 0x639e7b15f730 <unknown>\nE       #2 0x639e7b1aed9b <unknown>\nE       #3 0x639e7b1af081 <unknown>\nE       #4 0x639e7b1f2cd4 <unknown>\nE       #5 0x639e7b1d1a7d <unknown>\nE       #6 0x639e7b1f01ca <unknown>\nE       #7 0x639e7b1d17f3 <unknown>\nE       #8 0x639e7b1a1ec9 <unknown>\nE       #9 0x639e7b1a291e <unknown>\nE       #10 0x639e7b4559eb <unknown>\nE       #11 0x639e7b459972 <unknown>\nE       #12 0x639e7b442e15 <unknown>\nE       #13 0x639e7b45a502 <unknown>\nE       #14 0x639e7b427d2f <unknown>\nE       #15 0x639e7b47e578 <unknown>\nE       #16 0x639e7b47e750 <unknown>\nE       #17 0x639e7b48e48c <unknown>\nE       #18 0x76ca6df63ac3 <unknown>\n\n../../../.local/lib/python3.10/site-packages/selenium/webdriver/support/wait.py:105: TimeoutException"}, "steps": [{"name": "Открываю http://10.0.2.15:8081", "status": "passed", "start": 1724092476154, "stop": 1724092482479}, {"name": "Кликаю на Валюты", "status": "passed", "start": 1724092482479, "stop": 1724092492389}, {"name": "Выбираю евро", "status": "broken", "statusDetails": {"message": "selenium.common.exceptions.TimeoutException: Message: \nStacktrace:\n#0 0x639e7b48f6ba <unknown>\n#1 0x639e7b15f730 <unknown>\n#2 0x639e7b1aed9b <unknown>\n#3 0x639e7b1af081 <unknown>\n#4 0x639e7b1f2cd4 <unknown>\n#5 0x639e7b1d1a7d <unknown>\n#6 0x639e7b1f01ca <unknown>\n#7 0x639e7b1d17f3 <unknown>\n#8 0x639e7b1a1ec9 <unknown>\n#9 0x639e7b1a291e <unknown>\n#10 0x639e7b4559eb <unknown>\n#11 0x639e7b459972 <unknown>\n#12 0x639e7b442e15 <unknown>\n#13 0x639e7b45a502 <unknown>\n#14 0x639e7b427d2f <unknown>\n#15 0x639e7b47e578 <unknown>\n#16 0x639e7b47e750 <unknown>\n#17 0x639e7b48e48c <unknown>\n#18 0x76ca6df63ac3 <unknown>\n\n", "trace": "  File \"/home/fuenukkusu2501/.local/lib/python3.10/site-packages/allure_commons/_allure.py\", line 192, in impl\n    return func(*a, **kw)\n  File \"/home/fuenukkusu2501/Develop/tmp/OTUS_selenium_UI/page_objects/header_element.py\", line 20, in select_euro\n    self.get_element((By.XPATH, \"//*[text()='€ Euro']\")).click()\n  File \"/home/fuenukkusu2501/Develop/tmp/OTUS_selenium_UI/page_objects/base_page.py\", line 30, in get_element\n    return WebDriverWait(self.browser, timeout).until(EC.visibility_of_element_located(locator))\n  File \"/home/fuenukkusu2501/.local/lib/python3.10/site-packages/selenium/webdriver/support/wait.py\", line 105, in until\n    raise TimeoutException(message, screen, stacktrace)\n"}, "start": 1724092492392, "stop": 1724092497716}], "start": 1724092476154, "stop": 1724092497739, "uuid": "c16555f8-366d-43eb-b1a1-b55e5daf9a1c", "historyId": "1306a24613c8f91d9055fc20fbd52884", "testCaseId": "1306a24613c8f91d9055fc20fbd52884", "fullName": "tests.test_start#test_currency_change_home", "labels": [{"name": "parentSuite", "value": "tests"}, {"name": "suite", "value": "test_start"}, {"name": "host", "value": "Ubuntu"}, {"name": "thread", "value": "13370-MainThread"}, {"name": "framework", "value": "pytest"}, {"name": "language", "value": "cpython3"}, {"name": "package", "value": "tests.test_start"}]}