{"name": "Смена валюты - главная страница", "status": "broken", "statusDetails": {"message": "selenium.common.exceptions.TimeoutException: Message: \nStacktrace:\n#0 0x580ffe8426ba <unknown>\n#1 0x580ffe512730 <unknown>\n#2 0x580ffe561d9b <unknown>\n#3 0x580ffe562081 <unknown>\n#4 0x580ffe5a5cd4 <unknown>\n#5 0x580ffe584a7d <unknown>\n#6 0x580ffe5a31ca <unknown>\n#7 0x580ffe5847f3 <unknown>\n#8 0x580ffe554ec9 <unknown>\n#9 0x580ffe55591e <unknown>\n#10 0x580ffe8089eb <unknown>\n#11 0x580ffe80c972 <unknown>\n#12 0x580ffe7f5e15 <unknown>\n#13 0x580ffe80d502 <unknown>\n#14 0x580ffe7dad2f <unknown>\n#15 0x580ffe831578 <unknown>\n#16 0x580ffe831750 <unknown>\n#17 0x580ffe84148c <unknown>\n#18 0x7c9d4a3aeac3 <unknown>", "trace": "browser = <selenium.webdriver.remote.webdriver.WebDriver (session=\"1171d82a1f080248d1b22a9d6fb762cf\")>, base_url = 'http://10.0.2.15:8081'\n\n    @allure.title(\"Смена валюты - главная страница\")\n    def test_currency_change_home(browser, base_url):\n        home_page = HomePage(browser)\n        header = HeaderElement(browser)\n        home_page.open(base_url)\n        header.click_currency()\n>       header.select_euro()\n\ntests/test_start.py:75: \n_ _ _ _ _ _ _ _ _ _ _ _ _ _ _ _ _ _ _ _ _ _ _ _ _ _ _ _ _ _ _ _ _ _ _ _ _ _ _ _ _ _ _ _ _ _ _ _ _ _ _ _ _ _ _ _ _ _ _ _ _ _ _ _ _ _ _ _ _ _ _ _ _ _ _ _ _ _ _ _ _ _ _ _ _ _ _ _ _ _ _ _ _ _ _ _ _ _ _ _ _ _ _ _ _ _ _ _ _ _\npage_objects/header_element.py:20: in select_euro\n    self.get_element((By.XPATH, \"//*[text()='€ Euro']\")).click()\npage_objects/base_page.py:30: in get_element\n    return WebDriverWait(self.browser, timeout).until(EC.visibility_of_element_located(locator))\n_ _ _ _ _ _ _ _ _ _ _ _ _ _ _ _ _ _ _ _ _ _ _ _ _ _ _ _ _ _ _ _ _ _ _ _ _ _ _ _ _ _ _ _ _ _ _ _ _ _ _ _ _ _ _ _ _ _ _ _ _ _ _ _ _ _ _ _ _ _ _ _ _ _ _ _ _ _ _ _ _ _ _ _ _ _ _ _ _ _ _ _ _ _ _ _ _ _ _ _ _ _ _ _ _ _ _ _ _ _\n\nself = <selenium.webdriver.support.wait.WebDriverWait (session=\"1171d82a1f080248d1b22a9d6fb762cf\")>, method = <function visibility_of_element_located.<locals>._predicate at 0x72efd6abd900>, message = ''\n\n    def until(self, method: Callable[[D], Union[Literal[False], T]], message: str = \"\") -> T:\n        \"\"\"Calls the method provided with the driver as an argument until the \\\n        return value does not evaluate to ``False``.\n    \n        :param method: callable(WebDriver)\n        :param message: optional message for :exc:`TimeoutException`\n        :returns: the result of the last call to `method`\n        :raises: :exc:`selenium.common.exceptions.TimeoutException` if timeout occurs\n        \"\"\"\n        screen = None\n        stacktrace = None\n    \n        end_time = time.monotonic() + self._timeout\n        while True:\n            try:\n                value = method(self._driver)\n                if value:\n                    return value\n            except self._ignored_exceptions as exc:\n                screen = getattr(exc, \"screen\", None)\n                stacktrace = getattr(exc, \"stacktrace\", None)\n            time.sleep(self._poll)\n            if time.monotonic() > end_time:\n                break\n>       raise TimeoutException(message, screen, stacktrace)\nE       selenium.common.exceptions.TimeoutException: Message: \nE       Stacktrace:\nE       #0 0x580ffe8426ba <unknown>\nE       #1 0x580ffe512730 <unknown>\nE       #2 0x580ffe561d9b <unknown>\nE       #3 0x580ffe562081 <unknown>\nE       #4 0x580ffe5a5cd4 <unknown>\nE       #5 0x580ffe584a7d <unknown>\nE       #6 0x580ffe5a31ca <unknown>\nE       #7 0x580ffe5847f3 <unknown>\nE       #8 0x580ffe554ec9 <unknown>\nE       #9 0x580ffe55591e <unknown>\nE       #10 0x580ffe8089eb <unknown>\nE       #11 0x580ffe80c972 <unknown>\nE       #12 0x580ffe7f5e15 <unknown>\nE       #13 0x580ffe80d502 <unknown>\nE       #14 0x580ffe7dad2f <unknown>\nE       #15 0x580ffe831578 <unknown>\nE       #16 0x580ffe831750 <unknown>\nE       #17 0x580ffe84148c <unknown>\nE       #18 0x7c9d4a3aeac3 <unknown>\n\n../../../.local/lib/python3.10/site-packages/selenium/webdriver/support/wait.py:105: TimeoutException"}, "steps": [{"name": "Открываю http://10.0.2.15:8081", "status": "passed", "start": 1723799696318, "stop": 1723799697928}, {"name": "Кликаю на Валюты", "status": "passed", "start": 1723799697928, "stop": 1723799699317}, {"name": "Выбираю евро", "status": "broken", "statusDetails": {"message": "selenium.common.exceptions.TimeoutException: Message: \nStacktrace:\n#0 0x580ffe8426ba <unknown>\n#1 0x580ffe512730 <unknown>\n#2 0x580ffe561d9b <unknown>\n#3 0x580ffe562081 <unknown>\n#4 0x580ffe5a5cd4 <unknown>\n#5 0x580ffe584a7d <unknown>\n#6 0x580ffe5a31ca <unknown>\n#7 0x580ffe5847f3 <unknown>\n#8 0x580ffe554ec9 <unknown>\n#9 0x580ffe55591e <unknown>\n#10 0x580ffe8089eb <unknown>\n#11 0x580ffe80c972 <unknown>\n#12 0x580ffe7f5e15 <unknown>\n#13 0x580ffe80d502 <unknown>\n#14 0x580ffe7dad2f <unknown>\n#15 0x580ffe831578 <unknown>\n#16 0x580ffe831750 <unknown>\n#17 0x580ffe84148c <unknown>\n#18 0x7c9d4a3aeac3 <unknown>\n\n", "trace": "  File \"/home/fuenukkusu2501/.local/lib/python3.10/site-packages/allure_commons/_allure.py\", line 192, in impl\n    return func(*a, **kw)\n  File \"/home/fuenukkusu2501/Develop/tmp/OTUS_selenium_UI/page_objects/header_element.py\", line 20, in select_euro\n    self.get_element((By.XPATH, \"//*[text()='€ Euro']\")).click()\n  File \"/home/fuenukkusu2501/Develop/tmp/OTUS_selenium_UI/page_objects/base_page.py\", line 30, in get_element\n    return WebDriverWait(self.browser, timeout).until(EC.visibility_of_element_located(locator))\n  File \"/home/fuenukkusu2501/.local/lib/python3.10/site-packages/selenium/webdriver/support/wait.py\", line 105, in until\n    raise TimeoutException(message, screen, stacktrace)\n"}, "start": 1723799699317, "stop": 1723799702725}], "start": 1723799696318, "stop": 1723799702727, "uuid": "339a1bea-b7c1-4b64-9e9c-e2a6cdce21bf", "historyId": "1306a24613c8f91d9055fc20fbd52884", "testCaseId": "1306a24613c8f91d9055fc20fbd52884", "fullName": "tests.test_start#test_currency_change_home", "labels": [{"name": "parentSuite", "value": "tests"}, {"name": "suite", "value": "test_start"}, {"name": "host", "value": "Ubuntu"}, {"name": "thread", "value": "15086-MainThread"}, {"name": "framework", "value": "pytest"}, {"name": "language", "value": "cpython3"}, {"name": "package", "value": "tests.test_start"}]}