{"name": "Наличие элементов", "status": "failed", "statusDetails": {"message": "AssertionError: assert 'Apple Cinema 30' == 'Your Store'\n  \n  - Your Store\n  + Apple Cinema 30", "trace": "browser = <selenium.webdriver.chrome.webdriver.WebDriver (session=\"1bdd96bd55fff6e3fda4b0a73fa4a465\")>, base_url = 'http://10.0.2.15:8081'\n\n    @allure.title(\"Наличие элементов\")\n    def test_elements(browser, base_url):\n        browser.get(base_url)\n        time.sleep(15)\n>       assert browser.title == \"Your Store\"\nE       AssertionError: assert 'Apple Cinema 30' == 'Your Store'\nE         \nE         - Your Store\nE         + Apple Cinema 30\n\ntests/test_start.py:17: AssertionError"}, "start": 1723039103496, "stop": 1723039120302, "uuid": "847e2e76-4497-497b-acec-e4867f9001a4", "historyId": "1bec7b78e404943e29c95d0d988030ca", "testCaseId": "1bec7b78e404943e29c95d0d988030ca", "fullName": "tests.test_start#test_elements", "labels": [{"name": "parentSuite", "value": "tests"}, {"name": "suite", "value": "test_start"}, {"name": "host", "value": "Ubuntu"}, {"name": "thread", "value": "328493-MainThread"}, {"name": "framework", "value": "pytest"}, {"name": "language", "value": "cpython3"}, {"name": "package", "value": "tests.test_start"}]}