{"name": "Авторизация (админка)", "status": "broken", "statusDetails": {"message": "selenium.common.exceptions.TimeoutException: Message: \nStacktrace:\n#0 0x584d5d1396ba <unknown>\n#1 0x584d5ce09730 <unknown>\n#2 0x584d5ce58d9b <unknown>\n#3 0x584d5ce59081 <unknown>\n#4 0x584d5ce9ccd4 <unknown>\n#5 0x584d5ce7ba7d <unknown>\n#6 0x584d5ce9a1ca <unknown>\n#7 0x584d5ce7b7f3 <unknown>\n#8 0x584d5ce4bec9 <unknown>\n#9 0x584d5ce4c91e <unknown>\n#10 0x584d5d0ff9eb <unknown>\n#11 0x584d5d103972 <unknown>\n#12 0x584d5d0ece15 <unknown>\n#13 0x584d5d104502 <unknown>\n#14 0x584d5d0d1d2f <unknown>\n#15 0x584d5d128578 <unknown>\n#16 0x584d5d128750 <unknown>\n#17 0x584d5d13848c <unknown>\n#18 0x7fce3afe5ac3 <unknown>", "trace": "browser = <selenium.webdriver.remote.webdriver.WebDriver (session=\"1e507deb3e62b0a04a21e7f42bb25f8b\")>, base_url = 'http://10.0.2.15:8081'\n\n    @allure.title(\"Авторизация (админка)\")\n    def test_admin_login(browser, base_url):\n        admin_page = AdminPage(browser)\n        admin_page.open(base_url)\n        admin_page.login(\"user\", \"bitnami\")\n>       assert admin_page.title_username() == \"user\"\n\ntests/test_start.py:51: \n_ _ _ _ _ _ _ _ _ _ _ _ _ _ _ _ _ _ _ _ _ _ _ _ _ _ _ _ _ _ _ _ _ _ _ _ _ _ _ _ _ _ _ _ _ _ _ _ _ _ _ _ _ _ _ _ _ _ _ _ _ _ _ _ _ _ _ _ _ _ _ _ _\npage_objects/admin_page.py:53: in title_username\n    self.get_element((By.CSS_SELECTOR, \".rounded-circle\"))\npage_objects/base_page.py:30: in get_element\n    return WebDriverWait(self.browser, timeout).until(EC.visibility_of_element_located(locator))\n_ _ _ _ _ _ _ _ _ _ _ _ _ _ _ _ _ _ _ _ _ _ _ _ _ _ _ _ _ _ _ _ _ _ _ _ _ _ _ _ _ _ _ _ _ _ _ _ _ _ _ _ _ _ _ _ _ _ _ _ _ _ _ _ _ _ _ _ _ _ _ _ _\n\nself = <selenium.webdriver.support.wait.WebDriverWait (session=\"1e507deb3e62b0a04a21e7f42bb25f8b\")>\nmethod = <function visibility_of_element_located.<locals>._predicate at 0x7d0054a4d480>, message = ''\n\n    def until(self, method: Callable[[D], Union[Literal[False], T]], message: str = \"\") -> T:\n        \"\"\"Calls the method provided with the driver as an argument until the \\\n        return value does not evaluate to ``False``.\n    \n        :param method: callable(WebDriver)\n        :param message: optional message for :exc:`TimeoutException`\n        :returns: the result of the last call to `method`\n        :raises: :exc:`selenium.common.exceptions.TimeoutException` if timeout occurs\n        \"\"\"\n        screen = None\n        stacktrace = None\n    \n        end_time = time.monotonic() + self._timeout\n        while True:\n            try:\n                value = method(self._driver)\n                if value:\n                    return value\n            except self._ignored_exceptions as exc:\n                screen = getattr(exc, \"screen\", None)\n                stacktrace = getattr(exc, \"stacktrace\", None)\n            time.sleep(self._poll)\n            if time.monotonic() > end_time:\n                break\n>       raise TimeoutException(message, screen, stacktrace)\nE       selenium.common.exceptions.TimeoutException: Message: \nE       Stacktrace:\nE       #0 0x584d5d1396ba <unknown>\nE       #1 0x584d5ce09730 <unknown>\nE       #2 0x584d5ce58d9b <unknown>\nE       #3 0x584d5ce59081 <unknown>\nE       #4 0x584d5ce9ccd4 <unknown>\nE       #5 0x584d5ce7ba7d <unknown>\nE       #6 0x584d5ce9a1ca <unknown>\nE       #7 0x584d5ce7b7f3 <unknown>\nE       #8 0x584d5ce4bec9 <unknown>\nE       #9 0x584d5ce4c91e <unknown>\nE       #10 0x584d5d0ff9eb <unknown>\nE       #11 0x584d5d103972 <unknown>\nE       #12 0x584d5d0ece15 <unknown>\nE       #13 0x584d5d104502 <unknown>\nE       #14 0x584d5d0d1d2f <unknown>\nE       #15 0x584d5d128578 <unknown>\nE       #16 0x584d5d128750 <unknown>\nE       #17 0x584d5d13848c <unknown>\nE       #18 0x7fce3afe5ac3 <unknown>\n\n../../../.local/lib/python3.10/site-packages/selenium/webdriver/support/wait.py:105: TimeoutException"}, "steps": [{"name": "Открываю http://10.0.2.15:8081/administration", "status": "passed", "start": 1723997982730, "stop": 1723997985367}, {"name": "Авторизую пользователя", "status": "passed", "parameters": [{"name": "username", "value": "'user'"}, {"name": "password", "value": "'bitnami'"}], "start": 1723997985367, "stop": 1723997988910}, {"name": "Получаю имя пользователя", "status": "broken", "statusDetails": {"message": "selenium.common.exceptions.TimeoutException: Message: \nStacktrace:\n#0 0x584d5d1396ba <unknown>\n#1 0x584d5ce09730 <unknown>\n#2 0x584d5ce58d9b <unknown>\n#3 0x584d5ce59081 <unknown>\n#4 0x584d5ce9ccd4 <unknown>\n#5 0x584d5ce7ba7d <unknown>\n#6 0x584d5ce9a1ca <unknown>\n#7 0x584d5ce7b7f3 <unknown>\n#8 0x584d5ce4bec9 <unknown>\n#9 0x584d5ce4c91e <unknown>\n#10 0x584d5d0ff9eb <unknown>\n#11 0x584d5d103972 <unknown>\n#12 0x584d5d0ece15 <unknown>\n#13 0x584d5d104502 <unknown>\n#14 0x584d5d0d1d2f <unknown>\n#15 0x584d5d128578 <unknown>\n#16 0x584d5d128750 <unknown>\n#17 0x584d5d13848c <unknown>\n#18 0x7fce3afe5ac3 <unknown>\n\n", "trace": "  File \"/home/fuenukkusu2501/.local/lib/python3.10/site-packages/allure_commons/_allure.py\", line 192, in impl\n    return func(*a, **kw)\n  File \"/home/fuenukkusu2501/Develop/tmp/OTUS_selenium_UI/page_objects/admin_page.py\", line 53, in title_username\n    self.get_element((By.CSS_SELECTOR, \".rounded-circle\"))\n  File \"/home/fuenukkusu2501/Develop/tmp/OTUS_selenium_UI/page_objects/base_page.py\", line 30, in get_element\n    return WebDriverWait(self.browser, timeout).until(EC.visibility_of_element_located(locator))\n  File \"/home/fuenukkusu2501/.local/lib/python3.10/site-packages/selenium/webdriver/support/wait.py\", line 105, in until\n    raise TimeoutException(message, screen, stacktrace)\n"}, "start": 1723997988910, "stop": 1723997993063}], "start": 1723997982730, "stop": 1723997993070, "uuid": "c223b76b-4c27-4198-b4d8-acc282adbabd", "historyId": "b25d339a38b605469f6d5d3aad2aaf0c", "testCaseId": "b25d339a38b605469f6d5d3aad2aaf0c", "fullName": "tests.test_start#test_admin_login", "labels": [{"name": "parentSuite", "value": "tests"}, {"name": "suite", "value": "test_start"}, {"name": "host", "value": "Ubuntu"}, {"name": "thread", "value": "71463-MainThread"}, {"name": "framework", "value": "pytest"}, {"name": "language", "value": "cpython3"}, {"name": "package", "value": "tests.test_start"}]}