{"name": "Удалить товар", "status": "broken", "statusDetails": {"message": "selenium.common.exceptions.TimeoutException: Message: \nStacktrace:\n#0 0x6494e12646ca <unknown>\n#1 0x6494e0f35600 <unknown>\n#2 0x6494e0f84bcb <unknown>\n#3 0x6494e0f84eb1 <unknown>\n#4 0x6494e0fc8b24 <unknown>\n#5 0x6494e0fa78cd <unknown>\n#6 0x6494e0fc604a <unknown>\n#7 0x6494e0fa7643 <unknown>\n#8 0x6494e0f77d31 <unknown>\n#9 0x6494e0f7879e <unknown>\n#10 0x6494e122c25b <unknown>\n#11 0x6494e12301f2 <unknown>\n#12 0x6494e1219615 <unknown>\n#13 0x6494e1230d82 <unknown>\n#14 0x6494e11fe25f <unknown>\n#15 0x6494e1253e68 <unknown>\n#16 0x6494e1254040 <unknown>\n#17 0x6494e126349c <unknown>\n#18 0x75cf5c49ca94 <unknown>\n#19 0x75cf5c529c3c <unknown>", "trace": "browser = <selenium.webdriver.chrome.webdriver.WebDriver (session=\"a4ac456c491fef8aa15e10e7b7dd175b\")>, base_url = 'http://10.0.2.15:8081'\n\n    @allure.title(\"Удалить товар\")\n    def test_delete_product(browser, base_url):\n        admin_page = AdminPage(browser)\n        admin_page.open(base_url)\n        admin_page.login(\"user\", \"bitnami\")\n>       admin_page.select_catalog()\n\ntests/test_start.py:116: \n_ _ _ _ _ _ _ _ _ _ _ _ _ _ _ _ _ _ _ _ _ _ _ _ _ _ _ _ _ _ _ _ _ _ _ _ _ _ _ _ _ _ _ _ _ _ _ _ _ _ _ _ _ _ _ _ _ _ _ _ _ _ _ _ _ _ _ _ _ _ _ _ _ _ _ _ _ _ _ _ _ \npage_objects/admin_page.py:65: in select_catalog\n    self.get_element(self.CATALOG_BUTTON).click()\npage_objects/base_page.py:30: in get_element\n    return WebDriverWait(self.browser, timeout).until(EC.visibility_of_element_located(locator))\n_ _ _ _ _ _ _ _ _ _ _ _ _ _ _ _ _ _ _ _ _ _ _ _ _ _ _ _ _ _ _ _ _ _ _ _ _ _ _ _ _ _ _ _ _ _ _ _ _ _ _ _ _ _ _ _ _ _ _ _ _ _ _ _ _ _ _ _ _ _ _ _ _ _ _ _ _ _ _ _ _ \n\nself = <selenium.webdriver.support.wait.WebDriverWait (session=\"a4ac456c491fef8aa15e10e7b7dd175b\")>\nmethod = <function visibility_of_element_located.<locals>._predicate at 0x7e30a3f6fe20>, message = ''\n\n    def until(self, method: Callable[[D], Union[Literal[False], T]], message: str = \"\") -> T:\n        \"\"\"Calls the method provided with the driver as an argument until the \\\n        return value does not evaluate to ``False``.\n    \n        :param method: callable(WebDriver)\n        :param message: optional message for :exc:`TimeoutException`\n        :returns: the result of the last call to `method`\n        :raises: :exc:`selenium.common.exceptions.TimeoutException` if timeout occurs\n        \"\"\"\n        screen = None\n        stacktrace = None\n    \n        end_time = time.monotonic() + self._timeout\n        while True:\n            try:\n                value = method(self._driver)\n                if value:\n                    return value\n            except self._ignored_exceptions as exc:\n                screen = getattr(exc, \"screen\", None)\n                stacktrace = getattr(exc, \"stacktrace\", None)\n            time.sleep(self._poll)\n            if time.monotonic() > end_time:\n                break\n>       raise TimeoutException(message, screen, stacktrace)\nE       selenium.common.exceptions.TimeoutException: Message: \nE       Stacktrace:\nE       #0 0x6494e12646ca <unknown>\nE       #1 0x6494e0f35600 <unknown>\nE       #2 0x6494e0f84bcb <unknown>\nE       #3 0x6494e0f84eb1 <unknown>\nE       #4 0x6494e0fc8b24 <unknown>\nE       #5 0x6494e0fa78cd <unknown>\nE       #6 0x6494e0fc604a <unknown>\nE       #7 0x6494e0fa7643 <unknown>\nE       #8 0x6494e0f77d31 <unknown>\nE       #9 0x6494e0f7879e <unknown>\nE       #10 0x6494e122c25b <unknown>\nE       #11 0x6494e12301f2 <unknown>\nE       #12 0x6494e1219615 <unknown>\nE       #13 0x6494e1230d82 <unknown>\nE       #14 0x6494e11fe25f <unknown>\nE       #15 0x6494e1253e68 <unknown>\nE       #16 0x6494e1254040 <unknown>\nE       #17 0x6494e126349c <unknown>\nE       #18 0x75cf5c49ca94 <unknown>\nE       #19 0x75cf5c529c3c <unknown>\n\nvenv/lib/python3.12/site-packages/selenium/webdriver/support/wait.py:105: TimeoutException"}, "steps": [{"name": "Открываю http://10.0.2.15:8081/administration", "status": "passed", "start": 1724166869516, "stop": 1724166872401}, {"name": "Авторизую пользователя", "status": "passed", "parameters": [{"name": "username", "value": "'user'"}, {"name": "password", "value": "'bitnami'"}], "start": 1724166872401, "stop": 1724166875131}, {"name": "Перехожу в меню Каталог", "status": "broken", "statusDetails": {"message": "selenium.common.exceptions.TimeoutException: Message: \nStacktrace:\n#0 0x6494e12646ca <unknown>\n#1 0x6494e0f35600 <unknown>\n#2 0x6494e0f84bcb <unknown>\n#3 0x6494e0f84eb1 <unknown>\n#4 0x6494e0fc8b24 <unknown>\n#5 0x6494e0fa78cd <unknown>\n#6 0x6494e0fc604a <unknown>\n#7 0x6494e0fa7643 <unknown>\n#8 0x6494e0f77d31 <unknown>\n#9 0x6494e0f7879e <unknown>\n#10 0x6494e122c25b <unknown>\n#11 0x6494e12301f2 <unknown>\n#12 0x6494e1219615 <unknown>\n#13 0x6494e1230d82 <unknown>\n#14 0x6494e11fe25f <unknown>\n#15 0x6494e1253e68 <unknown>\n#16 0x6494e1254040 <unknown>\n#17 0x6494e126349c <unknown>\n#18 0x75cf5c49ca94 <unknown>\n#19 0x75cf5c529c3c <unknown>\n\n", "trace": "  File \"/home/fuenukkusu2501/PycharmProjects/OTUS_selenium_UI/venv/lib/python3.12/site-packages/allure_commons/_allure.py\", line 192, in impl\n    return func(*a, **kw)\n           ^^^^^^^^^^^^^^\n  File \"/home/fuenukkusu2501/PycharmProjects/OTUS_selenium_UI/page_objects/admin_page.py\", line 65, in select_catalog\n    self.get_element(self.CATALOG_BUTTON).click()\n    ^^^^^^^^^^^^^^^^^^^^^^^^^^^^^^^^^^^^^\n  File \"/home/fuenukkusu2501/PycharmProjects/OTUS_selenium_UI/page_objects/base_page.py\", line 30, in get_element\n    return WebDriverWait(self.browser, timeout).until(EC.visibility_of_element_located(locator))\n           ^^^^^^^^^^^^^^^^^^^^^^^^^^^^^^^^^^^^^^^^^^^^^^^^^^^^^^^^^^^^^^^^^^^^^^^^^^^^^^^^^^^^^\n  File \"/home/fuenukkusu2501/PycharmProjects/OTUS_selenium_UI/venv/lib/python3.12/site-packages/selenium/webdriver/support/wait.py\", line 105, in until\n    raise TimeoutException(message, screen, stacktrace)\n"}, "start": 1724166875132, "stop": 1724166880333}], "start": 1724166869516, "stop": 1724166880333, "uuid": "59af900b-f1a1-49a3-b303-351bf3fb1cf8", "historyId": "7d181faf2f27682f61cb2a0d2e84375e", "testCaseId": "7d181faf2f27682f61cb2a0d2e84375e", "fullName": "tests.test_start#test_delete_product", "labels": [{"name": "parentSuite", "value": "tests"}, {"name": "suite", "value": "test_start"}, {"name": "host", "value": "fuenukkusu2501-VirtualBox"}, {"name": "thread", "value": "15266-MainThread"}, {"name": "framework", "value": "pytest"}, {"name": "language", "value": "cpython3"}, {"name": "package", "value": "tests.test_start"}]}