{"name": "Создать товар", "status": "broken", "statusDetails": {"message": "selenium.common.exceptions.TimeoutException: Message: \nStacktrace:\n#0 0x648185a20c5a <unknown>\n#1 0x648185703e2c <unknown>\n#2 0x648185750661 <unknown>\n#3 0x648185750751 <unknown>\n#4 0x648185794f64 <unknown>\n#5 0x6481857735ed <unknown>\n#6 0x648185792303 <unknown>\n#7 0x648185773363 <unknown>\n#8 0x648185743247 <unknown>\n#9 0x648185743b9e <unknown>\n#10 0x6481859e722b <unknown>\n#11 0x6481859eb2d1 <unknown>\n#12 0x6481859d2ade <unknown>\n#13 0x6481859ebe32 <unknown>\n#14 0x6481859b777f <unknown>\n#15 0x648185a10618 <unknown>\n#16 0x648185a107f0 <unknown>\n#17 0x648185a1fd8c <unknown>\n#18 0x7f8c37e94ac3 <unknown>", "trace": "browser = <selenium.webdriver.chrome.webdriver.WebDriver (session=\"053c783ba6e5ee372917644ef5c0bae4\")>, base_url = 'http://10.0.2.15:8081'\n\n    @allure.title(\"Создать товар\")\n    def test_add_product(browser, base_url):\n        admin_page = AdminPage(browser)\n        admin_page.open(base_url)\n        admin_page.login(\"user\", \"bitnami\")\n        admin_page.select_catalog()\n        admin_page.select_products()\n        admin_page.add_product()\n        admin_page.add_product_name(\"test item\")\n        admin_page.add_meta_tag(\"test\")\n        admin_page.select_data_tab()\n        admin_page.add_model(\"12345\")\n        admin_page.select_seo_tab()\n        admin_page.add_seo_name(\"12345\")\n        admin_page.save_product()\n>       admin_page.find_popup_success()\n\ntests/test_start.py:111: \n_ _ _ _ _ _ _ _ _ _ _ _ _ _ _ _ _ _ _ _ _ _ _ _ _ _ _ _ _ _ _ _ _ _ _ _ _ _ _ _ _ _ _ _ _ _ _ _ _ _ _ _ _ _ _ _ _ _ _ _ _ _ _ _ _ _ _ _ _ _ _ _ _ _ _ _ _ _ _ _ _ _ _ _ _ _ _ _ _ _ _ _ _ _ _ _ _ _ _ _ _ _ _ _ _ _ _ _ _ _\npage_objects/admin_page.py:119: in find_popup_success\n    self.get_element(self.POPUP_SUCCESS)\npage_objects/base_page.py:30: in get_element\n    return WebDriverWait(self.browser, timeout).until(EC.visibility_of_element_located(locator))\n_ _ _ _ _ _ _ _ _ _ _ _ _ _ _ _ _ _ _ _ _ _ _ _ _ _ _ _ _ _ _ _ _ _ _ _ _ _ _ _ _ _ _ _ _ _ _ _ _ _ _ _ _ _ _ _ _ _ _ _ _ _ _ _ _ _ _ _ _ _ _ _ _ _ _ _ _ _ _ _ _ _ _ _ _ _ _ _ _ _ _ _ _ _ _ _ _ _ _ _ _ _ _ _ _ _ _ _ _ _\n\nself = <selenium.webdriver.support.wait.WebDriverWait (session=\"053c783ba6e5ee372917644ef5c0bae4\")>, method = <function visibility_of_element_located.<locals>._predicate at 0x73b7f4a05480>, message = ''\n\n    def until(self, method: Callable[[D], Union[Literal[False], T]], message: str = \"\") -> T:\n        \"\"\"Calls the method provided with the driver as an argument until the \\\n        return value does not evaluate to ``False``.\n    \n        :param method: callable(WebDriver)\n        :param message: optional message for :exc:`TimeoutException`\n        :returns: the result of the last call to `method`\n        :raises: :exc:`selenium.common.exceptions.TimeoutException` if timeout occurs\n        \"\"\"\n        screen = None\n        stacktrace = None\n    \n        end_time = time.monotonic() + self._timeout\n        while True:\n            try:\n                value = method(self._driver)\n                if value:\n                    return value\n            except self._ignored_exceptions as exc:\n                screen = getattr(exc, \"screen\", None)\n                stacktrace = getattr(exc, \"stacktrace\", None)\n            time.sleep(self._poll)\n            if time.monotonic() > end_time:\n                break\n>       raise TimeoutException(message, screen, stacktrace)\nE       selenium.common.exceptions.TimeoutException: Message: \nE       Stacktrace:\nE       #0 0x648185a20c5a <unknown>\nE       #1 0x648185703e2c <unknown>\nE       #2 0x648185750661 <unknown>\nE       #3 0x648185750751 <unknown>\nE       #4 0x648185794f64 <unknown>\nE       #5 0x6481857735ed <unknown>\nE       #6 0x648185792303 <unknown>\nE       #7 0x648185773363 <unknown>\nE       #8 0x648185743247 <unknown>\nE       #9 0x648185743b9e <unknown>\nE       #10 0x6481859e722b <unknown>\nE       #11 0x6481859eb2d1 <unknown>\nE       #12 0x6481859d2ade <unknown>\nE       #13 0x6481859ebe32 <unknown>\nE       #14 0x6481859b777f <unknown>\nE       #15 0x648185a10618 <unknown>\nE       #16 0x648185a107f0 <unknown>\nE       #17 0x648185a1fd8c <unknown>\nE       #18 0x7f8c37e94ac3 <unknown>\n\n/usr/local/lib/python3.10/dist-packages/selenium/webdriver/support/wait.py:105: TimeoutException"}, "steps": [{"name": "Открываю http://10.0.2.15:8081/administration", "status": "passed", "start": 1723039012509, "stop": 1723039013586}, {"name": "Авторизую пользователя", "status": "passed", "parameters": [{"name": "username", "value": "'user'"}, {"name": "password", "value": "'bitnami'"}], "start": 1723039013586, "stop": 1723039015414}, {"name": "Перехожу в меню Каталог", "status": "passed", "start": 1723039015414, "stop": 1723039016228}, {"name": "Выбираю товар", "status": "passed", "start": 1723039016228, "stop": 1723039016798}, {"name": "Добавляю товар в корзину", "status": "passed", "start": 1723039016799, "stop": 1723039019817}, {"name": "Получаю имя товара", "status": "passed", "parameters": [{"name": "text", "value": "'test item'"}], "start": 1723039019817, "stop": 1723039033832}, {"name": "Прописываю meta_tag", "status": "passed", "parameters": [{"name": "text", "value": "'test'"}], "start": 1723039033832, "stop": 1723039036123}, {"name": "Выбираю вкладку data", "status": "passed", "start": 1723039036123, "stop": 1723039036221}, {"name": "Прописываю артикул", "status": "passed", "parameters": [{"name": "text", "value": "'12345'"}], "start": 1723039036222, "stop": 1723039036798}, {"name": "Выбираю вкладку SEO", "status": "passed", "start": 1723039036798, "stop": 1723039036902}, {"name": "Прописываю имя SEO", "status": "passed", "parameters": [{"name": "text", "value": "'12345'"}], "start": 1723039036902, "stop": 1723039037593}, {"name": "Сохраняю товар", "status": "passed", "start": 1723039037593, "stop": 1723039037709}, {"name": "Ищу поп-ап", "status": "broken", "statusDetails": {"message": "selenium.common.exceptions.TimeoutException: Message: \nStacktrace:\n#0 0x648185a20c5a <unknown>\n#1 0x648185703e2c <unknown>\n#2 0x648185750661 <unknown>\n#3 0x648185750751 <unknown>\n#4 0x648185794f64 <unknown>\n#5 0x6481857735ed <unknown>\n#6 0x648185792303 <unknown>\n#7 0x648185773363 <unknown>\n#8 0x648185743247 <unknown>\n#9 0x648185743b9e <unknown>\n#10 0x6481859e722b <unknown>\n#11 0x6481859eb2d1 <unknown>\n#12 0x6481859d2ade <unknown>\n#13 0x6481859ebe32 <unknown>\n#14 0x6481859b777f <unknown>\n#15 0x648185a10618 <unknown>\n#16 0x648185a107f0 <unknown>\n#17 0x648185a1fd8c <unknown>\n#18 0x7f8c37e94ac3 <unknown>\n\n", "trace": "  File \"/usr/local/lib/python3.10/dist-packages/allure_commons/_allure.py\", line 192, in impl\n    return func(*a, **kw)\n  File \"/home/fuenukkusu2501/Develop/tmp/OTUS_selenium_UI/page_objects/admin_page.py\", line 119, in find_popup_success\n    self.get_element(self.POPUP_SUCCESS)\n  File \"/home/fuenukkusu2501/Develop/tmp/OTUS_selenium_UI/page_objects/base_page.py\", line 30, in get_element\n    return WebDriverWait(self.browser, timeout).until(EC.visibility_of_element_located(locator))\n  File \"/usr/local/lib/python3.10/dist-packages/selenium/webdriver/support/wait.py\", line 105, in until\n    raise TimeoutException(message, screen, stacktrace)\n"}, "start": 1723039037709, "stop": 1723039040956}], "start": 1723039012509, "stop": 1723039040969, "uuid": "7dbfb448-6e89-444a-a661-a2d3a256b861", "historyId": "605f1327e44636668481b9c4c06efda9", "testCaseId": "605f1327e44636668481b9c4c06efda9", "fullName": "tests.test_start#test_add_product", "labels": [{"name": "parentSuite", "value": "tests"}, {"name": "suite", "value": "test_start"}, {"name": "host", "value": "Ubuntu"}, {"name": "thread", "value": "326570-MainThread"}, {"name": "framework", "value": "pytest"}, {"name": "language", "value": "cpython3"}, {"name": "package", "value": "tests.test_start"}]}