{"name": "Создать товар", "status": "broken", "statusDetails": {"message": "selenium.common.exceptions.TimeoutException: Message: \nStacktrace:\n#0 0x5ed71c80cc5a <unknown>\n#1 0x5ed71c4efe2c <unknown>\n#2 0x5ed71c53c661 <unknown>\n#3 0x5ed71c53c751 <unknown>\n#4 0x5ed71c580f64 <unknown>\n#5 0x5ed71c55f5ed <unknown>\n#6 0x5ed71c57e303 <unknown>\n#7 0x5ed71c55f363 <unknown>\n#8 0x5ed71c52f247 <unknown>\n#9 0x5ed71c52fb9e <unknown>\n#10 0x5ed71c7d322b <unknown>\n#11 0x5ed71c7d72d1 <unknown>\n#12 0x5ed71c7beade <unknown>\n#13 0x5ed71c7d7e32 <unknown>\n#14 0x5ed71c7a377f <unknown>\n#15 0x5ed71c7fc618 <unknown>\n#16 0x5ed71c7fc7f0 <unknown>\n#17 0x5ed71c80bd8c <unknown>\n#18 0x72f3b6294ac3 <unknown>", "trace": "browser = <selenium.webdriver.chrome.webdriver.WebDriver (session=\"8eabc33846d865901599e08c17a577ad\")>, base_url = 'http://10.0.2.15:8081'\n\n    @allure.title(\"Создать товар\")\n    def test_add_product(browser, base_url):\n        admin_page = AdminPage(browser)\n        admin_page.open(base_url)\n        admin_page.login(\"user\", \"bitnami\")\n        admin_page.select_catalog()\n        admin_page.select_products()\n        admin_page.add_product()\n        admin_page.add_product_name(\"test item\")\n        admin_page.add_meta_tag(\"test\")\n        admin_page.select_data_tab()\n        admin_page.add_model(\"12345\")\n        admin_page.select_seo_tab()\n        admin_page.add_seo_name(\"12345\")\n        admin_page.save_product()\n>       admin_page.find_popup_success()\n\ntests/test_start.py:108: \n_ _ _ _ _ _ _ _ _ _ _ _ _ _ _ _ _ _ _ _ _ _ _ _ _ _ _ _ _ _ _ _ _ _ _ _ _ _ _ _ _ _ _ _ _ _ _ _ _ _ _ _ _ _ _ _ _ _ _ _ _ _ _ _ _ _ _ _ _ _ _ _ _ _ _ _ _ _ _ _ _ _ _ _ _ _ _ _ _ _ _ _ _ _ _ _ _ _ _ _ _ _ _ _ _ _ _ _ _ _\npage_objects/admin_page.py:119: in find_popup_success\n    self.get_element(self.POPUP_SUCCESS)\npage_objects/base_page.py:30: in get_element\n    return WebDriverWait(self.browser, timeout).until(EC.visibility_of_element_located(locator))\n_ _ _ _ _ _ _ _ _ _ _ _ _ _ _ _ _ _ _ _ _ _ _ _ _ _ _ _ _ _ _ _ _ _ _ _ _ _ _ _ _ _ _ _ _ _ _ _ _ _ _ _ _ _ _ _ _ _ _ _ _ _ _ _ _ _ _ _ _ _ _ _ _ _ _ _ _ _ _ _ _ _ _ _ _ _ _ _ _ _ _ _ _ _ _ _ _ _ _ _ _ _ _ _ _ _ _ _ _ _\n\nself = <selenium.webdriver.support.wait.WebDriverWait (session=\"8eabc33846d865901599e08c17a577ad\")>, method = <function visibility_of_element_located.<locals>._predicate at 0x780623201870>, message = ''\n\n    def until(self, method: Callable[[D], Union[Literal[False], T]], message: str = \"\") -> T:\n        \"\"\"Calls the method provided with the driver as an argument until the \\\n        return value does not evaluate to ``False``.\n    \n        :param method: callable(WebDriver)\n        :param message: optional message for :exc:`TimeoutException`\n        :returns: the result of the last call to `method`\n        :raises: :exc:`selenium.common.exceptions.TimeoutException` if timeout occurs\n        \"\"\"\n        screen = None\n        stacktrace = None\n    \n        end_time = time.monotonic() + self._timeout\n        while True:\n            try:\n                value = method(self._driver)\n                if value:\n                    return value\n            except self._ignored_exceptions as exc:\n                screen = getattr(exc, \"screen\", None)\n                stacktrace = getattr(exc, \"stacktrace\", None)\n            time.sleep(self._poll)\n            if time.monotonic() > end_time:\n                break\n>       raise TimeoutException(message, screen, stacktrace)\nE       selenium.common.exceptions.TimeoutException: Message: \nE       Stacktrace:\nE       #0 0x5ed71c80cc5a <unknown>\nE       #1 0x5ed71c4efe2c <unknown>\nE       #2 0x5ed71c53c661 <unknown>\nE       #3 0x5ed71c53c751 <unknown>\nE       #4 0x5ed71c580f64 <unknown>\nE       #5 0x5ed71c55f5ed <unknown>\nE       #6 0x5ed71c57e303 <unknown>\nE       #7 0x5ed71c55f363 <unknown>\nE       #8 0x5ed71c52f247 <unknown>\nE       #9 0x5ed71c52fb9e <unknown>\nE       #10 0x5ed71c7d322b <unknown>\nE       #11 0x5ed71c7d72d1 <unknown>\nE       #12 0x5ed71c7beade <unknown>\nE       #13 0x5ed71c7d7e32 <unknown>\nE       #14 0x5ed71c7a377f <unknown>\nE       #15 0x5ed71c7fc618 <unknown>\nE       #16 0x5ed71c7fc7f0 <unknown>\nE       #17 0x5ed71c80bd8c <unknown>\nE       #18 0x72f3b6294ac3 <unknown>\n\n/usr/local/lib/python3.10/dist-packages/selenium/webdriver/support/wait.py:105: TimeoutException"}, "steps": [{"name": "Открываю http://10.0.2.15:8081/administration", "status": "passed", "start": 1723034423009, "stop": 1723034423483}, {"name": "Авторизую пользователя", "status": "passed", "parameters": [{"name": "username", "value": "'user'"}, {"name": "password", "value": "'bitnami'"}], "start": 1723034423483, "stop": 1723034424711}, {"name": "Перехожу в меню Каталог", "status": "passed", "start": 1723034424712, "stop": 1723034425307}, {"name": "Выбираю товар", "status": "passed", "start": 1723034425307, "stop": 1723034426362}, {"name": "Добавляю товар в корзину", "status": "passed", "start": 1723034426362, "stop": 1723034426817}, {"name": "Получаю имя товара", "status": "passed", "parameters": [{"name": "text", "value": "'test item'"}], "start": 1723034426817, "stop": 1723034427873}, {"name": "Прописываю meta_tag", "status": "passed", "parameters": [{"name": "text", "value": "'test'"}], "start": 1723034427873, "stop": 1723034428211}, {"name": "Выбираю вкладку data", "status": "passed", "start": 1723034428211, "stop": 1723034428297}, {"name": "Прописываю артикул", "status": "passed", "parameters": [{"name": "text", "value": "'12345'"}], "start": 1723034428297, "stop": 1723034428691}, {"name": "Выбираю вкладку SEO", "status": "passed", "start": 1723034428691, "stop": 1723034428756}, {"name": "Прописываю имя SEO", "status": "passed", "parameters": [{"name": "text", "value": "'12345'"}], "start": 1723034428756, "stop": 1723034429181}, {"name": "Сохраняю товар", "status": "passed", "start": 1723034429181, "stop": 1723034429306}, {"name": "Ищу поп-ап", "status": "broken", "statusDetails": {"message": "selenium.common.exceptions.TimeoutException: Message: \nStacktrace:\n#0 0x5ed71c80cc5a <unknown>\n#1 0x5ed71c4efe2c <unknown>\n#2 0x5ed71c53c661 <unknown>\n#3 0x5ed71c53c751 <unknown>\n#4 0x5ed71c580f64 <unknown>\n#5 0x5ed71c55f5ed <unknown>\n#6 0x5ed71c57e303 <unknown>\n#7 0x5ed71c55f363 <unknown>\n#8 0x5ed71c52f247 <unknown>\n#9 0x5ed71c52fb9e <unknown>\n#10 0x5ed71c7d322b <unknown>\n#11 0x5ed71c7d72d1 <unknown>\n#12 0x5ed71c7beade <unknown>\n#13 0x5ed71c7d7e32 <unknown>\n#14 0x5ed71c7a377f <unknown>\n#15 0x5ed71c7fc618 <unknown>\n#16 0x5ed71c7fc7f0 <unknown>\n#17 0x5ed71c80bd8c <unknown>\n#18 0x72f3b6294ac3 <unknown>\n\n", "trace": "  File \"/usr/local/lib/python3.10/dist-packages/allure_commons/_allure.py\", line 192, in impl\n    return func(*a, **kw)\n  File \"/home/fuenukkusu2501/Develop/tmp/OTUS_selenium_UI/page_objects/admin_page.py\", line 119, in find_popup_success\n    self.get_element(self.POPUP_SUCCESS)\n  File \"/home/fuenukkusu2501/Develop/tmp/OTUS_selenium_UI/page_objects/base_page.py\", line 30, in get_element\n    return WebDriverWait(self.browser, timeout).until(EC.visibility_of_element_located(locator))\n  File \"/usr/local/lib/python3.10/dist-packages/selenium/webdriver/support/wait.py\", line 105, in until\n    raise TimeoutException(message, screen, stacktrace)\n"}, "start": 1723034429306, "stop": 1723034432484}], "start": 1723034423009, "stop": 1723034432485, "uuid": "793dda91-b36b-48e0-8518-80d6b84372bb", "historyId": "605f1327e44636668481b9c4c06efda9", "testCaseId": "605f1327e44636668481b9c4c06efda9", "fullName": "tests.test_start#test_add_product", "labels": [{"name": "parentSuite", "value": "tests"}, {"name": "suite", "value": "test_start"}, {"name": "host", "value": "Ubuntu"}, {"name": "thread", "value": "308095-MainThread"}, {"name": "framework", "value": "pytest"}, {"name": "language", "value": "cpython3"}, {"name": "package", "value": "tests.test_start"}]}