{"name": "Создать товар", "status": "broken", "statusDetails": {"message": "selenium.common.exceptions.TimeoutException: Message: \nStacktrace:\n#0 0x5f7e741106ba <unknown>\n#1 0x5f7e73de0730 <unknown>\n#2 0x5f7e73e2fd9b <unknown>\n#3 0x5f7e73e30081 <unknown>\n#4 0x5f7e73e73cd4 <unknown>\n#5 0x5f7e73e52a7d <unknown>\n#6 0x5f7e73e711ca <unknown>\n#7 0x5f7e73e527f3 <unknown>\n#8 0x5f7e73e22ec9 <unknown>\n#9 0x5f7e73e2391e <unknown>\n#10 0x5f7e740d69eb <unknown>\n#11 0x5f7e740da972 <unknown>\n#12 0x5f7e740c3e15 <unknown>\n#13 0x5f7e740db502 <unknown>\n#14 0x5f7e740a8d2f <unknown>\n#15 0x5f7e740ff578 <unknown>\n#16 0x5f7e740ff750 <unknown>\n#17 0x5f7e7410f48c <unknown>\n#18 0x707662822ac3 <unknown>", "trace": "browser = <selenium.webdriver.remote.webdriver.WebDriver (session=\"d38525ff1c6a78877e9c99ae83a29a8e\")>, base_url = 'http://10.0.2.15:8081'\n\n    @allure.title(\"Создать товар\")\n    def test_add_product(browser, base_url):\n        admin_page = AdminPage(browser)\n        admin_page.open(base_url)\n        admin_page.login(\"user\", \"bitnami\")\n>       admin_page.select_catalog()\n\ntests/test_start.py:98: \n_ _ _ _ _ _ _ _ _ _ _ _ _ _ _ _ _ _ _ _ _ _ _ _ _ _ _ _ _ _ _ _ _ _ _ _ _ _ _ _ _ _ _ _ _ _ _ _ _ _ _ _ _ _ _ _ _ _ _ _ _ _ _ _ _ _ _ _ _ _ _ _ _ _ _ _ _ _ _ _ _ \npage_objects/admin_page.py:65: in select_catalog\n    self.get_element(self.CATALOG_BUTTON).click()\npage_objects/base_page.py:30: in get_element\n    return WebDriverWait(self.browser, timeout).until(EC.visibility_of_element_located(locator))\n_ _ _ _ _ _ _ _ _ _ _ _ _ _ _ _ _ _ _ _ _ _ _ _ _ _ _ _ _ _ _ _ _ _ _ _ _ _ _ _ _ _ _ _ _ _ _ _ _ _ _ _ _ _ _ _ _ _ _ _ _ _ _ _ _ _ _ _ _ _ _ _ _ _ _ _ _ _ _ _ _ \n\nself = <selenium.webdriver.support.wait.WebDriverWait (session=\"d38525ff1c6a78877e9c99ae83a29a8e\")>\nmethod = <function visibility_of_element_located.<locals>._predicate at 0x759c08ace660>, message = ''\n\n    def until(self, method: Callable[[D], Union[Literal[False], T]], message: str = \"\") -> T:\n        \"\"\"Calls the method provided with the driver as an argument until the \\\n        return value does not evaluate to ``False``.\n    \n        :param method: callable(WebDriver)\n        :param message: optional message for :exc:`TimeoutException`\n        :returns: the result of the last call to `method`\n        :raises: :exc:`selenium.common.exceptions.TimeoutException` if timeout occurs\n        \"\"\"\n        screen = None\n        stacktrace = None\n    \n        end_time = time.monotonic() + self._timeout\n        while True:\n            try:\n                value = method(self._driver)\n                if value:\n                    return value\n            except self._ignored_exceptions as exc:\n                screen = getattr(exc, \"screen\", None)\n                stacktrace = getattr(exc, \"stacktrace\", None)\n            time.sleep(self._poll)\n            if time.monotonic() > end_time:\n                break\n>       raise TimeoutException(message, screen, stacktrace)\nE       selenium.common.exceptions.TimeoutException: Message: \nE       Stacktrace:\nE       #0 0x5f7e741106ba <unknown>\nE       #1 0x5f7e73de0730 <unknown>\nE       #2 0x5f7e73e2fd9b <unknown>\nE       #3 0x5f7e73e30081 <unknown>\nE       #4 0x5f7e73e73cd4 <unknown>\nE       #5 0x5f7e73e52a7d <unknown>\nE       #6 0x5f7e73e711ca <unknown>\nE       #7 0x5f7e73e527f3 <unknown>\nE       #8 0x5f7e73e22ec9 <unknown>\nE       #9 0x5f7e73e2391e <unknown>\nE       #10 0x5f7e740d69eb <unknown>\nE       #11 0x5f7e740da972 <unknown>\nE       #12 0x5f7e740c3e15 <unknown>\nE       #13 0x5f7e740db502 <unknown>\nE       #14 0x5f7e740a8d2f <unknown>\nE       #15 0x5f7e740ff578 <unknown>\nE       #16 0x5f7e740ff750 <unknown>\nE       #17 0x5f7e7410f48c <unknown>\nE       #18 0x707662822ac3 <unknown>\n\nvenv/lib/python3.12/site-packages/selenium/webdriver/support/wait.py:105: TimeoutException"}, "steps": [{"name": "Открываю http://10.0.2.15:8081/administration", "status": "passed", "start": 1724166405957, "stop": 1724166407744}, {"name": "Авторизую пользователя", "status": "passed", "parameters": [{"name": "username", "value": "'user'"}, {"name": "password", "value": "'bitnami'"}], "start": 1724166407745, "stop": 1724166409402}, {"name": "Перехожу в меню Каталог", "status": "broken", "statusDetails": {"message": "selenium.common.exceptions.TimeoutException: Message: \nStacktrace:\n#0 0x5f7e741106ba <unknown>\n#1 0x5f7e73de0730 <unknown>\n#2 0x5f7e73e2fd9b <unknown>\n#3 0x5f7e73e30081 <unknown>\n#4 0x5f7e73e73cd4 <unknown>\n#5 0x5f7e73e52a7d <unknown>\n#6 0x5f7e73e711ca <unknown>\n#7 0x5f7e73e527f3 <unknown>\n#8 0x5f7e73e22ec9 <unknown>\n#9 0x5f7e73e2391e <unknown>\n#10 0x5f7e740d69eb <unknown>\n#11 0x5f7e740da972 <unknown>\n#12 0x5f7e740c3e15 <unknown>\n#13 0x5f7e740db502 <unknown>\n#14 0x5f7e740a8d2f <unknown>\n#15 0x5f7e740ff578 <unknown>\n#16 0x5f7e740ff750 <unknown>\n#17 0x5f7e7410f48c <unknown>\n#18 0x707662822ac3 <unknown>\n\n", "trace": "  File \"/home/fuenukkusu2501/PycharmProjects/OTUS_selenium_UI/venv/lib/python3.12/site-packages/allure_commons/_allure.py\", line 192, in impl\n    return func(*a, **kw)\n           ^^^^^^^^^^^^^^\n  File \"/home/fuenukkusu2501/PycharmProjects/OTUS_selenium_UI/page_objects/admin_page.py\", line 65, in select_catalog\n    self.get_element(self.CATALOG_BUTTON).click()\n    ^^^^^^^^^^^^^^^^^^^^^^^^^^^^^^^^^^^^^\n  File \"/home/fuenukkusu2501/PycharmProjects/OTUS_selenium_UI/page_objects/base_page.py\", line 30, in get_element\n    return WebDriverWait(self.browser, timeout).until(EC.visibility_of_element_located(locator))\n           ^^^^^^^^^^^^^^^^^^^^^^^^^^^^^^^^^^^^^^^^^^^^^^^^^^^^^^^^^^^^^^^^^^^^^^^^^^^^^^^^^^^^^\n  File \"/home/fuenukkusu2501/PycharmProjects/OTUS_selenium_UI/venv/lib/python3.12/site-packages/selenium/webdriver/support/wait.py\", line 105, in until\n    raise TimeoutException(message, screen, stacktrace)\n"}, "start": 1724166409402, "stop": 1724166414928}], "start": 1724166405957, "stop": 1724166414929, "uuid": "a780cb5d-e469-4190-9dda-c75c660db46d", "historyId": "605f1327e44636668481b9c4c06efda9", "testCaseId": "605f1327e44636668481b9c4c06efda9", "fullName": "tests.test_start#test_add_product", "labels": [{"name": "parentSuite", "value": "tests"}, {"name": "suite", "value": "test_start"}, {"name": "host", "value": "fuenukkusu2501-VirtualBox"}, {"name": "thread", "value": "12109-MainThread"}, {"name": "framework", "value": "pytest"}, {"name": "language", "value": "cpython3"}, {"name": "package", "value": "tests.test_start"}]}