{"name": "Смена валюты - каталог", "status": "broken", "statusDetails": {"message": "selenium.common.exceptions.TimeoutException: Message: \nStacktrace:\n#0 0x581293ba7c5a <unknown>\n#1 0x58129388ae2c <unknown>\n#2 0x5812938d7661 <unknown>\n#3 0x5812938d7751 <unknown>\n#4 0x58129391bf64 <unknown>\n#5 0x5812938fa5ed <unknown>\n#6 0x581293919303 <unknown>\n#7 0x5812938fa363 <unknown>\n#8 0x5812938ca247 <unknown>\n#9 0x5812938cab9e <unknown>\n#10 0x581293b6e22b <unknown>\n#11 0x581293b722d1 <unknown>\n#12 0x581293b59ade <unknown>\n#13 0x581293b72e32 <unknown>\n#14 0x581293b3e77f <unknown>\n#15 0x581293b97618 <unknown>\n#16 0x581293b977f0 <unknown>\n#17 0x581293ba6d8c <unknown>\n#18 0x755fac694ac3 <unknown>", "trace": "browser = <selenium.webdriver.chrome.webdriver.WebDriver (session=\"755f1f9e35e23d88c3fe18fdd4c02e2c\")>, base_url = 'http://10.0.2.15:8081'\n\n    @allure.title(\"Смена валюты - каталог\")\n    def test_currency_change_catalog(browser, base_url):\n        catalog_page = CatalogPage(browser)\n        header = HeaderElement(browser)\n        catalog_page.open(base_url)\n        header.click_currency()\n        header.select_euro()\n>       price = HomePage(browser).get_price_value()\n\ntests/test_start.py:91: \n_ _ _ _ _ _ _ _ _ _ _ _ _ _ _ _ _ _ _ _ _ _ _ _ _ _ _ _ _ _ _ _ _ _ _ _ _ _ _ _ _ _ _ _ _ _ _ _ _ _ _ _ _ _ _ _ _ _ _ _ _ _ _ _ _ _ _ _ _ _ _ _ _ _ _ _ _ _ _ _ _ _ _ _ _ _ _ _ _ _ _ _ _ _ _ _ _ _ _ _ _ _ _ _ _ _ _ _ _ _\npage_objects/home_page.py:45: in get_price_value\n    prise = self.get_element(self.PRICE).text\npage_objects/base_page.py:30: in get_element\n    return WebDriverWait(self.browser, timeout).until(EC.visibility_of_element_located(locator))\n_ _ _ _ _ _ _ _ _ _ _ _ _ _ _ _ _ _ _ _ _ _ _ _ _ _ _ _ _ _ _ _ _ _ _ _ _ _ _ _ _ _ _ _ _ _ _ _ _ _ _ _ _ _ _ _ _ _ _ _ _ _ _ _ _ _ _ _ _ _ _ _ _ _ _ _ _ _ _ _ _ _ _ _ _ _ _ _ _ _ _ _ _ _ _ _ _ _ _ _ _ _ _ _ _ _ _ _ _ _\n\nself = <selenium.webdriver.support.wait.WebDriverWait (session=\"755f1f9e35e23d88c3fe18fdd4c02e2c\")>, method = <function visibility_of_element_located.<locals>._predicate at 0x73b7f48ce0e0>, message = ''\n\n    def until(self, method: Callable[[D], Union[Literal[False], T]], message: str = \"\") -> T:\n        \"\"\"Calls the method provided with the driver as an argument until the \\\n        return value does not evaluate to ``False``.\n    \n        :param method: callable(WebDriver)\n        :param message: optional message for :exc:`TimeoutException`\n        :returns: the result of the last call to `method`\n        :raises: :exc:`selenium.common.exceptions.TimeoutException` if timeout occurs\n        \"\"\"\n        screen = None\n        stacktrace = None\n    \n        end_time = time.monotonic() + self._timeout\n        while True:\n            try:\n                value = method(self._driver)\n                if value:\n                    return value\n            except self._ignored_exceptions as exc:\n                screen = getattr(exc, \"screen\", None)\n                stacktrace = getattr(exc, \"stacktrace\", None)\n            time.sleep(self._poll)\n            if time.monotonic() > end_time:\n                break\n>       raise TimeoutException(message, screen, stacktrace)\nE       selenium.common.exceptions.TimeoutException: Message: \nE       Stacktrace:\nE       #0 0x581293ba7c5a <unknown>\nE       #1 0x58129388ae2c <unknown>\nE       #2 0x5812938d7661 <unknown>\nE       #3 0x5812938d7751 <unknown>\nE       #4 0x58129391bf64 <unknown>\nE       #5 0x5812938fa5ed <unknown>\nE       #6 0x581293919303 <unknown>\nE       #7 0x5812938fa363 <unknown>\nE       #8 0x5812938ca247 <unknown>\nE       #9 0x5812938cab9e <unknown>\nE       #10 0x581293b6e22b <unknown>\nE       #11 0x581293b722d1 <unknown>\nE       #12 0x581293b59ade <unknown>\nE       #13 0x581293b72e32 <unknown>\nE       #14 0x581293b3e77f <unknown>\nE       #15 0x581293b97618 <unknown>\nE       #16 0x581293b977f0 <unknown>\nE       #17 0x581293ba6d8c <unknown>\nE       #18 0x755fac694ac3 <unknown>\n\n/usr/local/lib/python3.10/dist-packages/selenium/webdriver/support/wait.py:105: TimeoutException"}, "steps": [{"name": "Открываю http://10.0.2.15:8081/en-gb/catalog/laptop-notebook", "status": "passed", "start": 1723039003210, "stop": 1723039004726}, {"name": "Кликаю на Валюты", "status": "passed", "start": 1723039004726, "stop": 1723039005170}, {"name": "Выбираю евро", "status": "passed", "start": 1723039005170, "stop": 1723039005608}, {"name": "Получаю валюту цены товара", "status": "broken", "statusDetails": {"message": "selenium.common.exceptions.TimeoutException: Message: \nStacktrace:\n#0 0x581293ba7c5a <unknown>\n#1 0x58129388ae2c <unknown>\n#2 0x5812938d7661 <unknown>\n#3 0x5812938d7751 <unknown>\n#4 0x58129391bf64 <unknown>\n#5 0x5812938fa5ed <unknown>\n#6 0x581293919303 <unknown>\n#7 0x5812938fa363 <unknown>\n#8 0x5812938ca247 <unknown>\n#9 0x5812938cab9e <unknown>\n#10 0x581293b6e22b <unknown>\n#11 0x581293b722d1 <unknown>\n#12 0x581293b59ade <unknown>\n#13 0x581293b72e32 <unknown>\n#14 0x581293b3e77f <unknown>\n#15 0x581293b97618 <unknown>\n#16 0x581293b977f0 <unknown>\n#17 0x581293ba6d8c <unknown>\n#18 0x755fac694ac3 <unknown>\n\n", "trace": "  File \"/usr/local/lib/python3.10/dist-packages/allure_commons/_allure.py\", line 192, in impl\n    return func(*a, **kw)\n  File \"/home/fuenukkusu2501/Develop/tmp/OTUS_selenium_UI/page_objects/home_page.py\", line 45, in get_price_value\n    prise = self.get_element(self.PRICE).text\n  File \"/home/fuenukkusu2501/Develop/tmp/OTUS_selenium_UI/page_objects/base_page.py\", line 30, in get_element\n    return WebDriverWait(self.browser, timeout).until(EC.visibility_of_element_located(locator))\n  File \"/usr/local/lib/python3.10/dist-packages/selenium/webdriver/support/wait.py\", line 105, in until\n    raise TimeoutException(message, screen, stacktrace)\n"}, "start": 1723039005608, "stop": 1723039008886}], "start": 1723039003208, "stop": 1723039008891, "uuid": "f6cf68e2-3019-44d5-a1c8-261033a7d205", "historyId": "3fa10930be4abb4a820f9e2e7c40c054", "testCaseId": "3fa10930be4abb4a820f9e2e7c40c054", "fullName": "tests.test_start#test_currency_change_catalog", "labels": [{"name": "parentSuite", "value": "tests"}, {"name": "suite", "value": "test_start"}, {"name": "host", "value": "Ubuntu"}, {"name": "thread", "value": "326570-MainThread"}, {"name": "framework", "value": "pytest"}, {"name": "language", "value": "cpython3"}, {"name": "package", "value": "tests.test_start"}]}