{"name": "Создать товар", "status": "broken", "statusDetails": {"message": "selenium.common.exceptions.TimeoutException: Message: \nStacktrace:\n#0 0x55d899b766ba <unknown>\n#1 0x55d899846730 <unknown>\n#2 0x55d899895d9b <unknown>\n#3 0x55d899896081 <unknown>\n#4 0x55d8998d9cd4 <unknown>\n#5 0x55d8998b8a7d <unknown>\n#6 0x55d8998d71ca <unknown>\n#7 0x55d8998b87f3 <unknown>\n#8 0x55d899888ec9 <unknown>\n#9 0x55d89988991e <unknown>\n#10 0x55d899b3c9eb <unknown>\n#11 0x55d899b40972 <unknown>\n#12 0x55d899b29e15 <unknown>\n#13 0x55d899b41502 <unknown>\n#14 0x55d899b0ed2f <unknown>\n#15 0x55d899b65578 <unknown>\n#16 0x55d899b65750 <unknown>\n#17 0x55d899b7548c <unknown>\n#18 0x720068746ac3 <unknown>", "trace": "browser = <selenium.webdriver.remote.webdriver.WebDriver (session=\"aa88f1f20951a5e2d04b1be282ac9fce\")>, base_url = 'http://10.0.2.15:8081'\n\n    @allure.title(\"Создать товар\")\n    def test_add_product(browser, base_url):\n        admin_page = AdminPage(browser)\n        admin_page.open(base_url)\n        admin_page.login(\"user\", \"bitnami\")\n>       admin_page.select_catalog()\n\ntests/test_start.py:98: \n_ _ _ _ _ _ _ _ _ _ _ _ _ _ _ _ _ _ _ _ _ _ _ _ _ _ _ _ _ _ _ _ _ _ _ _ _ _ _ _ _ _ _ _ _ _ _ _ _ _ _ _ _ _ _ _ _ _ _ _ _ _ _ _ _ _ _ _ _ _ _ _ _\npage_objects/admin_page.py:65: in select_catalog\n    self.get_element(self.CATALOG_BUTTON).click()\npage_objects/base_page.py:30: in get_element\n    return WebDriverWait(self.browser, timeout).until(EC.visibility_of_element_located(locator))\n_ _ _ _ _ _ _ _ _ _ _ _ _ _ _ _ _ _ _ _ _ _ _ _ _ _ _ _ _ _ _ _ _ _ _ _ _ _ _ _ _ _ _ _ _ _ _ _ _ _ _ _ _ _ _ _ _ _ _ _ _ _ _ _ _ _ _ _ _ _ _ _ _\n\nself = <selenium.webdriver.support.wait.WebDriverWait (session=\"aa88f1f20951a5e2d04b1be282ac9fce\")>\nmethod = <function visibility_of_element_located.<locals>._predicate at 0x7d0054a4c040>, message = ''\n\n    def until(self, method: Callable[[D], Union[Literal[False], T]], message: str = \"\") -> T:\n        \"\"\"Calls the method provided with the driver as an argument until the \\\n        return value does not evaluate to ``False``.\n    \n        :param method: callable(WebDriver)\n        :param message: optional message for :exc:`TimeoutException`\n        :returns: the result of the last call to `method`\n        :raises: :exc:`selenium.common.exceptions.TimeoutException` if timeout occurs\n        \"\"\"\n        screen = None\n        stacktrace = None\n    \n        end_time = time.monotonic() + self._timeout\n        while True:\n            try:\n                value = method(self._driver)\n                if value:\n                    return value\n            except self._ignored_exceptions as exc:\n                screen = getattr(exc, \"screen\", None)\n                stacktrace = getattr(exc, \"stacktrace\", None)\n            time.sleep(self._poll)\n            if time.monotonic() > end_time:\n                break\n>       raise TimeoutException(message, screen, stacktrace)\nE       selenium.common.exceptions.TimeoutException: Message: \nE       Stacktrace:\nE       #0 0x55d899b766ba <unknown>\nE       #1 0x55d899846730 <unknown>\nE       #2 0x55d899895d9b <unknown>\nE       #3 0x55d899896081 <unknown>\nE       #4 0x55d8998d9cd4 <unknown>\nE       #5 0x55d8998b8a7d <unknown>\nE       #6 0x55d8998d71ca <unknown>\nE       #7 0x55d8998b87f3 <unknown>\nE       #8 0x55d899888ec9 <unknown>\nE       #9 0x55d89988991e <unknown>\nE       #10 0x55d899b3c9eb <unknown>\nE       #11 0x55d899b40972 <unknown>\nE       #12 0x55d899b29e15 <unknown>\nE       #13 0x55d899b41502 <unknown>\nE       #14 0x55d899b0ed2f <unknown>\nE       #15 0x55d899b65578 <unknown>\nE       #16 0x55d899b65750 <unknown>\nE       #17 0x55d899b7548c <unknown>\nE       #18 0x720068746ac3 <unknown>\n\n../../../.local/lib/python3.10/site-packages/selenium/webdriver/support/wait.py:105: TimeoutException"}, "steps": [{"name": "Открываю http://10.0.2.15:8081/administration", "status": "passed", "start": 1723998082919, "stop": 1723998087626}, {"name": "Авторизую пользователя", "status": "passed", "parameters": [{"name": "username", "value": "'user'"}, {"name": "password", "value": "'bitnami'"}], "start": 1723998087626, "stop": 1723998095244}, {"name": "Перехожу в меню Каталог", "status": "broken", "statusDetails": {"message": "selenium.common.exceptions.TimeoutException: Message: \nStacktrace:\n#0 0x55d899b766ba <unknown>\n#1 0x55d899846730 <unknown>\n#2 0x55d899895d9b <unknown>\n#3 0x55d899896081 <unknown>\n#4 0x55d8998d9cd4 <unknown>\n#5 0x55d8998b8a7d <unknown>\n#6 0x55d8998d71ca <unknown>\n#7 0x55d8998b87f3 <unknown>\n#8 0x55d899888ec9 <unknown>\n#9 0x55d89988991e <unknown>\n#10 0x55d899b3c9eb <unknown>\n#11 0x55d899b40972 <unknown>\n#12 0x55d899b29e15 <unknown>\n#13 0x55d899b41502 <unknown>\n#14 0x55d899b0ed2f <unknown>\n#15 0x55d899b65578 <unknown>\n#16 0x55d899b65750 <unknown>\n#17 0x55d899b7548c <unknown>\n#18 0x720068746ac3 <unknown>\n\n", "trace": "  File \"/home/fuenukkusu2501/.local/lib/python3.10/site-packages/allure_commons/_allure.py\", line 192, in impl\n    return func(*a, **kw)\n  File \"/home/fuenukkusu2501/Develop/tmp/OTUS_selenium_UI/page_objects/admin_page.py\", line 65, in select_catalog\n    self.get_element(self.CATALOG_BUTTON).click()\n  File \"/home/fuenukkusu2501/Develop/tmp/OTUS_selenium_UI/page_objects/base_page.py\", line 30, in get_element\n    return WebDriverWait(self.browser, timeout).until(EC.visibility_of_element_located(locator))\n  File \"/home/fuenukkusu2501/.local/lib/python3.10/site-packages/selenium/webdriver/support/wait.py\", line 105, in until\n    raise TimeoutException(message, screen, stacktrace)\n"}, "start": 1723998095245, "stop": 1723998099446}], "start": 1723998082918, "stop": 1723998099446, "uuid": "2fe819d3-8941-43bb-abe6-c5a7a2d539b6", "historyId": "605f1327e44636668481b9c4c06efda9", "testCaseId": "605f1327e44636668481b9c4c06efda9", "fullName": "tests.test_start#test_add_product", "labels": [{"name": "parentSuite", "value": "tests"}, {"name": "suite", "value": "test_start"}, {"name": "host", "value": "Ubuntu"}, {"name": "thread", "value": "71463-MainThread"}, {"name": "framework", "value": "pytest"}, {"name": "language", "value": "cpython3"}, {"name": "package", "value": "tests.test_start"}]}