{"name": "Создать товар", "status": "broken", "statusDetails": {"message": "selenium.common.exceptions.TimeoutException: Message: \nStacktrace:\n#0 0x57e625c92c5a <unknown>\n#1 0x57e625975e2c <unknown>\n#2 0x57e6259c2661 <unknown>\n#3 0x57e6259c2751 <unknown>\n#4 0x57e625a06f64 <unknown>\n#5 0x57e6259e55ed <unknown>\n#6 0x57e625a04303 <unknown>\n#7 0x57e6259e5363 <unknown>\n#8 0x57e6259b5247 <unknown>\n#9 0x57e6259b5b9e <unknown>\n#10 0x57e625c5922b <unknown>\n#11 0x57e625c5d2d1 <unknown>\n#12 0x57e625c44ade <unknown>\n#13 0x57e625c5de32 <unknown>\n#14 0x57e625c2977f <unknown>\n#15 0x57e625c82618 <unknown>\n#16 0x57e625c827f0 <unknown>\n#17 0x57e625c91d8c <unknown>\n#18 0x7c2046a94ac3 <unknown>", "trace": "browser = <selenium.webdriver.chrome.webdriver.WebDriver (session=\"791d8a733f039e5729c618e457dc1e7b\")>, base_url = 'http://10.0.2.15:8081'\n\n    @allure.title(\"Создать товар\")\n    def test_add_product(browser, base_url):\n        admin_page = AdminPage(browser)\n        admin_page.open(base_url)\n        admin_page.login(\"user\", \"bitnami\")\n        admin_page.select_catalog()\n        admin_page.select_products()\n        admin_page.add_product()\n        admin_page.add_product_name(\"test item\")\n        admin_page.add_meta_tag(\"test\")\n        admin_page.select_data_tab()\n        admin_page.add_model(\"12345\")\n        admin_page.select_seo_tab()\n        admin_page.add_seo_name(\"12345\")\n        admin_page.save_product()\n>       admin_page.find_popup_success()\n\ntests/test_start.py:114: \n_ _ _ _ _ _ _ _ _ _ _ _ _ _ _ _ _ _ _ _ _ _ _ _ _ _ _ _ _ _ _ _ _ _ _ _ _ _ _ _ _ _ _ _ _ _ _ _ _ _ _ _ _ _ _ _ _ _ _ _ _ _ _ _ _ _ _ _ _ _ _ _ _ _ _ _ _ _ _ _ _ _ _ _ _ _ _ _ _ _ _ _ _ _ _ _ _ _ _ _ _ _ _ _ _ _ _ _ _ _\npage_objects/admin_page.py:119: in find_popup_success\n    self.get_element(self.POPUP_SUCCESS)\npage_objects/base_page.py:30: in get_element\n    return WebDriverWait(self.browser, timeout).until(EC.visibility_of_element_located(locator))\n_ _ _ _ _ _ _ _ _ _ _ _ _ _ _ _ _ _ _ _ _ _ _ _ _ _ _ _ _ _ _ _ _ _ _ _ _ _ _ _ _ _ _ _ _ _ _ _ _ _ _ _ _ _ _ _ _ _ _ _ _ _ _ _ _ _ _ _ _ _ _ _ _ _ _ _ _ _ _ _ _ _ _ _ _ _ _ _ _ _ _ _ _ _ _ _ _ _ _ _ _ _ _ _ _ _ _ _ _ _\n\nself = <selenium.webdriver.support.wait.WebDriverWait (session=\"791d8a733f039e5729c618e457dc1e7b\")>, method = <function visibility_of_element_located.<locals>._predicate at 0x7388b78d6290>, message = ''\n\n    def until(self, method: Callable[[D], Union[Literal[False], T]], message: str = \"\") -> T:\n        \"\"\"Calls the method provided with the driver as an argument until the \\\n        return value does not evaluate to ``False``.\n    \n        :param method: callable(WebDriver)\n        :param message: optional message for :exc:`TimeoutException`\n        :returns: the result of the last call to `method`\n        :raises: :exc:`selenium.common.exceptions.TimeoutException` if timeout occurs\n        \"\"\"\n        screen = None\n        stacktrace = None\n    \n        end_time = time.monotonic() + self._timeout\n        while True:\n            try:\n                value = method(self._driver)\n                if value:\n                    return value\n            except self._ignored_exceptions as exc:\n                screen = getattr(exc, \"screen\", None)\n                stacktrace = getattr(exc, \"stacktrace\", None)\n            time.sleep(self._poll)\n            if time.monotonic() > end_time:\n                break\n>       raise TimeoutException(message, screen, stacktrace)\nE       selenium.common.exceptions.TimeoutException: Message: \nE       Stacktrace:\nE       #0 0x57e625c92c5a <unknown>\nE       #1 0x57e625975e2c <unknown>\nE       #2 0x57e6259c2661 <unknown>\nE       #3 0x57e6259c2751 <unknown>\nE       #4 0x57e625a06f64 <unknown>\nE       #5 0x57e6259e55ed <unknown>\nE       #6 0x57e625a04303 <unknown>\nE       #7 0x57e6259e5363 <unknown>\nE       #8 0x57e6259b5247 <unknown>\nE       #9 0x57e6259b5b9e <unknown>\nE       #10 0x57e625c5922b <unknown>\nE       #11 0x57e625c5d2d1 <unknown>\nE       #12 0x57e625c44ade <unknown>\nE       #13 0x57e625c5de32 <unknown>\nE       #14 0x57e625c2977f <unknown>\nE       #15 0x57e625c82618 <unknown>\nE       #16 0x57e625c827f0 <unknown>\nE       #17 0x57e625c91d8c <unknown>\nE       #18 0x7c2046a94ac3 <unknown>\n\n/usr/local/lib/python3.10/dist-packages/selenium/webdriver/support/wait.py:105: TimeoutException"}, "steps": [{"name": "Открываю http://10.0.2.15:8081/administration", "status": "passed", "start": 1723035034898, "stop": 1723035035384}, {"name": "Авторизую пользователя", "status": "passed", "parameters": [{"name": "username", "value": "'user'"}, {"name": "password", "value": "'bitnami'"}], "start": 1723035035384, "stop": 1723035036817}, {"name": "Перехожу в меню Каталог", "status": "passed", "start": 1723035036818, "stop": 1723035037436}, {"name": "Выбираю товар", "status": "passed", "start": 1723035037436, "stop": 1723035038357}, {"name": "Добавляю товар в корзину", "status": "passed", "start": 1723035038357, "stop": 1723035038818}, {"name": "Получаю имя товара", "status": "passed", "parameters": [{"name": "text", "value": "'test item'"}], "start": 1723035038818, "stop": 1723035039984}, {"name": "Прописываю meta_tag", "status": "passed", "parameters": [{"name": "text", "value": "'test'"}], "start": 1723035039984, "stop": 1723035040314}, {"name": "Выбираю вкладку data", "status": "passed", "start": 1723035040314, "stop": 1723035040393}, {"name": "Прописываю артикул", "status": "passed", "parameters": [{"name": "text", "value": "'12345'"}], "start": 1723035040393, "stop": 1723035040798}, {"name": "Выбираю вкладку SEO", "status": "passed", "start": 1723035040798, "stop": 1723035040869}, {"name": "Прописываю имя SEO", "status": "passed", "parameters": [{"name": "text", "value": "'12345'"}], "start": 1723035040869, "stop": 1723035041278}, {"name": "Сохраняю товар", "status": "passed", "start": 1723035041278, "stop": 1723035041353}, {"name": "Ищу поп-ап", "status": "broken", "statusDetails": {"message": "selenium.common.exceptions.TimeoutException: Message: \nStacktrace:\n#0 0x57e625c92c5a <unknown>\n#1 0x57e625975e2c <unknown>\n#2 0x57e6259c2661 <unknown>\n#3 0x57e6259c2751 <unknown>\n#4 0x57e625a06f64 <unknown>\n#5 0x57e6259e55ed <unknown>\n#6 0x57e625a04303 <unknown>\n#7 0x57e6259e5363 <unknown>\n#8 0x57e6259b5247 <unknown>\n#9 0x57e6259b5b9e <unknown>\n#10 0x57e625c5922b <unknown>\n#11 0x57e625c5d2d1 <unknown>\n#12 0x57e625c44ade <unknown>\n#13 0x57e625c5de32 <unknown>\n#14 0x57e625c2977f <unknown>\n#15 0x57e625c82618 <unknown>\n#16 0x57e625c827f0 <unknown>\n#17 0x57e625c91d8c <unknown>\n#18 0x7c2046a94ac3 <unknown>\n\n", "trace": "  File \"/usr/local/lib/python3.10/dist-packages/allure_commons/_allure.py\", line 192, in impl\n    return func(*a, **kw)\n  File \"/home/fuenukkusu2501/Develop/tmp/OTUS_selenium_UI/page_objects/admin_page.py\", line 119, in find_popup_success\n    self.get_element(self.POPUP_SUCCESS)\n  File \"/home/fuenukkusu2501/Develop/tmp/OTUS_selenium_UI/page_objects/base_page.py\", line 30, in get_element\n    return WebDriverWait(self.browser, timeout).until(EC.visibility_of_element_located(locator))\n  File \"/usr/local/lib/python3.10/dist-packages/selenium/webdriver/support/wait.py\", line 105, in until\n    raise TimeoutException(message, screen, stacktrace)\n"}, "start": 1723035041353, "stop": 1723035044483}], "start": 1723035034898, "stop": 1723035044484, "uuid": "78c7fe6b-b661-4fbf-b0fe-76f41d9d19eb", "historyId": "605f1327e44636668481b9c4c06efda9", "testCaseId": "605f1327e44636668481b9c4c06efda9", "fullName": "tests.test_start#test_add_product", "labels": [{"name": "parentSuite", "value": "tests"}, {"name": "suite", "value": "test_start"}, {"name": "host", "value": "Ubuntu"}, {"name": "thread", "value": "316079-MainThread"}, {"name": "framework", "value": "pytest"}, {"name": "language", "value": "cpython3"}, {"name": "package", "value": "tests.test_start"}]}