{"name": "test_add_to_cart", "status": "broken", "statusDetails": {"message": "selenium.common.exceptions.ElementClickInterceptedException: Message: element click intercepted: Element is not clickable at point (1425, -13)\n  (Session info: chrome=123.0.6312.105)\nStacktrace:\n#0 0x64dddf5a0863 <unknown>\n#1 0x64dddf2968c6 <unknown>\n#2 0x64dddf2e8233 <unknown>\n#3 0x64dddf2e614e <unknown>\n#4 0x64dddf2e3b27 <unknown>\n#5 0x64dddf2e2ed3 <unknown>\n#6 0x64dddf2d6507 <unknown>\n#7 0x64dddf3035a2 <unknown>\n#8 0x64dddf2d5e98 <unknown>\n#9 0x64dddf30376e <unknown>\n#10 0x64dddf321c19 <unknown>\n#11 0x64dddf303343 <unknown>\n#12 0x64dddf2d4593 <unknown>\n#13 0x64dddf2d4f5e <unknown>\n#14 0x64dddf56484b <unknown>\n#15 0x64dddf5687a5 <unknown>\n#16 0x64dddf552571 <unknown>\n#17 0x64dddf569332 <unknown>\n#18 0x64dddf53787f <unknown>\n#19 0x64dddf58f728 <unknown>\n#20 0x64dddf58f8fb <unknown>\n#21 0x64dddf59f9b4 <unknown>\n#22 0x72bbf3e94ac3 <unknown>", "trace": "browser = <selenium.webdriver.chrome.webdriver.WebDriver (session=\"1e78982e7ed2b997001369c0ac5d2372\")>, base_url = 'http://10.0.2.15:8081'\n\n    def test_add_to_cart(browser, base_url):\n        home_page = HomePage(browser)\n        home_page.open(base_url)\n        home_page.scroll_down()\n        home_page.add_product_to_cart()\n        product_name_listing = home_page.get_product_name_listing()\n        home_page.scroll_up()\n>       home_page.click_cart_button()\n\ntests/test_start.py:59: \n_ _ _ _ _ _ _ _ _ _ _ _ _ _ _ _ _ _ _ _ _ _ _ _ _ _ _ _ _ _ _ _ _ _ _ _ _ _ _ _ _ _ _ _ _ _ _ _ _ _ _ _ _ _ _ _ _ _ _ _ _ _ _ _ _ _ _ _ _ _ _ _ _ _ _ _ _ _ _ _ _ _ _ _ _ _ _ _ _ _ _ _ _ _ _ _ _ _ _ _ _ _ _ _ _ _ _ _ _ _ _ _ _ _ _ _ _ _ _ _ _ _ _ _ _ _ _ _ _ _ _ _ _ _ _ _ _ _ _ _ _ _ _ _ _ _ _ _ _ _ _ _ _ _ _ _ _ _ _ _ _ _ _ _ _ _ _ _ _ _ _ _ _ _ _ _ _ _ _ _ _ _ _ _ _ _ _ _ _ _ _ _ _ _ _ _ _ _ _ _ _ _ _ _ _\npage_objects/home_page.py:33: in click_cart_button\n    self.get_element(self.HOMEPAGE_CART_BUTTON).click()\n../../../.local/lib/python3.10/site-packages/selenium/webdriver/remote/webelement.py:94: in click\n    self._execute(Command.CLICK_ELEMENT)\n../../../.local/lib/python3.10/site-packages/selenium/webdriver/remote/webelement.py:395: in _execute\n    return self._parent.execute(command, params)\n../../../.local/lib/python3.10/site-packages/selenium/webdriver/remote/webdriver.py:347: in execute\n    self.error_handler.check_response(response)\n_ _ _ _ _ _ _ _ _ _ _ _ _ _ _ _ _ _ _ _ _ _ _ _ _ _ _ _ _ _ _ _ _ _ _ _ _ _ _ _ _ _ _ _ _ _ _ _ _ _ _ _ _ _ _ _ _ _ _ _ _ _ _ _ _ _ _ _ _ _ _ _ _ _ _ _ _ _ _ _ _ _ _ _ _ _ _ _ _ _ _ _ _ _ _ _ _ _ _ _ _ _ _ _ _ _ _ _ _ _ _ _ _ _ _ _ _ _ _ _ _ _ _ _ _ _ _ _ _ _ _ _ _ _ _ _ _ _ _ _ _ _ _ _ _ _ _ _ _ _ _ _ _ _ _ _ _ _ _ _ _ _ _ _ _ _ _ _ _ _ _ _ _ _ _ _ _ _ _ _ _ _ _ _ _ _ _ _ _ _ _ _ _ _ _ _ _ _ _ _ _ _ _ _ _\n\nself = <selenium.webdriver.remote.errorhandler.ErrorHandler object at 0x7005dc5de3b0>, response = {'status': 400, 'value': '{\"value\":{\"error\":\"element click intercepted\",\"message\":\"element click intercepted: Element ...\\\\n#20 0x64dddf58f8fb \\\\u003Cunknown>\\\\n#21 0x64dddf59f9b4 \\\\u003Cunknown>\\\\n#22 0x72bbf3e94ac3 \\\\u003Cunknown>\\\\n\"}}'}\n\n    def check_response(self, response: Dict[str, Any]) -> None:\n        \"\"\"Checks that a JSON response from the WebDriver does not have an\n        error.\n    \n        :Args:\n         - response - The JSON response from the WebDriver server as a dictionary\n           object.\n    \n        :Raises: If the response contains an error message.\n        \"\"\"\n        status = response.get(\"status\", None)\n        if not status or status == ErrorCode.SUCCESS:\n            return\n        value = None\n        message = response.get(\"message\", \"\")\n        screen: str = response.get(\"screen\", \"\")\n        stacktrace = None\n        if isinstance(status, int):\n            value_json = response.get(\"value\", None)\n            if value_json and isinstance(value_json, str):\n                import json\n    \n                try:\n                    value = json.loads(value_json)\n                    if len(value) == 1:\n                        value = value[\"value\"]\n                    status = value.get(\"error\", None)\n                    if not status:\n                        status = value.get(\"status\", ErrorCode.UNKNOWN_ERROR)\n                        message = value.get(\"value\") or value.get(\"message\")\n                        if not isinstance(message, str):\n                            value = message\n                            message = message.get(\"message\")\n                    else:\n                        message = value.get(\"message\", None)\n                except ValueError:\n                    pass\n    \n        exception_class: Type[WebDriverException]\n        e = ErrorCode()\n        error_codes = [item for item in dir(e) if not item.startswith(\"__\")]\n        for error_code in error_codes:\n            error_info = getattr(ErrorCode, error_code)\n            if isinstance(error_info, list) and status in error_info:\n                exception_class = getattr(ExceptionMapping, error_code, WebDriverException)\n                break\n        else:\n            exception_class = WebDriverException\n    \n        if not value:\n            value = response[\"value\"]\n        if isinstance(value, str):\n            raise exception_class(value)\n        if message == \"\" and \"message\" in value:\n            message = value[\"message\"]\n    \n        screen = None  # type: ignore[assignment]\n        if \"screen\" in value:\n            screen = value[\"screen\"]\n    \n        stacktrace = None\n        st_value = value.get(\"stackTrace\") or value.get(\"stacktrace\")\n        if st_value:\n            if isinstance(st_value, str):\n                stacktrace = st_value.split(\"\\n\")\n            else:\n                stacktrace = []\n                try:\n                    for frame in st_value:\n                        line = frame.get(\"lineNumber\", \"\")\n                        file = frame.get(\"fileName\", \"<anonymous>\")\n                        if line:\n                            file = f\"{file}:{line}\"\n                        meth = frame.get(\"methodName\", \"<anonymous>\")\n                        if \"className\" in frame:\n                            meth = f\"{frame['className']}.{meth}\"\n                        msg = \"    at %s (%s)\"\n                        msg = msg % (meth, file)\n                        stacktrace.append(msg)\n                except TypeError:\n                    pass\n        if exception_class == UnexpectedAlertPresentException:\n            alert_text = None\n            if \"data\" in value:\n                alert_text = value[\"data\"].get(\"text\")\n            elif \"alert\" in value:\n                alert_text = value[\"alert\"].get(\"text\")\n            raise exception_class(message, screen, stacktrace, alert_text)  # type: ignore[call-arg]  # mypy is not smart enough here\n>       raise exception_class(message, screen, stacktrace)\nE       selenium.common.exceptions.ElementClickInterceptedException: Message: element click intercepted: Element is not clickable at point (1425, -13)\nE         (Session info: chrome=123.0.6312.105)\nE       Stacktrace:\nE       #0 0x64dddf5a0863 <unknown>\nE       #1 0x64dddf2968c6 <unknown>\nE       #2 0x64dddf2e8233 <unknown>\nE       #3 0x64dddf2e614e <unknown>\nE       #4 0x64dddf2e3b27 <unknown>\nE       #5 0x64dddf2e2ed3 <unknown>\nE       #6 0x64dddf2d6507 <unknown>\nE       #7 0x64dddf3035a2 <unknown>\nE       #8 0x64dddf2d5e98 <unknown>\nE       #9 0x64dddf30376e <unknown>\nE       #10 0x64dddf321c19 <unknown>\nE       #11 0x64dddf303343 <unknown>\nE       #12 0x64dddf2d4593 <unknown>\nE       #13 0x64dddf2d4f5e <unknown>\nE       #14 0x64dddf56484b <unknown>\nE       #15 0x64dddf5687a5 <unknown>\nE       #16 0x64dddf552571 <unknown>\nE       #17 0x64dddf569332 <unknown>\nE       #18 0x64dddf53787f <unknown>\nE       #19 0x64dddf58f728 <unknown>\nE       #20 0x64dddf58f8fb <unknown>\nE       #21 0x64dddf59f9b4 <unknown>\nE       #22 0x72bbf3e94ac3 <unknown>\n\n../../../.local/lib/python3.10/site-packages/selenium/webdriver/remote/errorhandler.py:229: ElementClickInterceptedException"}, "start": 1717934880580, "stop": 1717934884074, "uuid": "818b8a26-0d5b-4d6f-9603-77388b5f2491", "historyId": "2987328dc021ab097458a9c10fd9e829", "testCaseId": "2987328dc021ab097458a9c10fd9e829", "fullName": "tests.test_start#test_add_to_cart", "labels": [{"name": "parentSuite", "value": "tests"}, {"name": "suite", "value": "test_start"}, {"name": "host", "value": "Ubuntu"}, {"name": "thread", "value": "11565-MainThread"}, {"name": "framework", "value": "pytest"}, {"name": "language", "value": "cpython3"}, {"name": "package", "value": "tests.test_start"}]}