{"name": "Смена валюты - каталог", "status": "broken", "statusDetails": {"message": "selenium.common.exceptions.TimeoutException: Message: \nStacktrace:\n#0 0x63672682c6ba <unknown>\n#1 0x6367264fc730 <unknown>\n#2 0x63672654bd9b <unknown>\n#3 0x63672654c081 <unknown>\n#4 0x63672658fcd4 <unknown>\n#5 0x63672656ea7d <unknown>\n#6 0x63672658d1ca <unknown>\n#7 0x63672656e7f3 <unknown>\n#8 0x63672653eec9 <unknown>\n#9 0x63672653f91e <unknown>\n#10 0x6367267f29eb <unknown>\n#11 0x6367267f6972 <unknown>\n#12 0x6367267dfe15 <unknown>\n#13 0x6367267f7502 <unknown>\n#14 0x6367267c4d2f <unknown>\n#15 0x63672681b578 <unknown>\n#16 0x63672681b750 <unknown>\n#17 0x63672682b48c <unknown>\n#18 0x7c4d08ae5ac3 <unknown>", "trace": "browser = <selenium.webdriver.remote.webdriver.WebDriver (session=\"432d1a887d04bd32424a68274f1e24fa\")>, base_url = 'http://10.0.2.15:8081'\n\n    @allure.title(\"Смена валюты - каталог\")\n    def test_currency_change_catalog(browser, base_url):\n        catalog_page = CatalogPage(browser)\n        header = HeaderElement(browser)\n        catalog_page.open(base_url)\n        header.click_currency()\n>       header.select_euro()\n\ntests/test_start.py:87: \n_ _ _ _ _ _ _ _ _ _ _ _ _ _ _ _ _ _ _ _ _ _ _ _ _ _ _ _ _ _ _ _ _ _ _ _ _ _ _ _ _ _ _ _ _ _ _ _ _ _ _ _ _ _ _ _ _ _ _ _ _ _ _ _ _ _ _ _ _ _ _ _ _ _ _ _ _ _ _ _ _ _ _ _ _ _ _ _ _ _ _ _ _ _ _ _ _ _ _ _ _ _ _ _ _ _ _ _ _ _\npage_objects/header_element.py:20: in select_euro\n    self.get_element((By.XPATH, \"//*[text()='€ Euro']\")).click()\npage_objects/base_page.py:30: in get_element\n    return WebDriverWait(self.browser, timeout).until(EC.visibility_of_element_located(locator))\n_ _ _ _ _ _ _ _ _ _ _ _ _ _ _ _ _ _ _ _ _ _ _ _ _ _ _ _ _ _ _ _ _ _ _ _ _ _ _ _ _ _ _ _ _ _ _ _ _ _ _ _ _ _ _ _ _ _ _ _ _ _ _ _ _ _ _ _ _ _ _ _ _ _ _ _ _ _ _ _ _ _ _ _ _ _ _ _ _ _ _ _ _ _ _ _ _ _ _ _ _ _ _ _ _ _ _ _ _ _\n\nself = <selenium.webdriver.support.wait.WebDriverWait (session=\"432d1a887d04bd32424a68274f1e24fa\")>, method = <function visibility_of_element_located.<locals>._predicate at 0x72efd6ba5480>, message = ''\n\n    def until(self, method: Callable[[D], Union[Literal[False], T]], message: str = \"\") -> T:\n        \"\"\"Calls the method provided with the driver as an argument until the \\\n        return value does not evaluate to ``False``.\n    \n        :param method: callable(WebDriver)\n        :param message: optional message for :exc:`TimeoutException`\n        :returns: the result of the last call to `method`\n        :raises: :exc:`selenium.common.exceptions.TimeoutException` if timeout occurs\n        \"\"\"\n        screen = None\n        stacktrace = None\n    \n        end_time = time.monotonic() + self._timeout\n        while True:\n            try:\n                value = method(self._driver)\n                if value:\n                    return value\n            except self._ignored_exceptions as exc:\n                screen = getattr(exc, \"screen\", None)\n                stacktrace = getattr(exc, \"stacktrace\", None)\n            time.sleep(self._poll)\n            if time.monotonic() > end_time:\n                break\n>       raise TimeoutException(message, screen, stacktrace)\nE       selenium.common.exceptions.TimeoutException: Message: \nE       Stacktrace:\nE       #0 0x63672682c6ba <unknown>\nE       #1 0x6367264fc730 <unknown>\nE       #2 0x63672654bd9b <unknown>\nE       #3 0x63672654c081 <unknown>\nE       #4 0x63672658fcd4 <unknown>\nE       #5 0x63672656ea7d <unknown>\nE       #6 0x63672658d1ca <unknown>\nE       #7 0x63672656e7f3 <unknown>\nE       #8 0x63672653eec9 <unknown>\nE       #9 0x63672653f91e <unknown>\nE       #10 0x6367267f29eb <unknown>\nE       #11 0x6367267f6972 <unknown>\nE       #12 0x6367267dfe15 <unknown>\nE       #13 0x6367267f7502 <unknown>\nE       #14 0x6367267c4d2f <unknown>\nE       #15 0x63672681b578 <unknown>\nE       #16 0x63672681b750 <unknown>\nE       #17 0x63672682b48c <unknown>\nE       #18 0x7c4d08ae5ac3 <unknown>\n\n../../../.local/lib/python3.10/site-packages/selenium/webdriver/support/wait.py:105: TimeoutException"}, "steps": [{"name": "Открываю http://10.0.2.15:8081/en-gb/catalog/laptop-notebook", "status": "passed", "start": 1723799712542, "stop": 1723799714038}, {"name": "Кликаю на Валюты", "status": "passed", "start": 1723799714038, "stop": 1723799715323}, {"name": "Выбираю евро", "status": "broken", "statusDetails": {"message": "selenium.common.exceptions.TimeoutException: Message: \nStacktrace:\n#0 0x63672682c6ba <unknown>\n#1 0x6367264fc730 <unknown>\n#2 0x63672654bd9b <unknown>\n#3 0x63672654c081 <unknown>\n#4 0x63672658fcd4 <unknown>\n#5 0x63672656ea7d <unknown>\n#6 0x63672658d1ca <unknown>\n#7 0x63672656e7f3 <unknown>\n#8 0x63672653eec9 <unknown>\n#9 0x63672653f91e <unknown>\n#10 0x6367267f29eb <unknown>\n#11 0x6367267f6972 <unknown>\n#12 0x6367267dfe15 <unknown>\n#13 0x6367267f7502 <unknown>\n#14 0x6367267c4d2f <unknown>\n#15 0x63672681b578 <unknown>\n#16 0x63672681b750 <unknown>\n#17 0x63672682b48c <unknown>\n#18 0x7c4d08ae5ac3 <unknown>\n\n", "trace": "  File \"/home/fuenukkusu2501/.local/lib/python3.10/site-packages/allure_commons/_allure.py\", line 192, in impl\n    return func(*a, **kw)\n  File \"/home/fuenukkusu2501/Develop/tmp/OTUS_selenium_UI/page_objects/header_element.py\", line 20, in select_euro\n    self.get_element((By.XPATH, \"//*[text()='€ Euro']\")).click()\n  File \"/home/fuenukkusu2501/Develop/tmp/OTUS_selenium_UI/page_objects/base_page.py\", line 30, in get_element\n    return WebDriverWait(self.browser, timeout).until(EC.visibility_of_element_located(locator))\n  File \"/home/fuenukkusu2501/.local/lib/python3.10/site-packages/selenium/webdriver/support/wait.py\", line 105, in until\n    raise TimeoutException(message, screen, stacktrace)\n"}, "start": 1723799715331, "stop": 1723799718669}], "start": 1723799712541, "stop": 1723799718670, "uuid": "26bd935c-2fd2-4880-8bd6-4a5c97bb4229", "historyId": "3fa10930be4abb4a820f9e2e7c40c054", "testCaseId": "3fa10930be4abb4a820f9e2e7c40c054", "fullName": "tests.test_start#test_currency_change_catalog", "labels": [{"name": "parentSuite", "value": "tests"}, {"name": "suite", "value": "test_start"}, {"name": "host", "value": "Ubuntu"}, {"name": "thread", "value": "15086-MainThread"}, {"name": "framework", "value": "pytest"}, {"name": "language", "value": "cpython3"}, {"name": "package", "value": "tests.test_start"}]}