{"name": "Создать товар", "status": "broken", "statusDetails": {"message": "selenium.common.exceptions.TimeoutException: Message: \nStacktrace:\n#0 0x63debcfa26ba <unknown>\n#1 0x63debcc72730 <unknown>\n#2 0x63debccc1d9b <unknown>\n#3 0x63debccc2081 <unknown>\n#4 0x63debcd05cd4 <unknown>\n#5 0x63debcce4a7d <unknown>\n#6 0x63debcd031ca <unknown>\n#7 0x63debcce47f3 <unknown>\n#8 0x63debccb4ec9 <unknown>\n#9 0x63debccb591e <unknown>\n#10 0x63debcf689eb <unknown>\n#11 0x63debcf6c972 <unknown>\n#12 0x63debcf55e15 <unknown>\n#13 0x63debcf6d502 <unknown>\n#14 0x63debcf3ad2f <unknown>\n#15 0x63debcf91578 <unknown>\n#16 0x63debcf91750 <unknown>\n#17 0x63debcfa148c <unknown>\n#18 0x7646c11b1ac3 <unknown>", "trace": "browser = <selenium.webdriver.remote.webdriver.WebDriver (session=\"08472c11f804cd4bca076706c0502d7a\")>, base_url = 'http://10.0.2.15:8081'\n\n    @allure.title(\"Создать товар\")\n    def test_add_product(browser, base_url):\n        admin_page = AdminPage(browser)\n        admin_page.open(base_url)\n        admin_page.login(\"user\", \"qwerty!123\")\n        admin_page.select_catalog()\n        admin_page.select_products()\n        admin_page.add_product()\n        admin_page.add_product_name(\"test item\")\n        admin_page.add_meta_tag(\"test\")\n        admin_page.select_data_tab()\n        admin_page.add_model(\"12345\")\n        admin_page.select_seo_tab()\n        admin_page.add_seo_name(\"12345\")\n        admin_page.save_product()\n>       admin_page.find_popup_success()\n\ntests/test_start.py:108: \n_ _ _ _ _ _ _ _ _ _ _ _ _ _ _ _ _ _ _ _ _ _ _ _ _ _ _ _ _ _ _ _ _ _ _ _ _ _ _ _ _ _ _ _ _ _ _ _ _ _ _ _ _ _ _ _ _ _ _ _ _ _ _ _ _ _ _ _ _ _ _ _ _ _ _ _ _ _ _ _ _ _ _ _ _ _ _ _ _ _ _ _ _ _ _ _ _ _ _ _ _ _ _ _ _ _ _ _ _ _ _ _ _ _ _ _ _ _ _ _ _ _ _ _ _ _ _ _ _ _ _ _ _ _ _ _ _ _ _ _ _ _ _ _ _ _ _ _ _ _ _ _ _ _ _ _ _ _ _ _ _ _ _ _ _ _ _ _ _ _ _ _ _ _ _ _ _ _ _ _ _ _ _ _ _ _ _ _ _ _ _ _ _ _ _ _ _ _ _ _ _ _ _ _ _\npage_objects/admin_page.py:120: in find_popup_success\n    self.get_element(self.POPUP_SUCCESS)\npage_objects/base_page.py:35: in get_element\n    return WebDriverWait(self.browser, timeout).until(EC.visibility_of_element_located(locator))\n_ _ _ _ _ _ _ _ _ _ _ _ _ _ _ _ _ _ _ _ _ _ _ _ _ _ _ _ _ _ _ _ _ _ _ _ _ _ _ _ _ _ _ _ _ _ _ _ _ _ _ _ _ _ _ _ _ _ _ _ _ _ _ _ _ _ _ _ _ _ _ _ _ _ _ _ _ _ _ _ _ _ _ _ _ _ _ _ _ _ _ _ _ _ _ _ _ _ _ _ _ _ _ _ _ _ _ _ _ _ _ _ _ _ _ _ _ _ _ _ _ _ _ _ _ _ _ _ _ _ _ _ _ _ _ _ _ _ _ _ _ _ _ _ _ _ _ _ _ _ _ _ _ _ _ _ _ _ _ _ _ _ _ _ _ _ _ _ _ _ _ _ _ _ _ _ _ _ _ _ _ _ _ _ _ _ _ _ _ _ _ _ _ _ _ _ _ _ _ _ _ _ _ _ _\n\nself = <selenium.webdriver.support.wait.WebDriverWait (session=\"08472c11f804cd4bca076706c0502d7a\")>, method = <function visibility_of_element_located.<locals>._predicate at 0x741cf1a82660>, message = ''\n\n    def until(self, method: Callable[[D], Union[Literal[False], T]], message: str = \"\") -> T:\n        \"\"\"Calls the method provided with the driver as an argument until the \\\n        return value does not evaluate to ``False``.\n    \n        :param method: callable(WebDriver)\n        :param message: optional message for :exc:`TimeoutException`\n        :returns: the result of the last call to `method`\n        :raises: :exc:`selenium.common.exceptions.TimeoutException` if timeout occurs\n        \"\"\"\n        screen = None\n        stacktrace = None\n    \n        end_time = time.monotonic() + self._timeout\n        while True:\n            try:\n                value = method(self._driver)\n                if value:\n                    return value\n            except self._ignored_exceptions as exc:\n                screen = getattr(exc, \"screen\", None)\n                stacktrace = getattr(exc, \"stacktrace\", None)\n            time.sleep(self._poll)\n            if time.monotonic() > end_time:\n                break\n>       raise TimeoutException(message, screen, stacktrace)\nE       selenium.common.exceptions.TimeoutException: Message: \nE       Stacktrace:\nE       #0 0x63debcfa26ba <unknown>\nE       #1 0x63debcc72730 <unknown>\nE       #2 0x63debccc1d9b <unknown>\nE       #3 0x63debccc2081 <unknown>\nE       #4 0x63debcd05cd4 <unknown>\nE       #5 0x63debcce4a7d <unknown>\nE       #6 0x63debcd031ca <unknown>\nE       #7 0x63debcce47f3 <unknown>\nE       #8 0x63debccb4ec9 <unknown>\nE       #9 0x63debccb591e <unknown>\nE       #10 0x63debcf689eb <unknown>\nE       #11 0x63debcf6c972 <unknown>\nE       #12 0x63debcf55e15 <unknown>\nE       #13 0x63debcf6d502 <unknown>\nE       #14 0x63debcf3ad2f <unknown>\nE       #15 0x63debcf91578 <unknown>\nE       #16 0x63debcf91750 <unknown>\nE       #17 0x63debcfa148c <unknown>\nE       #18 0x7646c11b1ac3 <unknown>\n\nvenv/lib/python3.12/site-packages/selenium/webdriver/support/wait.py:105: TimeoutException"}, "steps": [{"name": "Открываю http://10.0.2.15:8081/administration", "status": "passed", "start": 1725210313410, "stop": 1725210315539}, {"name": "Авторизую пользователя", "status": "passed", "parameters": [{"name": "username", "value": "'user'"}, {"name": "password", "value": "'qwerty!123'"}], "start": 1725210315539, "stop": 1725210318121}, {"name": "Перехожу в меню Каталог", "status": "passed", "start": 1725210318127, "stop": 1725210320745}, {"name": "Выбираю товар", "status": "passed", "start": 1725210320745, "stop": 1725210322826}, {"name": "Добавляю товар в корзину", "status": "passed", "start": 1725210322826, "stop": 1725210324512}, {"name": "Получаю имя товара", "status": "passed", "parameters": [{"name": "text", "value": "'test item'"}], "start": 1725210324512, "stop": 1725210326455}, {"name": "Прописываю meta_tag", "status": "passed", "parameters": [{"name": "text", "value": "'test'"}], "start": 1725210326455, "stop": 1725210327089}, {"name": "Выбираю вкладку data", "status": "passed", "start": 1725210327090, "stop": 1725210327272}, {"name": "Прописываю артикул", "status": "passed", "parameters": [{"name": "text", "value": "'12345'"}], "start": 1725210327272, "stop": 1725210328704}, {"name": "Выбираю вкладку SEO", "status": "passed", "start": 1725210328704, "stop": 1725210328810}, {"name": "Прописываю имя SEO", "status": "passed", "parameters": [{"name": "text", "value": "'12345'"}], "start": 1725210328810, "stop": 1725210329601}, {"name": "Сохраняю товар", "status": "passed", "start": 1725210329601, "stop": 1725210329819}, {"name": "Ищу поп-ап", "status": "broken", "statusDetails": {"message": "selenium.common.exceptions.TimeoutException: Message: \nStacktrace:\n#0 0x63debcfa26ba <unknown>\n#1 0x63debcc72730 <unknown>\n#2 0x63debccc1d9b <unknown>\n#3 0x63debccc2081 <unknown>\n#4 0x63debcd05cd4 <unknown>\n#5 0x63debcce4a7d <unknown>\n#6 0x63debcd031ca <unknown>\n#7 0x63debcce47f3 <unknown>\n#8 0x63debccb4ec9 <unknown>\n#9 0x63debccb591e <unknown>\n#10 0x63debcf689eb <unknown>\n#11 0x63debcf6c972 <unknown>\n#12 0x63debcf55e15 <unknown>\n#13 0x63debcf6d502 <unknown>\n#14 0x63debcf3ad2f <unknown>\n#15 0x63debcf91578 <unknown>\n#16 0x63debcf91750 <unknown>\n#17 0x63debcfa148c <unknown>\n#18 0x7646c11b1ac3 <unknown>\n\n", "trace": "  File \"/home/fuenukkusu2501/PycharmProjects/OTUS_selenium_UI/venv/lib/python3.12/site-packages/allure_commons/_allure.py\", line 192, in impl\n    return func(*a, **kw)\n           ^^^^^^^^^^^^^^\n  File \"/home/fuenukkusu2501/PycharmProjects/OTUS_selenium_UI/page_objects/admin_page.py\", line 120, in find_popup_success\n    self.get_element(self.POPUP_SUCCESS)\n  File \"/home/fuenukkusu2501/PycharmProjects/OTUS_selenium_UI/page_objects/base_page.py\", line 35, in get_element\n    return WebDriverWait(self.browser, timeout).until(EC.visibility_of_element_located(locator))\n           ^^^^^^^^^^^^^^^^^^^^^^^^^^^^^^^^^^^^^^^^^^^^^^^^^^^^^^^^^^^^^^^^^^^^^^^^^^^^^^^^^^^^^\n  File \"/home/fuenukkusu2501/PycharmProjects/OTUS_selenium_UI/venv/lib/python3.12/site-packages/selenium/webdriver/support/wait.py\", line 105, in until\n    raise TimeoutException(message, screen, stacktrace)\n"}, "start": 1725210329819, "stop": 1725210335201}], "start": 1725210313410, "stop": 1725210335202, "uuid": "5b2fd7ce-f225-49f2-9e00-16747cc1721d", "historyId": "605f1327e44636668481b9c4c06efda9", "testCaseId": "605f1327e44636668481b9c4c06efda9", "fullName": "tests.test_start#test_add_product", "labels": [{"name": "parentSuite", "value": "tests"}, {"name": "suite", "value": "test_start"}, {"name": "host", "value": "fuenukkusu2501-VirtualBox"}, {"name": "thread", "value": "135533-MainThread"}, {"name": "framework", "value": "pytest"}, {"name": "language", "value": "cpython3"}, {"name": "package", "value": "tests.test_start"}]}