{"name": "Удалить товар", "status": "broken", "statusDetails": {"message": "selenium.common.exceptions.StaleElementReferenceException: Message: stale element reference: stale element not found in the current frame\n  (Session info: chrome=127.0.6533.88); For documentation on this error, please visit: https://www.selenium.dev/documentation/webdriver/troubleshooting/errors#stale-element-reference-exception\nStacktrace:\n#0 0x5c60cdbbb6ba <unknown>\n#1 0x5c60cd88b730 <unknown>\n#2 0x5c60cd8915c1 <unknown>\n#3 0x5c60cd8931f5 <unknown>\n#4 0x5c60cd89327c <unknown>\n#5 0x5c60cd8dbae2 <unknown>\n#6 0x5c60cd8cff4d <unknown>\n#7 0x5c60cd8fda52 <unknown>\n#8 0x5c60cd8cf719 <unknown>\n#9 0x5c60cd8fdc1e <unknown>\n#10 0x5c60cd91c1ca <unknown>\n#11 0x5c60cd8fd7f3 <unknown>\n#12 0x5c60cd8cdec9 <unknown>\n#13 0x5c60cd8ce91e <unknown>\n#14 0x5c60cdb819eb <unknown>\n#15 0x5c60cdb85972 <unknown>\n#16 0x5c60cdb6ee15 <unknown>\n#17 0x5c60cdb86502 <unknown>\n#18 0x5c60cdb53d2f <unknown>\n#19 0x5c60cdbaa578 <unknown>\n#20 0x5c60cdbaa750 <unknown>\n#21 0x5c60cdbba48c <unknown>\n#22 0x76d4fc742ac3 <unknown>", "trace": "browser = <selenium.webdriver.remote.webdriver.WebDriver (session=\"b121534250f4e62489cd8a4d87971a94\")>, base_url = 'http://10.0.2.15:8081'\n\n    @allure.title(\"Удалить товар\")\n    def test_delete_product(browser, base_url):\n        admin_page = AdminPage(browser)\n        admin_page.open(base_url)\n        admin_page.login(\"user\", \"bitnami\")\n        admin_page.select_catalog()\n        admin_page.select_products()\n        HomePage(browser).scroll_down()\n        admin_page.to_the_last_page()\n>       admin_page.select_last_product()\n\ntests/test_start.py:120: \n_ _ _ _ _ _ _ _ _ _ _ _ _ _ _ _ _ _ _ _ _ _ _ _ _ _ _ _ _ _ _ _ _ _ _ _ _ _ _ _ _ _ _ _ _ _ _ _ _ _ _ _ _ _ _ _ _ _ _ _ _ _ _ _ _ _ _ _ _ _ _ _ _ _ _ _ _ _ _ _ _ _ _ _ _ _ _ _ _ _ _ _ _ _ _ _ _ _ _ _ _ _ _ _ _ _ _ _ _ _ _ _ _ _ _ _ _ _ _ _ _ _ _ _ _ _ _ _ _ _ _ _ _ _ _ _ _ _ _ _ _ _ _ _ _ _ _ _ _ _ _ _ _ _ _ _ _ _ _ _ _ _ _ _ _ _ _ _ _ _ _ _ _ _ _ _ _ _ _ _ _ _ _ _ _ _ _ _ _ _ _ _ _ _ _ _ _ _ _ _ _ _ _ _ _\npage_objects/admin_page.py:109: in select_last_product\n    self.get_element(self.LAST_PRODUCT).click()\n../../../.local/lib/python3.10/site-packages/selenium/webdriver/remote/webelement.py:94: in click\n    self._execute(Command.CLICK_ELEMENT)\n../../../.local/lib/python3.10/site-packages/selenium/webdriver/remote/webelement.py:395: in _execute\n    return self._parent.execute(command, params)\n../../../.local/lib/python3.10/site-packages/selenium/webdriver/remote/webdriver.py:347: in execute\n    self.error_handler.check_response(response)\n_ _ _ _ _ _ _ _ _ _ _ _ _ _ _ _ _ _ _ _ _ _ _ _ _ _ _ _ _ _ _ _ _ _ _ _ _ _ _ _ _ _ _ _ _ _ _ _ _ _ _ _ _ _ _ _ _ _ _ _ _ _ _ _ _ _ _ _ _ _ _ _ _ _ _ _ _ _ _ _ _ _ _ _ _ _ _ _ _ _ _ _ _ _ _ _ _ _ _ _ _ _ _ _ _ _ _ _ _ _ _ _ _ _ _ _ _ _ _ _ _ _ _ _ _ _ _ _ _ _ _ _ _ _ _ _ _ _ _ _ _ _ _ _ _ _ _ _ _ _ _ _ _ _ _ _ _ _ _ _ _ _ _ _ _ _ _ _ _ _ _ _ _ _ _ _ _ _ _ _ _ _ _ _ _ _ _ _ _ _ _ _ _ _ _ _ _ _ _ _ _ _ _ _ _\n\nself = <selenium.webdriver.remote.errorhandler.ErrorHandler object at 0x717ae360aaa0>, response = {'status': 404, 'value': '{\"value\":{\"error\":\"stale element reference\",\"message\":\"stale element reference: stale elemen...\\\\n#20 0x5c60cdbaa750 \\\\u003Cunknown>\\\\n#21 0x5c60cdbba48c \\\\u003Cunknown>\\\\n#22 0x76d4fc742ac3 \\\\u003Cunknown>\\\\n\"}}'}\n\n    def check_response(self, response: Dict[str, Any]) -> None:\n        \"\"\"Checks that a JSON response from the WebDriver does not have an\n        error.\n    \n        :Args:\n         - response - The JSON response from the WebDriver server as a dictionary\n           object.\n    \n        :Raises: If the response contains an error message.\n        \"\"\"\n        status = response.get(\"status\", None)\n        if not status or status == ErrorCode.SUCCESS:\n            return\n        value = None\n        message = response.get(\"message\", \"\")\n        screen: str = response.get(\"screen\", \"\")\n        stacktrace = None\n        if isinstance(status, int):\n            value_json = response.get(\"value\", None)\n            if value_json and isinstance(value_json, str):\n                import json\n    \n                try:\n                    value = json.loads(value_json)\n                    if len(value) == 1:\n                        value = value[\"value\"]\n                    status = value.get(\"error\", None)\n                    if not status:\n                        status = value.get(\"status\", ErrorCode.UNKNOWN_ERROR)\n                        message = value.get(\"value\") or value.get(\"message\")\n                        if not isinstance(message, str):\n                            value = message\n                            message = message.get(\"message\")\n                    else:\n                        message = value.get(\"message\", None)\n                except ValueError:\n                    pass\n    \n        exception_class: Type[WebDriverException]\n        e = ErrorCode()\n        error_codes = [item for item in dir(e) if not item.startswith(\"__\")]\n        for error_code in error_codes:\n            error_info = getattr(ErrorCode, error_code)\n            if isinstance(error_info, list) and status in error_info:\n                exception_class = getattr(ExceptionMapping, error_code, WebDriverException)\n                break\n        else:\n            exception_class = WebDriverException\n    \n        if not value:\n            value = response[\"value\"]\n        if isinstance(value, str):\n            raise exception_class(value)\n        if message == \"\" and \"message\" in value:\n            message = value[\"message\"]\n    \n        screen = None  # type: ignore[assignment]\n        if \"screen\" in value:\n            screen = value[\"screen\"]\n    \n        stacktrace = None\n        st_value = value.get(\"stackTrace\") or value.get(\"stacktrace\")\n        if st_value:\n            if isinstance(st_value, str):\n                stacktrace = st_value.split(\"\\n\")\n            else:\n                stacktrace = []\n                try:\n                    for frame in st_value:\n                        line = frame.get(\"lineNumber\", \"\")\n                        file = frame.get(\"fileName\", \"<anonymous>\")\n                        if line:\n                            file = f\"{file}:{line}\"\n                        meth = frame.get(\"methodName\", \"<anonymous>\")\n                        if \"className\" in frame:\n                            meth = f\"{frame['className']}.{meth}\"\n                        msg = \"    at %s (%s)\"\n                        msg = msg % (meth, file)\n                        stacktrace.append(msg)\n                except TypeError:\n                    pass\n        if exception_class == UnexpectedAlertPresentException:\n            alert_text = None\n            if \"data\" in value:\n                alert_text = value[\"data\"].get(\"text\")\n            elif \"alert\" in value:\n                alert_text = value[\"alert\"].get(\"text\")\n            raise exception_class(message, screen, stacktrace, alert_text)  # type: ignore[call-arg]  # mypy is not smart enough here\n>       raise exception_class(message, screen, stacktrace)\nE       selenium.common.exceptions.StaleElementReferenceException: Message: stale element reference: stale element not found in the current frame\nE         (Session info: chrome=127.0.6533.88); For documentation on this error, please visit: https://www.selenium.dev/documentation/webdriver/troubleshooting/errors#stale-element-reference-exception\nE       Stacktrace:\nE       #0 0x5c60cdbbb6ba <unknown>\nE       #1 0x5c60cd88b730 <unknown>\nE       #2 0x5c60cd8915c1 <unknown>\nE       #3 0x5c60cd8931f5 <unknown>\nE       #4 0x5c60cd89327c <unknown>\nE       #5 0x5c60cd8dbae2 <unknown>\nE       #6 0x5c60cd8cff4d <unknown>\nE       #7 0x5c60cd8fda52 <unknown>\nE       #8 0x5c60cd8cf719 <unknown>\nE       #9 0x5c60cd8fdc1e <unknown>\nE       #10 0x5c60cd91c1ca <unknown>\nE       #11 0x5c60cd8fd7f3 <unknown>\nE       #12 0x5c60cd8cdec9 <unknown>\nE       #13 0x5c60cd8ce91e <unknown>\nE       #14 0x5c60cdb819eb <unknown>\nE       #15 0x5c60cdb85972 <unknown>\nE       #16 0x5c60cdb6ee15 <unknown>\nE       #17 0x5c60cdb86502 <unknown>\nE       #18 0x5c60cdb53d2f <unknown>\nE       #19 0x5c60cdbaa578 <unknown>\nE       #20 0x5c60cdbaa750 <unknown>\nE       #21 0x5c60cdbba48c <unknown>\nE       #22 0x76d4fc742ac3 <unknown>\n\n../../../.local/lib/python3.10/site-packages/selenium/webdriver/remote/errorhandler.py:229: StaleElementReferenceException"}, "steps": [{"name": "Открываю http://10.0.2.15:8081/administration", "status": "passed", "start": 1723384685069, "stop": 1723384686102}, {"name": "Авторизую пользователя", "status": "passed", "parameters": [{"name": "username", "value": "'user'"}, {"name": "password", "value": "'bitnami'"}], "start": 1723384686103, "stop": 1723384690056}, {"name": "Перехожу в меню Каталог", "status": "passed", "start": 1723384690056, "stop": 1723384690694}, {"name": "Выбираю товар", "status": "passed", "start": 1723384690694, "stop": 1723384691240}, {"name": "Скроллю страницу вниз", "status": "passed", "start": 1723384691240, "stop": 1723384691251}, {"name": "Перехожу на последнюю страницу", "status": "passed", "start": 1723384691251, "stop": 1723384691349}, {"name": "Выбираю последний товар в списке", "status": "broken", "statusDetails": {"message": "selenium.common.exceptions.StaleElementReferenceException: Message: stale element reference: stale element not found in the current frame\n  (Session info: chrome=127.0.6533.88); For documentation on this error, please visit: https://www.selenium.dev/documentation/webdriver/troubleshooting/errors#stale-element-reference-exception\nStacktrace:\n#0 0x5c60cdbbb6ba <unknown>\n#1 0x5c60cd88b730 <unknown>\n#2 0x5c60cd8915c1 <unknown>\n#3 0x5c60cd8931f5 <unknown>\n#4 0x5c60cd89327c <unknown>\n#5 0x5c60cd8dbae2 <unknown>\n#6 0x5c60cd8cff4d <unknown>\n#7 0x5c60cd8fda52 <unknown>\n#8 0x5c60cd8cf719 <unknown>\n#9 0x5c60cd8fdc1e <unknown>\n#10 0x5c60cd91c1ca <unknown>\n#11 0x5c60cd8fd7f3 <unknown>\n#12 0x5c60cd8cdec9 <unknown>\n#13 0x5c60cd8ce91e <unknown>\n#14 0x5c60cdb819eb <unknown>\n#15 0x5c60cdb85972 <unknown>\n#16 0x5c60cdb6ee15 <unknown>\n#17 0x5c60cdb86502 <unknown>\n#18 0x5c60cdb53d2f <unknown>\n#19 0x5c60cdbaa578 <unknown>\n#20 0x5c60cdbaa750 <unknown>\n#21 0x5c60cdbba48c <unknown>\n#22 0x76d4fc742ac3 <unknown>\n\n", "trace": "  File \"/home/fuenukkusu2501/.local/lib/python3.10/site-packages/allure_commons/_allure.py\", line 192, in impl\n    return func(*a, **kw)\n  File \"/home/fuenukkusu2501/Develop/tmp/OTUS_selenium_UI/page_objects/admin_page.py\", line 109, in select_last_product\n    self.get_element(self.LAST_PRODUCT).click()\n  File \"/home/fuenukkusu2501/.local/lib/python3.10/site-packages/selenium/webdriver/remote/webelement.py\", line 94, in click\n    self._execute(Command.CLICK_ELEMENT)\n  File \"/home/fuenukkusu2501/.local/lib/python3.10/site-packages/selenium/webdriver/remote/webelement.py\", line 395, in _execute\n    return self._parent.execute(command, params)\n  File \"/home/fuenukkusu2501/.local/lib/python3.10/site-packages/selenium/webdriver/remote/webdriver.py\", line 347, in execute\n    self.error_handler.check_response(response)\n  File \"/home/fuenukkusu2501/.local/lib/python3.10/site-packages/selenium/webdriver/remote/errorhandler.py\", line 229, in check_response\n    raise exception_class(message, screen, stacktrace)\n"}, "start": 1723384691349, "stop": 1723384691560}], "start": 1723384685068, "stop": 1723384691561, "uuid": "0d4f0584-88bb-4c04-a97f-ca00645845da", "historyId": "7d181faf2f27682f61cb2a0d2e84375e", "testCaseId": "7d181faf2f27682f61cb2a0d2e84375e", "fullName": "tests.test_start#test_delete_product", "labels": [{"name": "parentSuite", "value": "tests"}, {"name": "suite", "value": "test_start"}, {"name": "host", "value": "Ubuntu"}, {"name": "thread", "value": "117058-MainThread"}, {"name": "framework", "value": "pytest"}, {"name": "language", "value": "cpython3"}, {"name": "package", "value": "tests.test_start"}]}