{"name": "Создать товар", "status": "broken", "statusDetails": {"message": "selenium.common.exceptions.TimeoutException: Message: \nStacktrace:\n#0 0x64610df4c6ca <unknown>\n#1 0x64610dc1d600 <unknown>\n#2 0x64610dc6cbcb <unknown>\n#3 0x64610dc6ceb1 <unknown>\n#4 0x64610dcb0b24 <unknown>\n#5 0x64610dc8f8cd <unknown>\n#6 0x64610dcae04a <unknown>\n#7 0x64610dc8f643 <unknown>\n#8 0x64610dc5fd31 <unknown>\n#9 0x64610dc6079e <unknown>\n#10 0x64610df1425b <unknown>\n#11 0x64610df181f2 <unknown>\n#12 0x64610df01615 <unknown>\n#13 0x64610df18d82 <unknown>\n#14 0x64610dee625f <unknown>\n#15 0x64610df3be68 <unknown>\n#16 0x64610df3c040 <unknown>\n#17 0x64610df4b49c <unknown>\n#18 0x770a8029ca94 <unknown>\n#19 0x770a80329c3c <unknown>", "trace": "browser = <selenium.webdriver.chrome.webdriver.WebDriver (session=\"ac7eda72ed938a0e8706582bc33a7f54\")>, base_url = 'http://10.0.2.15:8081'\n\n    @allure.title(\"Создать товар\")\n    def test_add_product(browser, base_url):\n        admin_page = AdminPage(browser)\n        admin_page.open(base_url)\n        admin_page.login(\"user\", \"bitnami\")\n>       admin_page.select_catalog()\n\ntests/test_start.py:98: \n_ _ _ _ _ _ _ _ _ _ _ _ _ _ _ _ _ _ _ _ _ _ _ _ _ _ _ _ _ _ _ _ _ _ _ _ _ _ _ _ _ _ _ _ _ _ _ _ _ _ _ _ _ _ _ _ _ _ _ _ _ _ _ _ _ _ _ _ _ _ _ _ _ _ _ _ _ _ _ _ _ \npage_objects/admin_page.py:65: in select_catalog\n    self.get_element(self.CATALOG_BUTTON).click()\npage_objects/base_page.py:30: in get_element\n    return WebDriverWait(self.browser, timeout).until(EC.visibility_of_element_located(locator))\n_ _ _ _ _ _ _ _ _ _ _ _ _ _ _ _ _ _ _ _ _ _ _ _ _ _ _ _ _ _ _ _ _ _ _ _ _ _ _ _ _ _ _ _ _ _ _ _ _ _ _ _ _ _ _ _ _ _ _ _ _ _ _ _ _ _ _ _ _ _ _ _ _ _ _ _ _ _ _ _ _ \n\nself = <selenium.webdriver.support.wait.WebDriverWait (session=\"ac7eda72ed938a0e8706582bc33a7f54\")>\nmethod = <function visibility_of_element_located.<locals>._predicate at 0x7719fe602700>, message = ''\n\n    def until(self, method: Callable[[D], Union[Literal[False], T]], message: str = \"\") -> T:\n        \"\"\"Calls the method provided with the driver as an argument until the \\\n        return value does not evaluate to ``False``.\n    \n        :param method: callable(WebDriver)\n        :param message: optional message for :exc:`TimeoutException`\n        :returns: the result of the last call to `method`\n        :raises: :exc:`selenium.common.exceptions.TimeoutException` if timeout occurs\n        \"\"\"\n        screen = None\n        stacktrace = None\n    \n        end_time = time.monotonic() + self._timeout\n        while True:\n            try:\n                value = method(self._driver)\n                if value:\n                    return value\n            except self._ignored_exceptions as exc:\n                screen = getattr(exc, \"screen\", None)\n                stacktrace = getattr(exc, \"stacktrace\", None)\n            time.sleep(self._poll)\n            if time.monotonic() > end_time:\n                break\n>       raise TimeoutException(message, screen, stacktrace)\nE       selenium.common.exceptions.TimeoutException: Message: \nE       Stacktrace:\nE       #0 0x64610df4c6ca <unknown>\nE       #1 0x64610dc1d600 <unknown>\nE       #2 0x64610dc6cbcb <unknown>\nE       #3 0x64610dc6ceb1 <unknown>\nE       #4 0x64610dcb0b24 <unknown>\nE       #5 0x64610dc8f8cd <unknown>\nE       #6 0x64610dcae04a <unknown>\nE       #7 0x64610dc8f643 <unknown>\nE       #8 0x64610dc5fd31 <unknown>\nE       #9 0x64610dc6079e <unknown>\nE       #10 0x64610df1425b <unknown>\nE       #11 0x64610df181f2 <unknown>\nE       #12 0x64610df01615 <unknown>\nE       #13 0x64610df18d82 <unknown>\nE       #14 0x64610dee625f <unknown>\nE       #15 0x64610df3be68 <unknown>\nE       #16 0x64610df3c040 <unknown>\nE       #17 0x64610df4b49c <unknown>\nE       #18 0x770a8029ca94 <unknown>\nE       #19 0x770a80329c3c <unknown>\n\nvenv/lib/python3.12/site-packages/selenium/webdriver/support/wait.py:105: TimeoutException"}, "steps": [{"name": "Открываю http://10.0.2.15:8081/administration", "status": "passed", "start": 1724167474968, "stop": 1724167477589}, {"name": "Авторизую пользователя", "status": "passed", "parameters": [{"name": "username", "value": "'user'"}, {"name": "password", "value": "'bitnami'"}], "start": 1724167477589, "stop": 1724167480468}, {"name": "Перехожу в меню Каталог", "status": "broken", "statusDetails": {"message": "selenium.common.exceptions.TimeoutException: Message: \nStacktrace:\n#0 0x64610df4c6ca <unknown>\n#1 0x64610dc1d600 <unknown>\n#2 0x64610dc6cbcb <unknown>\n#3 0x64610dc6ceb1 <unknown>\n#4 0x64610dcb0b24 <unknown>\n#5 0x64610dc8f8cd <unknown>\n#6 0x64610dcae04a <unknown>\n#7 0x64610dc8f643 <unknown>\n#8 0x64610dc5fd31 <unknown>\n#9 0x64610dc6079e <unknown>\n#10 0x64610df1425b <unknown>\n#11 0x64610df181f2 <unknown>\n#12 0x64610df01615 <unknown>\n#13 0x64610df18d82 <unknown>\n#14 0x64610dee625f <unknown>\n#15 0x64610df3be68 <unknown>\n#16 0x64610df3c040 <unknown>\n#17 0x64610df4b49c <unknown>\n#18 0x770a8029ca94 <unknown>\n#19 0x770a80329c3c <unknown>\n\n", "trace": "  File \"/home/fuenukkusu2501/PycharmProjects/OTUS_selenium_UI/venv/lib/python3.12/site-packages/allure_commons/_allure.py\", line 192, in impl\n    return func(*a, **kw)\n           ^^^^^^^^^^^^^^\n  File \"/home/fuenukkusu2501/PycharmProjects/OTUS_selenium_UI/page_objects/admin_page.py\", line 65, in select_catalog\n    self.get_element(self.CATALOG_BUTTON).click()\n    ^^^^^^^^^^^^^^^^^^^^^^^^^^^^^^^^^^^^^\n  File \"/home/fuenukkusu2501/PycharmProjects/OTUS_selenium_UI/page_objects/base_page.py\", line 30, in get_element\n    return WebDriverWait(self.browser, timeout).until(EC.visibility_of_element_located(locator))\n           ^^^^^^^^^^^^^^^^^^^^^^^^^^^^^^^^^^^^^^^^^^^^^^^^^^^^^^^^^^^^^^^^^^^^^^^^^^^^^^^^^^^^^\n  File \"/home/fuenukkusu2501/PycharmProjects/OTUS_selenium_UI/venv/lib/python3.12/site-packages/selenium/webdriver/support/wait.py\", line 105, in until\n    raise TimeoutException(message, screen, stacktrace)\n"}, "start": 1724167480468, "stop": 1724167486298}], "start": 1724167474968, "stop": 1724167486320, "uuid": "a5fe67e9-22fc-4d9b-9d45-c46126d319fd", "historyId": "605f1327e44636668481b9c4c06efda9", "testCaseId": "605f1327e44636668481b9c4c06efda9", "fullName": "tests.test_start#test_add_product", "labels": [{"name": "parentSuite", "value": "tests"}, {"name": "suite", "value": "test_start"}, {"name": "host", "value": "fuenukkusu2501-VirtualBox"}, {"name": "thread", "value": "17430-MainThread"}, {"name": "framework", "value": "pytest"}, {"name": "language", "value": "cpython3"}, {"name": "package", "value": "tests.test_start"}]}