{"name": "Удалить товар", "status": "broken", "statusDetails": {"message": "selenium.common.exceptions.TimeoutException: Message: \nStacktrace:\n#0 0x65111fecb6ba <unknown>\n#1 0x65111fb9b730 <unknown>\n#2 0x65111fbead9b <unknown>\n#3 0x65111fbeb081 <unknown>\n#4 0x65111fc2ecd4 <unknown>\n#5 0x65111fc0da7d <unknown>\n#6 0x65111fc2c1ca <unknown>\n#7 0x65111fc0d7f3 <unknown>\n#8 0x65111fbddec9 <unknown>\n#9 0x65111fbde91e <unknown>\n#10 0x65111fe919eb <unknown>\n#11 0x65111fe95972 <unknown>\n#12 0x65111fe7ee15 <unknown>\n#13 0x65111fe96502 <unknown>\n#14 0x65111fe63d2f <unknown>\n#15 0x65111feba578 <unknown>\n#16 0x65111feba750 <unknown>\n#17 0x65111feca48c <unknown>\n#18 0x77afa19f7ac3 <unknown>", "trace": "browser = <selenium.webdriver.remote.webdriver.WebDriver (session=\"826a9753243c77aee3a6d328782fdfa9\")>, base_url = 'http://10.0.2.15:8081'\n\n    @allure.title(\"Удалить товар\")\n    def test_delete_product(browser, base_url):\n        admin_page = AdminPage(browser)\n        admin_page.open(base_url)\n        admin_page.login(\"user\", \"qwerty!123\")\n        admin_page.select_catalog()\n        admin_page.select_products()\n        HomePage(browser).scroll_down()\n        admin_page.to_the_last_page()\n>       admin_page.select_last_product()\n\ntests/test_start.py:120: \n_ _ _ _ _ _ _ _ _ _ _ _ _ _ _ _ _ _ _ _ _ _ _ _ _ _ _ _ _ _ _ _ _ _ _ _ _ _ _ _ _ _ _ _ _ _ _ _ _ _ _ _ _ _ _ _ _ _ _ _ _ _ _ _ _ _ _ _ _ _ _ _ _ _ _ _ _ _ _ _ _ _ _ _ _ _ _ _ _ _ _ _ _ _ _ _ _ _ _ _ _ _ _ _ _ _ _ _ \npage_objects/admin_page.py:110: in select_last_product\n    self.get_element(self.LAST_PRODUCT).click()\npage_objects/base_page.py:35: in get_element\n    return WebDriverWait(self.browser, timeout).until(EC.visibility_of_element_located(locator))\n_ _ _ _ _ _ _ _ _ _ _ _ _ _ _ _ _ _ _ _ _ _ _ _ _ _ _ _ _ _ _ _ _ _ _ _ _ _ _ _ _ _ _ _ _ _ _ _ _ _ _ _ _ _ _ _ _ _ _ _ _ _ _ _ _ _ _ _ _ _ _ _ _ _ _ _ _ _ _ _ _ _ _ _ _ _ _ _ _ _ _ _ _ _ _ _ _ _ _ _ _ _ _ _ _ _ _ _ \n\nself = <selenium.webdriver.support.wait.WebDriverWait (session=\"826a9753243c77aee3a6d328782fdfa9\")>, method = <function visibility_of_element_located.<locals>._predicate at 0x767a73324400>, message = ''\n\n    def until(self, method: Callable[[D], Union[Literal[False], T]], message: str = \"\") -> T:\n        \"\"\"Calls the method provided with the driver as an argument until the \\\n        return value does not evaluate to ``False``.\n    \n        :param method: callable(WebDriver)\n        :param message: optional message for :exc:`TimeoutException`\n        :returns: the result of the last call to `method`\n        :raises: :exc:`selenium.common.exceptions.TimeoutException` if timeout occurs\n        \"\"\"\n        screen = None\n        stacktrace = None\n    \n        end_time = time.monotonic() + self._timeout\n        while True:\n            try:\n                value = method(self._driver)\n                if value:\n                    return value\n            except self._ignored_exceptions as exc:\n                screen = getattr(exc, \"screen\", None)\n                stacktrace = getattr(exc, \"stacktrace\", None)\n            time.sleep(self._poll)\n            if time.monotonic() > end_time:\n                break\n>       raise TimeoutException(message, screen, stacktrace)\nE       selenium.common.exceptions.TimeoutException: Message: \nE       Stacktrace:\nE       #0 0x65111fecb6ba <unknown>\nE       #1 0x65111fb9b730 <unknown>\nE       #2 0x65111fbead9b <unknown>\nE       #3 0x65111fbeb081 <unknown>\nE       #4 0x65111fc2ecd4 <unknown>\nE       #5 0x65111fc0da7d <unknown>\nE       #6 0x65111fc2c1ca <unknown>\nE       #7 0x65111fc0d7f3 <unknown>\nE       #8 0x65111fbddec9 <unknown>\nE       #9 0x65111fbde91e <unknown>\nE       #10 0x65111fe919eb <unknown>\nE       #11 0x65111fe95972 <unknown>\nE       #12 0x65111fe7ee15 <unknown>\nE       #13 0x65111fe96502 <unknown>\nE       #14 0x65111fe63d2f <unknown>\nE       #15 0x65111feba578 <unknown>\nE       #16 0x65111feba750 <unknown>\nE       #17 0x65111feca48c <unknown>\nE       #18 0x77afa19f7ac3 <unknown>\n\nvenv/lib/python3.12/site-packages/selenium/webdriver/support/wait.py:105: TimeoutException"}, "steps": [{"name": "Открываю http://10.0.2.15:8081/administration", "status": "passed", "start": 1724695835237, "stop": 1724695836834}, {"name": "Авторизую пользователя", "status": "passed", "parameters": [{"name": "username", "value": "'user'"}, {"name": "password", "value": "'qwerty!123'"}], "start": 1724695836834, "stop": 1724695839181}, {"name": "Перехожу в меню Каталог", "status": "passed", "start": 1724695839181, "stop": 1724695840328}, {"name": "Выбираю товар", "status": "passed", "start": 1724695840329, "stop": 1724695840994}, {"name": "Скроллю страницу вниз", "status": "passed", "start": 1724695840994, "stop": 1724695841017}, {"name": "Перехожу на последнюю страницу", "status": "passed", "start": 1724695841018, "stop": 1724695841510}, {"name": "Выбираю последний товар в списке", "status": "broken", "statusDetails": {"message": "selenium.common.exceptions.TimeoutException: Message: \nStacktrace:\n#0 0x65111fecb6ba <unknown>\n#1 0x65111fb9b730 <unknown>\n#2 0x65111fbead9b <unknown>\n#3 0x65111fbeb081 <unknown>\n#4 0x65111fc2ecd4 <unknown>\n#5 0x65111fc0da7d <unknown>\n#6 0x65111fc2c1ca <unknown>\n#7 0x65111fc0d7f3 <unknown>\n#8 0x65111fbddec9 <unknown>\n#9 0x65111fbde91e <unknown>\n#10 0x65111fe919eb <unknown>\n#11 0x65111fe95972 <unknown>\n#12 0x65111fe7ee15 <unknown>\n#13 0x65111fe96502 <unknown>\n#14 0x65111fe63d2f <unknown>\n#15 0x65111feba578 <unknown>\n#16 0x65111feba750 <unknown>\n#17 0x65111feca48c <unknown>\n#18 0x77afa19f7ac3 <unknown>\n\n", "trace": "  File \"/home/fuenukkusu2501/PycharmProjects/OTUS_selenium_UI/venv/lib/python3.12/site-packages/allure_commons/_allure.py\", line 192, in impl\n    return func(*a, **kw)\n           ^^^^^^^^^^^^^^\n  File \"/home/fuenukkusu2501/PycharmProjects/OTUS_selenium_UI/page_objects/admin_page.py\", line 110, in select_last_product\n    self.get_element(self.LAST_PRODUCT).click()\n    ^^^^^^^^^^^^^^^^^^^^^^^^^^^^^^^^^^^\n  File \"/home/fuenukkusu2501/PycharmProjects/OTUS_selenium_UI/page_objects/base_page.py\", line 35, in get_element\n    return WebDriverWait(self.browser, timeout).until(EC.visibility_of_element_located(locator))\n           ^^^^^^^^^^^^^^^^^^^^^^^^^^^^^^^^^^^^^^^^^^^^^^^^^^^^^^^^^^^^^^^^^^^^^^^^^^^^^^^^^^^^^\n  File \"/home/fuenukkusu2501/PycharmProjects/OTUS_selenium_UI/venv/lib/python3.12/site-packages/selenium/webdriver/support/wait.py\", line 105, in until\n    raise TimeoutException(message, screen, stacktrace)\n"}, "start": 1724695841513, "stop": 1724695846806}], "start": 1724695835237, "stop": 1724695846807, "uuid": "147daa20-e3d2-43ff-85ea-e13951368c60", "historyId": "7d181faf2f27682f61cb2a0d2e84375e", "testCaseId": "7d181faf2f27682f61cb2a0d2e84375e", "fullName": "tests.test_start#test_delete_product", "labels": [{"name": "parentSuite", "value": "tests"}, {"name": "suite", "value": "test_start"}, {"name": "host", "value": "fuenukkusu2501-VirtualBox"}, {"name": "thread", "value": "187538-MainThread"}, {"name": "framework", "value": "pytest"}, {"name": "language", "value": "cpython3"}, {"name": "package", "value": "tests.test_start"}]}