{"name": "Удалить товар", "status": "broken", "statusDetails": {"message": "selenium.common.exceptions.TimeoutException: Message: \nStacktrace:\n#0 0x5a3c8908f6ba <unknown>\n#1 0x5a3c88d5f730 <unknown>\n#2 0x5a3c88daed9b <unknown>\n#3 0x5a3c88daf081 <unknown>\n#4 0x5a3c88df2cd4 <unknown>\n#5 0x5a3c88dd1a7d <unknown>\n#6 0x5a3c88df01ca <unknown>\n#7 0x5a3c88dd17f3 <unknown>\n#8 0x5a3c88da1ec9 <unknown>\n#9 0x5a3c88da291e <unknown>\n#10 0x5a3c890559eb <unknown>\n#11 0x5a3c89059972 <unknown>\n#12 0x5a3c89042e15 <unknown>\n#13 0x5a3c8905a502 <unknown>\n#14 0x5a3c89027d2f <unknown>\n#15 0x5a3c8907e578 <unknown>\n#16 0x5a3c8907e750 <unknown>\n#17 0x5a3c8908e48c <unknown>\n#18 0x7336e3796ac3 <unknown>", "trace": "browser = <selenium.webdriver.remote.webdriver.WebDriver (session=\"e66d2593debba3325af898dceddca69a\")>, base_url = 'http://10.0.2.15:8081'\n\n    @allure.title(\"Удалить товар\")\n    def test_delete_product(browser, base_url):\n        admin_page = AdminPage(browser)\n        admin_page.open(base_url)\n        admin_page.login(\"user\", \"bitnami\")\n>       admin_page.select_catalog()\n\ntests/test_start.py:116: \n_ _ _ _ _ _ _ _ _ _ _ _ _ _ _ _ _ _ _ _ _ _ _ _ _ _ _ _ _ _ _ _ _ _ _ _ _ _ _ _ _ _ _ _ _ _ _ _ _ _ _ _ _ _ _ _ _ _ _ _ _ _ _ _ _ _ _ _ _ _ _ _ _\npage_objects/admin_page.py:65: in select_catalog\n    self.get_element(self.CATALOG_BUTTON).click()\npage_objects/base_page.py:30: in get_element\n    return WebDriverWait(self.browser, timeout).until(EC.visibility_of_element_located(locator))\n_ _ _ _ _ _ _ _ _ _ _ _ _ _ _ _ _ _ _ _ _ _ _ _ _ _ _ _ _ _ _ _ _ _ _ _ _ _ _ _ _ _ _ _ _ _ _ _ _ _ _ _ _ _ _ _ _ _ _ _ _ _ _ _ _ _ _ _ _ _ _ _ _\n\nself = <selenium.webdriver.support.wait.WebDriverWait (session=\"e66d2593debba3325af898dceddca69a\")>\nmethod = <function visibility_of_element_located.<locals>._predicate at 0x78f6e2a1b7f0>, message = ''\n\n    def until(self, method: Callable[[D], Union[Literal[False], T]], message: str = \"\") -> T:\n        \"\"\"Calls the method provided with the driver as an argument until the \\\n        return value does not evaluate to ``False``.\n    \n        :param method: callable(WebDriver)\n        :param message: optional message for :exc:`TimeoutException`\n        :returns: the result of the last call to `method`\n        :raises: :exc:`selenium.common.exceptions.TimeoutException` if timeout occurs\n        \"\"\"\n        screen = None\n        stacktrace = None\n    \n        end_time = time.monotonic() + self._timeout\n        while True:\n            try:\n                value = method(self._driver)\n                if value:\n                    return value\n            except self._ignored_exceptions as exc:\n                screen = getattr(exc, \"screen\", None)\n                stacktrace = getattr(exc, \"stacktrace\", None)\n            time.sleep(self._poll)\n            if time.monotonic() > end_time:\n                break\n>       raise TimeoutException(message, screen, stacktrace)\nE       selenium.common.exceptions.TimeoutException: Message: \nE       Stacktrace:\nE       #0 0x5a3c8908f6ba <unknown>\nE       #1 0x5a3c88d5f730 <unknown>\nE       #2 0x5a3c88daed9b <unknown>\nE       #3 0x5a3c88daf081 <unknown>\nE       #4 0x5a3c88df2cd4 <unknown>\nE       #5 0x5a3c88dd1a7d <unknown>\nE       #6 0x5a3c88df01ca <unknown>\nE       #7 0x5a3c88dd17f3 <unknown>\nE       #8 0x5a3c88da1ec9 <unknown>\nE       #9 0x5a3c88da291e <unknown>\nE       #10 0x5a3c890559eb <unknown>\nE       #11 0x5a3c89059972 <unknown>\nE       #12 0x5a3c89042e15 <unknown>\nE       #13 0x5a3c8905a502 <unknown>\nE       #14 0x5a3c89027d2f <unknown>\nE       #15 0x5a3c8907e578 <unknown>\nE       #16 0x5a3c8907e750 <unknown>\nE       #17 0x5a3c8908e48c <unknown>\nE       #18 0x7336e3796ac3 <unknown>\n\n../../../.local/lib/python3.10/site-packages/selenium/webdriver/support/wait.py:105: TimeoutException"}, "steps": [{"name": "Открываю http://10.0.2.15:8081/administration", "status": "passed", "start": 1723998940427, "stop": 1723998944496}, {"name": "Авторизую пользователя", "status": "passed", "parameters": [{"name": "username", "value": "'user'"}, {"name": "password", "value": "'bitnami'"}], "start": 1723998944496, "stop": 1723998966441}, {"name": "Перехожу в меню Каталог", "status": "broken", "statusDetails": {"message": "selenium.common.exceptions.TimeoutException: Message: \nStacktrace:\n#0 0x5a3c8908f6ba <unknown>\n#1 0x5a3c88d5f730 <unknown>\n#2 0x5a3c88daed9b <unknown>\n#3 0x5a3c88daf081 <unknown>\n#4 0x5a3c88df2cd4 <unknown>\n#5 0x5a3c88dd1a7d <unknown>\n#6 0x5a3c88df01ca <unknown>\n#7 0x5a3c88dd17f3 <unknown>\n#8 0x5a3c88da1ec9 <unknown>\n#9 0x5a3c88da291e <unknown>\n#10 0x5a3c890559eb <unknown>\n#11 0x5a3c89059972 <unknown>\n#12 0x5a3c89042e15 <unknown>\n#13 0x5a3c8905a502 <unknown>\n#14 0x5a3c89027d2f <unknown>\n#15 0x5a3c8907e578 <unknown>\n#16 0x5a3c8907e750 <unknown>\n#17 0x5a3c8908e48c <unknown>\n#18 0x7336e3796ac3 <unknown>\n\n", "trace": "  File \"/home/fuenukkusu2501/.local/lib/python3.10/site-packages/allure_commons/_allure.py\", line 192, in impl\n    return func(*a, **kw)\n  File \"/home/fuenukkusu2501/Develop/tmp/OTUS_selenium_UI/page_objects/admin_page.py\", line 65, in select_catalog\n    self.get_element(self.CATALOG_BUTTON).click()\n  File \"/home/fuenukkusu2501/Develop/tmp/OTUS_selenium_UI/page_objects/base_page.py\", line 30, in get_element\n    return WebDriverWait(self.browser, timeout).until(EC.visibility_of_element_located(locator))\n  File \"/home/fuenukkusu2501/.local/lib/python3.10/site-packages/selenium/webdriver/support/wait.py\", line 105, in until\n    raise TimeoutException(message, screen, stacktrace)\n"}, "start": 1723998966441, "stop": 1723998970924}], "start": 1723998940427, "stop": 1723998970924, "uuid": "80d10699-8a2a-4fad-92f6-84e4488ef27d", "historyId": "7d181faf2f27682f61cb2a0d2e84375e", "testCaseId": "7d181faf2f27682f61cb2a0d2e84375e", "fullName": "tests.test_start#test_delete_product", "labels": [{"name": "parentSuite", "value": "tests"}, {"name": "suite", "value": "test_start"}, {"name": "host", "value": "Ubuntu"}, {"name": "thread", "value": "79527-MainThread"}, {"name": "framework", "value": "pytest"}, {"name": "language", "value": "cpython3"}, {"name": "package", "value": "tests.test_start"}]}