{"name": "Удалить товар", "status": "broken", "statusDetails": {"message": "selenium.common.exceptions.ElementClickInterceptedException: Message: element click intercepted: Element is not clickable at point (-117, 168)\n  (Session info: chrome=128.0.6613.86)\nStacktrace:\n#0 0x60af569068da <unknown>\n#1 0x60af565d4e50 <unknown>\n#2 0x60af5662b346 <unknown>\n#3 0x60af5662925d <unknown>\n#4 0x60af56626cf7 <unknown>\n#5 0x60af56625b9c <unknown>\n#6 0x60af566194d6 <unknown>\n#7 0x60af56649492 <unknown>\n#8 0x60af56618e89 <unknown>\n#9 0x60af5664965e <unknown>\n#10 0x60af566679c6 <unknown>\n#11 0x60af56649233 <unknown>\n#12 0x60af56617093 <unknown>\n#13 0x60af5661809e <unknown>\n#14 0x60af568cdb3b <unknown>\n#15 0x60af568d1af1 <unknown>\n#16 0x60af568b9705 <unknown>\n#17 0x60af568d2662 <unknown>\n#18 0x60af5689e8df <unknown>\n#19 0x60af568f56d8 <unknown>\n#20 0x60af568f58a2 <unknown>\n#21 0x60af569056cc <unknown>\n#22 0x7ab39de9ca94 <unknown>\n#23 0x7ab39df29c3c <unknown>", "trace": "browser = <selenium.webdriver.chrome.webdriver.WebDriver (session=\"7a1131f52d3d7eae85696970eb547f39\")>, base_url = 'http://10.0.2.15:8081'\n\n    @allure.title(\"Удалить товар\")\n    def test_delete_product(browser, base_url):\n        admin_page = AdminPage(browser)\n        admin_page.open(base_url)\n        admin_page.login(\"user\", \"qwerty!123\")\n>       admin_page.select_catalog()\n\ntests/test_start.py:116: \n_ _ _ _ _ _ _ _ _ _ _ _ _ _ _ _ _ _ _ _ _ _ _ _ _ _ _ _ _ _ _ _ _ _ _ _ _ _ _ _ _ _ _ _ _ _ _ _ _ _ _ _ _ _ _ _ _ _ _ _ _ _ _ _ _ _ _ _ _ _ _ _ _ _ _ _ _ _ _ _ _ _ _ _ _ _ _ _ _ _ _ _ _ _ _ _ _ _ _ _ _ _ _ _ _ _ _ _ _ _\npage_objects/admin_page.py:66: in select_catalog\n    self.get_element(self.CATALOG_BUTTON).click()\nvenv/lib/python3.12/site-packages/selenium/webdriver/remote/webelement.py:94: in click\n    self._execute(Command.CLICK_ELEMENT)\nvenv/lib/python3.12/site-packages/selenium/webdriver/remote/webelement.py:395: in _execute\n    return self._parent.execute(command, params)\nvenv/lib/python3.12/site-packages/selenium/webdriver/remote/webdriver.py:347: in execute\n    self.error_handler.check_response(response)\n_ _ _ _ _ _ _ _ _ _ _ _ _ _ _ _ _ _ _ _ _ _ _ _ _ _ _ _ _ _ _ _ _ _ _ _ _ _ _ _ _ _ _ _ _ _ _ _ _ _ _ _ _ _ _ _ _ _ _ _ _ _ _ _ _ _ _ _ _ _ _ _ _ _ _ _ _ _ _ _ _ _ _ _ _ _ _ _ _ _ _ _ _ _ _ _ _ _ _ _ _ _ _ _ _ _ _ _ _ _\n\nself = <selenium.webdriver.remote.errorhandler.ErrorHandler object at 0x75b5850a3260>\nresponse = {'status': 400, 'value': '{\"value\":{\"error\":\"element click intercepted\",\"message\":\"element click intercepted: Element ...\\\\n#21 0x60af569056cc \\\\u003Cunknown>\\\\n#22 0x7ab39de9ca94 \\\\u003Cunknown>\\\\n#23 0x7ab39df29c3c \\\\u003Cunknown>\\\\n\"}}'}\n\n    def check_response(self, response: Dict[str, Any]) -> None:\n        \"\"\"Checks that a JSON response from the WebDriver does not have an\n        error.\n    \n        :Args:\n         - response - The JSON response from the WebDriver server as a dictionary\n           object.\n    \n        :Raises: If the response contains an error message.\n        \"\"\"\n        status = response.get(\"status\", None)\n        if not status or status == ErrorCode.SUCCESS:\n            return\n        value = None\n        message = response.get(\"message\", \"\")\n        screen: str = response.get(\"screen\", \"\")\n        stacktrace = None\n        if isinstance(status, int):\n            value_json = response.get(\"value\", None)\n            if value_json and isinstance(value_json, str):\n                import json\n    \n                try:\n                    value = json.loads(value_json)\n                    if len(value) == 1:\n                        value = value[\"value\"]\n                    status = value.get(\"error\", None)\n                    if not status:\n                        status = value.get(\"status\", ErrorCode.UNKNOWN_ERROR)\n                        message = value.get(\"value\") or value.get(\"message\")\n                        if not isinstance(message, str):\n                            value = message\n                            message = message.get(\"message\")\n                    else:\n                        message = value.get(\"message\", None)\n                except ValueError:\n                    pass\n    \n        exception_class: Type[WebDriverException]\n        e = ErrorCode()\n        error_codes = [item for item in dir(e) if not item.startswith(\"__\")]\n        for error_code in error_codes:\n            error_info = getattr(ErrorCode, error_code)\n            if isinstance(error_info, list) and status in error_info:\n                exception_class = getattr(ExceptionMapping, error_code, WebDriverException)\n                break\n        else:\n            exception_class = WebDriverException\n    \n        if not value:\n            value = response[\"value\"]\n        if isinstance(value, str):\n            raise exception_class(value)\n        if message == \"\" and \"message\" in value:\n            message = value[\"message\"]\n    \n        screen = None  # type: ignore[assignment]\n        if \"screen\" in value:\n            screen = value[\"screen\"]\n    \n        stacktrace = None\n        st_value = value.get(\"stackTrace\") or value.get(\"stacktrace\")\n        if st_value:\n            if isinstance(st_value, str):\n                stacktrace = st_value.split(\"\\n\")\n            else:\n                stacktrace = []\n                try:\n                    for frame in st_value:\n                        line = frame.get(\"lineNumber\", \"\")\n                        file = frame.get(\"fileName\", \"<anonymous>\")\n                        if line:\n                            file = f\"{file}:{line}\"\n                        meth = frame.get(\"methodName\", \"<anonymous>\")\n                        if \"className\" in frame:\n                            meth = f\"{frame['className']}.{meth}\"\n                        msg = \"    at %s (%s)\"\n                        msg = msg % (meth, file)\n                        stacktrace.append(msg)\n                except TypeError:\n                    pass\n        if exception_class == UnexpectedAlertPresentException:\n            alert_text = None\n            if \"data\" in value:\n                alert_text = value[\"data\"].get(\"text\")\n            elif \"alert\" in value:\n                alert_text = value[\"alert\"].get(\"text\")\n            raise exception_class(message, screen, stacktrace, alert_text)  # type: ignore[call-arg]  # mypy is not smart enough here\n>       raise exception_class(message, screen, stacktrace)\nE       selenium.common.exceptions.ElementClickInterceptedException: Message: element click intercepted: Element is not clickable at point (-117, 168)\nE         (Session info: chrome=128.0.6613.86)\nE       Stacktrace:\nE       #0 0x60af569068da <unknown>\nE       #1 0x60af565d4e50 <unknown>\nE       #2 0x60af5662b346 <unknown>\nE       #3 0x60af5662925d <unknown>\nE       #4 0x60af56626cf7 <unknown>\nE       #5 0x60af56625b9c <unknown>\nE       #6 0x60af566194d6 <unknown>\nE       #7 0x60af56649492 <unknown>\nE       #8 0x60af56618e89 <unknown>\nE       #9 0x60af5664965e <unknown>\nE       #10 0x60af566679c6 <unknown>\nE       #11 0x60af56649233 <unknown>\nE       #12 0x60af56617093 <unknown>\nE       #13 0x60af5661809e <unknown>\nE       #14 0x60af568cdb3b <unknown>\nE       #15 0x60af568d1af1 <unknown>\nE       #16 0x60af568b9705 <unknown>\nE       #17 0x60af568d2662 <unknown>\nE       #18 0x60af5689e8df <unknown>\nE       #19 0x60af568f56d8 <unknown>\nE       #20 0x60af568f58a2 <unknown>\nE       #21 0x60af569056cc <unknown>\nE       #22 0x7ab39de9ca94 <unknown>\nE       #23 0x7ab39df29c3c <unknown>\n\nvenv/lib/python3.12/site-packages/selenium/webdriver/remote/errorhandler.py:229: ElementClickInterceptedException"}, "steps": [{"name": "Открываю http://10.0.2.15:8081/administration", "status": "passed", "start": 1725275824123, "stop": 1725275826919}, {"name": "Авторизую пользователя", "status": "passed", "parameters": [{"name": "username", "value": "'user'"}, {"name": "password", "value": "'qwerty!123'"}], "start": 1725275826919, "stop": 1725275866025}, {"name": "Перехожу в меню Каталог", "status": "broken", "statusDetails": {"message": "selenium.common.exceptions.ElementClickInterceptedException: Message: element click intercepted: Element is not clickable at point (-117, 168)\n  (Session info: chrome=128.0.6613.86)\nStacktrace:\n#0 0x60af569068da <unknown>\n#1 0x60af565d4e50 <unknown>\n#2 0x60af5662b346 <unknown>\n#3 0x60af5662925d <unknown>\n#4 0x60af56626cf7 <unknown>\n#5 0x60af56625b9c <unknown>\n#6 0x60af566194d6 <unknown>\n#7 0x60af56649492 <unknown>\n#8 0x60af56618e89 <unknown>\n#9 0x60af5664965e <unknown>\n#10 0x60af566679c6 <unknown>\n#11 0x60af56649233 <unknown>\n#12 0x60af56617093 <unknown>\n#13 0x60af5661809e <unknown>\n#14 0x60af568cdb3b <unknown>\n#15 0x60af568d1af1 <unknown>\n#16 0x60af568b9705 <unknown>\n#17 0x60af568d2662 <unknown>\n#18 0x60af5689e8df <unknown>\n#19 0x60af568f56d8 <unknown>\n#20 0x60af568f58a2 <unknown>\n#21 0x60af569056cc <unknown>\n#22 0x7ab39de9ca94 <unknown>\n#23 0x7ab39df29c3c <unknown>\n\n", "trace": "  File \"/home/fuenukkusu2501/PycharmProjects/OTUS_selenium_UI/venv/lib/python3.12/site-packages/allure_commons/_allure.py\", line 192, in impl\n    return func(*a, **kw)\n           ^^^^^^^^^^^^^^\n  File \"/home/fuenukkusu2501/PycharmProjects/OTUS_selenium_UI/page_objects/admin_page.py\", line 66, in select_catalog\n    self.get_element(self.CATALOG_BUTTON).click()\n  File \"/home/fuenukkusu2501/PycharmProjects/OTUS_selenium_UI/venv/lib/python3.12/site-packages/selenium/webdriver/remote/webelement.py\", line 94, in click\n    self._execute(Command.CLICK_ELEMENT)\n  File \"/home/fuenukkusu2501/PycharmProjects/OTUS_selenium_UI/venv/lib/python3.12/site-packages/selenium/webdriver/remote/webelement.py\", line 395, in _execute\n    return self._parent.execute(command, params)\n           ^^^^^^^^^^^^^^^^^^^^^^^^^^^^^^^^^^^^^\n  File \"/home/fuenukkusu2501/PycharmProjects/OTUS_selenium_UI/venv/lib/python3.12/site-packages/selenium/webdriver/remote/webdriver.py\", line 347, in execute\n    self.error_handler.check_response(response)\n  File \"/home/fuenukkusu2501/PycharmProjects/OTUS_selenium_UI/venv/lib/python3.12/site-packages/selenium/webdriver/remote/errorhandler.py\", line 229, in check_response\n    raise exception_class(message, screen, stacktrace)\n"}, "start": 1725275866027, "stop": 1725275872592}], "start": 1725275824120, "stop": 1725275872595, "uuid": "eeb7f044-c0ab-4dea-a730-c5979b5c8d28", "historyId": "7d181faf2f27682f61cb2a0d2e84375e", "testCaseId": "7d181faf2f27682f61cb2a0d2e84375e", "fullName": "tests.test_start#test_delete_product", "labels": [{"name": "parentSuite", "value": "tests"}, {"name": "suite", "value": "test_start"}, {"name": "host", "value": "fuenukkusu2501-VirtualBox"}, {"name": "thread", "value": "179305-MainThread"}, {"name": "framework", "value": "pytest"}, {"name": "language", "value": "cpython3"}, {"name": "package", "value": "tests.test_start"}]}