{"name": "Удалить товар", "status": "broken", "statusDetails": {"message": "selenium.common.exceptions.TimeoutException: Message: \nStacktrace:\n#0 0x5ece96acb6ba <unknown>\n#1 0x5ece9679b730 <unknown>\n#2 0x5ece967ead9b <unknown>\n#3 0x5ece967eb081 <unknown>\n#4 0x5ece9682ecd4 <unknown>\n#5 0x5ece9680da7d <unknown>\n#6 0x5ece9682c1ca <unknown>\n#7 0x5ece9680d7f3 <unknown>\n#8 0x5ece967ddec9 <unknown>\n#9 0x5ece967de91e <unknown>\n#10 0x5ece96a919eb <unknown>\n#11 0x5ece96a95972 <unknown>\n#12 0x5ece96a7ee15 <unknown>\n#13 0x5ece96a96502 <unknown>\n#14 0x5ece96a63d2f <unknown>\n#15 0x5ece96aba578 <unknown>\n#16 0x5ece96aba750 <unknown>\n#17 0x5ece96aca48c <unknown>\n#18 0x70b0dfc11ac3 <unknown>", "trace": "browser = <selenium.webdriver.remote.webdriver.WebDriver (session=\"e922fd4873c77c2579704e189fafe509\")>, base_url = 'http://10.0.2.15:8081'\n\n    @allure.title(\"Удалить товар\")\n    def test_delete_product(browser, base_url):\n        admin_page = AdminPage(browser)\n        admin_page.open(base_url)\n        admin_page.login(\"user\", \"bitnami\")\n>       admin_page.select_catalog()\n\ntests/test_start.py:116: \n_ _ _ _ _ _ _ _ _ _ _ _ _ _ _ _ _ _ _ _ _ _ _ _ _ _ _ _ _ _ _ _ _ _ _ _ _ _ _ _ _ _ _ _ _ _ _ _ _ _ _ _ _ _ _ _ _ _ _ _ _ _ _ _ _ _ _ _ _ _ _ _ _\npage_objects/admin_page.py:65: in select_catalog\n    self.get_element(self.CATALOG_BUTTON).click()\npage_objects/base_page.py:30: in get_element\n    return WebDriverWait(self.browser, timeout).until(EC.visibility_of_element_located(locator))\n_ _ _ _ _ _ _ _ _ _ _ _ _ _ _ _ _ _ _ _ _ _ _ _ _ _ _ _ _ _ _ _ _ _ _ _ _ _ _ _ _ _ _ _ _ _ _ _ _ _ _ _ _ _ _ _ _ _ _ _ _ _ _ _ _ _ _ _ _ _ _ _ _\n\nself = <selenium.webdriver.support.wait.WebDriverWait (session=\"e922fd4873c77c2579704e189fafe509\")>\nmethod = <function visibility_of_element_located.<locals>._predicate at 0x788a6a85b7f0>, message = ''\n\n    def until(self, method: Callable[[D], Union[Literal[False], T]], message: str = \"\") -> T:\n        \"\"\"Calls the method provided with the driver as an argument until the \\\n        return value does not evaluate to ``False``.\n    \n        :param method: callable(WebDriver)\n        :param message: optional message for :exc:`TimeoutException`\n        :returns: the result of the last call to `method`\n        :raises: :exc:`selenium.common.exceptions.TimeoutException` if timeout occurs\n        \"\"\"\n        screen = None\n        stacktrace = None\n    \n        end_time = time.monotonic() + self._timeout\n        while True:\n            try:\n                value = method(self._driver)\n                if value:\n                    return value\n            except self._ignored_exceptions as exc:\n                screen = getattr(exc, \"screen\", None)\n                stacktrace = getattr(exc, \"stacktrace\", None)\n            time.sleep(self._poll)\n            if time.monotonic() > end_time:\n                break\n>       raise TimeoutException(message, screen, stacktrace)\nE       selenium.common.exceptions.TimeoutException: Message: \nE       Stacktrace:\nE       #0 0x5ece96acb6ba <unknown>\nE       #1 0x5ece9679b730 <unknown>\nE       #2 0x5ece967ead9b <unknown>\nE       #3 0x5ece967eb081 <unknown>\nE       #4 0x5ece9682ecd4 <unknown>\nE       #5 0x5ece9680da7d <unknown>\nE       #6 0x5ece9682c1ca <unknown>\nE       #7 0x5ece9680d7f3 <unknown>\nE       #8 0x5ece967ddec9 <unknown>\nE       #9 0x5ece967de91e <unknown>\nE       #10 0x5ece96a919eb <unknown>\nE       #11 0x5ece96a95972 <unknown>\nE       #12 0x5ece96a7ee15 <unknown>\nE       #13 0x5ece96a96502 <unknown>\nE       #14 0x5ece96a63d2f <unknown>\nE       #15 0x5ece96aba578 <unknown>\nE       #16 0x5ece96aba750 <unknown>\nE       #17 0x5ece96aca48c <unknown>\nE       #18 0x70b0dfc11ac3 <unknown>\n\n../../../.local/lib/python3.10/site-packages/selenium/webdriver/support/wait.py:105: TimeoutException"}, "steps": [{"name": "Открываю http://10.0.2.15:8081/administration", "status": "passed", "start": 1723998454231, "stop": 1723998458353}, {"name": "Авторизую пользователя", "status": "passed", "parameters": [{"name": "username", "value": "'user'"}, {"name": "password", "value": "'bitnami'"}], "start": 1723998458353, "stop": 1723998462335}, {"name": "Перехожу в меню Каталог", "status": "broken", "statusDetails": {"message": "selenium.common.exceptions.TimeoutException: Message: \nStacktrace:\n#0 0x5ece96acb6ba <unknown>\n#1 0x5ece9679b730 <unknown>\n#2 0x5ece967ead9b <unknown>\n#3 0x5ece967eb081 <unknown>\n#4 0x5ece9682ecd4 <unknown>\n#5 0x5ece9680da7d <unknown>\n#6 0x5ece9682c1ca <unknown>\n#7 0x5ece9680d7f3 <unknown>\n#8 0x5ece967ddec9 <unknown>\n#9 0x5ece967de91e <unknown>\n#10 0x5ece96a919eb <unknown>\n#11 0x5ece96a95972 <unknown>\n#12 0x5ece96a7ee15 <unknown>\n#13 0x5ece96a96502 <unknown>\n#14 0x5ece96a63d2f <unknown>\n#15 0x5ece96aba578 <unknown>\n#16 0x5ece96aba750 <unknown>\n#17 0x5ece96aca48c <unknown>\n#18 0x70b0dfc11ac3 <unknown>\n\n", "trace": "  File \"/home/fuenukkusu2501/.local/lib/python3.10/site-packages/allure_commons/_allure.py\", line 192, in impl\n    return func(*a, **kw)\n  File \"/home/fuenukkusu2501/Develop/tmp/OTUS_selenium_UI/page_objects/admin_page.py\", line 65, in select_catalog\n    self.get_element(self.CATALOG_BUTTON).click()\n  File \"/home/fuenukkusu2501/Develop/tmp/OTUS_selenium_UI/page_objects/base_page.py\", line 30, in get_element\n    return WebDriverWait(self.browser, timeout).until(EC.visibility_of_element_located(locator))\n  File \"/home/fuenukkusu2501/.local/lib/python3.10/site-packages/selenium/webdriver/support/wait.py\", line 105, in until\n    raise TimeoutException(message, screen, stacktrace)\n"}, "start": 1723998462337, "stop": 1723998465897}], "start": 1723998454231, "stop": 1723998465898, "uuid": "130032e3-8a56-4a90-a948-35391267c37f", "historyId": "7d181faf2f27682f61cb2a0d2e84375e", "testCaseId": "7d181faf2f27682f61cb2a0d2e84375e", "fullName": "tests.test_start#test_delete_product", "labels": [{"name": "parentSuite", "value": "tests"}, {"name": "suite", "value": "test_start"}, {"name": "host", "value": "Ubuntu"}, {"name": "thread", "value": "75138-MainThread"}, {"name": "framework", "value": "pytest"}, {"name": "language", "value": "cpython3"}, {"name": "package", "value": "tests.test_start"}]}