{"name": "Удалить товар", "status": "broken", "statusDetails": {"message": "selenium.common.exceptions.ElementClickInterceptedException: Message: element click intercepted: Element is not clickable at point (389, 943)\n  (Session info: chrome=126.0.6478.182)\nStacktrace:\n#0 0x5f01e11f4c5a <unknown>\n#1 0x5f01e0ed7e2c <unknown>\n#2 0x5f01e0f2b406 <unknown>\n#3 0x5f01e0f29246 <unknown>\n#4 0x5f01e0f26c27 <unknown>\n#5 0x5f01e0f25a60 <unknown>\n#6 0x5f01e0f1915f <unknown>\n#7 0x5f01e0f475c2 <unknown>\n#8 0x5f01e0f18ad9 <unknown>\n#9 0x5f01e0f4778e <unknown>\n#10 0x5f01e0f66303 <unknown>\n#11 0x5f01e0f47363 <unknown>\n#12 0x5f01e0f17247 <unknown>\n#13 0x5f01e0f17b9e <unknown>\n#14 0x5f01e11bb22b <unknown>\n#15 0x5f01e11bf2d1 <unknown>\n#16 0x5f01e11a6ade <unknown>\n#17 0x5f01e11bfe32 <unknown>\n#18 0x5f01e118b77f <unknown>\n#19 0x5f01e11e4618 <unknown>\n#20 0x5f01e11e47f0 <unknown>\n#21 0x5f01e11f3d8c <unknown>\n#22 0x708c0ac94ac3 <unknown>", "trace": "browser = <selenium.webdriver.chrome.webdriver.WebDriver (session=\"bd2379fa59b47a74e35957492f748932\")>, base_url = 'http://10.0.2.15:8081'\n\n    @allure.title(\"Удалить товар\")\n    def test_delete_product(browser, base_url):\n        admin_page = AdminPage(browser)\n        admin_page.open(base_url)\n        admin_page.login(\"user\", \"bitnami\")\n        admin_page.select_catalog()\n        admin_page.select_products()\n        HomePage(browser).scroll_down()\n>       admin_page.to_the_last_page()\n\ntests/test_start.py:126: \n_ _ _ _ _ _ _ _ _ _ _ _ _ _ _ _ _ _ _ _ _ _ _ _ _ _ _ _ _ _ _ _ _ _ _ _ _ _ _ _ _ _ _ _ _ _ _ _ _ _ _ _ _ _ _ _ _ _ _ _ _ _ _ _ _ _ _ _ _ _ _ _ _ _ _ _ _ _ _ _ _ _ _ _ _ _ _ _ _ _ _ _ _ _ _ _ _ _ _ _ _ _ _ _ _ _ _ _ _ _\npage_objects/admin_page.py:105: in to_the_last_page\n    self.get_element(self.LAST_PAGE).click()\n/usr/local/lib/python3.10/dist-packages/selenium/webdriver/remote/webelement.py:94: in click\n    self._execute(Command.CLICK_ELEMENT)\n/usr/local/lib/python3.10/dist-packages/selenium/webdriver/remote/webelement.py:395: in _execute\n    return self._parent.execute(command, params)\n/usr/local/lib/python3.10/dist-packages/selenium/webdriver/remote/webdriver.py:347: in execute\n    self.error_handler.check_response(response)\n_ _ _ _ _ _ _ _ _ _ _ _ _ _ _ _ _ _ _ _ _ _ _ _ _ _ _ _ _ _ _ _ _ _ _ _ _ _ _ _ _ _ _ _ _ _ _ _ _ _ _ _ _ _ _ _ _ _ _ _ _ _ _ _ _ _ _ _ _ _ _ _ _ _ _ _ _ _ _ _ _ _ _ _ _ _ _ _ _ _ _ _ _ _ _ _ _ _ _ _ _ _ _ _ _ _ _ _ _ _\n\nself = <selenium.webdriver.remote.errorhandler.ErrorHandler object at 0x7e57f4f06ce0>\nresponse = {'status': 400, 'value': '{\"value\":{\"error\":\"element click intercepted\",\"message\":\"element click intercepted: Element ...\\\\n#20 0x5f01e11e47f0 \\\\u003Cunknown>\\\\n#21 0x5f01e11f3d8c \\\\u003Cunknown>\\\\n#22 0x708c0ac94ac3 \\\\u003Cunknown>\\\\n\"}}'}\n\n    def check_response(self, response: Dict[str, Any]) -> None:\n        \"\"\"Checks that a JSON response from the WebDriver does not have an\n        error.\n    \n        :Args:\n         - response - The JSON response from the WebDriver server as a dictionary\n           object.\n    \n        :Raises: If the response contains an error message.\n        \"\"\"\n        status = response.get(\"status\", None)\n        if not status or status == ErrorCode.SUCCESS:\n            return\n        value = None\n        message = response.get(\"message\", \"\")\n        screen: str = response.get(\"screen\", \"\")\n        stacktrace = None\n        if isinstance(status, int):\n            value_json = response.get(\"value\", None)\n            if value_json and isinstance(value_json, str):\n                import json\n    \n                try:\n                    value = json.loads(value_json)\n                    if len(value) == 1:\n                        value = value[\"value\"]\n                    status = value.get(\"error\", None)\n                    if not status:\n                        status = value.get(\"status\", ErrorCode.UNKNOWN_ERROR)\n                        message = value.get(\"value\") or value.get(\"message\")\n                        if not isinstance(message, str):\n                            value = message\n                            message = message.get(\"message\")\n                    else:\n                        message = value.get(\"message\", None)\n                except ValueError:\n                    pass\n    \n        exception_class: Type[WebDriverException]\n        e = ErrorCode()\n        error_codes = [item for item in dir(e) if not item.startswith(\"__\")]\n        for error_code in error_codes:\n            error_info = getattr(ErrorCode, error_code)\n            if isinstance(error_info, list) and status in error_info:\n                exception_class = getattr(ExceptionMapping, error_code, WebDriverException)\n                break\n        else:\n            exception_class = WebDriverException\n    \n        if not value:\n            value = response[\"value\"]\n        if isinstance(value, str):\n            raise exception_class(value)\n        if message == \"\" and \"message\" in value:\n            message = value[\"message\"]\n    \n        screen = None  # type: ignore[assignment]\n        if \"screen\" in value:\n            screen = value[\"screen\"]\n    \n        stacktrace = None\n        st_value = value.get(\"stackTrace\") or value.get(\"stacktrace\")\n        if st_value:\n            if isinstance(st_value, str):\n                stacktrace = st_value.split(\"\\n\")\n            else:\n                stacktrace = []\n                try:\n                    for frame in st_value:\n                        line = frame.get(\"lineNumber\", \"\")\n                        file = frame.get(\"fileName\", \"<anonymous>\")\n                        if line:\n                            file = f\"{file}:{line}\"\n                        meth = frame.get(\"methodName\", \"<anonymous>\")\n                        if \"className\" in frame:\n                            meth = f\"{frame['className']}.{meth}\"\n                        msg = \"    at %s (%s)\"\n                        msg = msg % (meth, file)\n                        stacktrace.append(msg)\n                except TypeError:\n                    pass\n        if exception_class == UnexpectedAlertPresentException:\n            alert_text = None\n            if \"data\" in value:\n                alert_text = value[\"data\"].get(\"text\")\n            elif \"alert\" in value:\n                alert_text = value[\"alert\"].get(\"text\")\n            raise exception_class(message, screen, stacktrace, alert_text)  # type: ignore[call-arg]  # mypy is not smart enough here\n>       raise exception_class(message, screen, stacktrace)\nE       selenium.common.exceptions.ElementClickInterceptedException: Message: element click intercepted: Element is not clickable at point (389, 943)\nE         (Session info: chrome=126.0.6478.182)\nE       Stacktrace:\nE       #0 0x5f01e11f4c5a <unknown>\nE       #1 0x5f01e0ed7e2c <unknown>\nE       #2 0x5f01e0f2b406 <unknown>\nE       #3 0x5f01e0f29246 <unknown>\nE       #4 0x5f01e0f26c27 <unknown>\nE       #5 0x5f01e0f25a60 <unknown>\nE       #6 0x5f01e0f1915f <unknown>\nE       #7 0x5f01e0f475c2 <unknown>\nE       #8 0x5f01e0f18ad9 <unknown>\nE       #9 0x5f01e0f4778e <unknown>\nE       #10 0x5f01e0f66303 <unknown>\nE       #11 0x5f01e0f47363 <unknown>\nE       #12 0x5f01e0f17247 <unknown>\nE       #13 0x5f01e0f17b9e <unknown>\nE       #14 0x5f01e11bb22b <unknown>\nE       #15 0x5f01e11bf2d1 <unknown>\nE       #16 0x5f01e11a6ade <unknown>\nE       #17 0x5f01e11bfe32 <unknown>\nE       #18 0x5f01e118b77f <unknown>\nE       #19 0x5f01e11e4618 <unknown>\nE       #20 0x5f01e11e47f0 <unknown>\nE       #21 0x5f01e11f3d8c <unknown>\nE       #22 0x708c0ac94ac3 <unknown>\n\n/usr/local/lib/python3.10/dist-packages/selenium/webdriver/remote/errorhandler.py:229: ElementClickInterceptedException"}, "steps": [{"name": "Открываю http://10.0.2.15:8081/administration", "status": "passed", "start": 1723034893697, "stop": 1723034894056}, {"name": "Авторизую пользователя", "status": "passed", "parameters": [{"name": "username", "value": "'user'"}, {"name": "password", "value": "'bitnami'"}], "start": 1723034894056, "stop": 1723034895165}, {"name": "Перехожу в меню Каталог", "status": "passed", "start": 1723034895165, "stop": 1723034895764}, {"name": "Выбираю товар", "status": "passed", "start": 1723034895764, "stop": 1723034896529}, {"name": "Скроллю страницу вниз", "status": "passed", "start": 1723034896529, "stop": 1723034896540}, {"name": "Перехожу на последнюю страницу", "status": "broken", "statusDetails": {"message": "selenium.common.exceptions.ElementClickInterceptedException: Message: element click intercepted: Element is not clickable at point (389, 943)\n  (Session info: chrome=126.0.6478.182)\nStacktrace:\n#0 0x5f01e11f4c5a <unknown>\n#1 0x5f01e0ed7e2c <unknown>\n#2 0x5f01e0f2b406 <unknown>\n#3 0x5f01e0f29246 <unknown>\n#4 0x5f01e0f26c27 <unknown>\n#5 0x5f01e0f25a60 <unknown>\n#6 0x5f01e0f1915f <unknown>\n#7 0x5f01e0f475c2 <unknown>\n#8 0x5f01e0f18ad9 <unknown>\n#9 0x5f01e0f4778e <unknown>\n#10 0x5f01e0f66303 <unknown>\n#11 0x5f01e0f47363 <unknown>\n#12 0x5f01e0f17247 <unknown>\n#13 0x5f01e0f17b9e <unknown>\n#14 0x5f01e11bb22b <unknown>\n#15 0x5f01e11bf2d1 <unknown>\n#16 0x5f01e11a6ade <unknown>\n#17 0x5f01e11bfe32 <unknown>\n#18 0x5f01e118b77f <unknown>\n#19 0x5f01e11e4618 <unknown>\n#20 0x5f01e11e47f0 <unknown>\n#21 0x5f01e11f3d8c <unknown>\n#22 0x708c0ac94ac3 <unknown>\n\n", "trace": "  File \"/usr/local/lib/python3.10/dist-packages/allure_commons/_allure.py\", line 192, in impl\n    return func(*a, **kw)\n  File \"/home/fuenukkusu2501/Develop/tmp/OTUS_selenium_UI/page_objects/admin_page.py\", line 105, in to_the_last_page\n    self.get_element(self.LAST_PAGE).click()\n  File \"/usr/local/lib/python3.10/dist-packages/selenium/webdriver/remote/webelement.py\", line 94, in click\n    self._execute(Command.CLICK_ELEMENT)\n  File \"/usr/local/lib/python3.10/dist-packages/selenium/webdriver/remote/webelement.py\", line 395, in _execute\n    return self._parent.execute(command, params)\n  File \"/usr/local/lib/python3.10/dist-packages/selenium/webdriver/remote/webdriver.py\", line 347, in execute\n    self.error_handler.check_response(response)\n  File \"/usr/local/lib/python3.10/dist-packages/selenium/webdriver/remote/errorhandler.py\", line 229, in check_response\n    raise exception_class(message, screen, stacktrace)\n"}, "start": 1723034896541, "stop": 1723034897648}], "start": 1723034893697, "stop": 1723034897649, "uuid": "bb16298e-24ce-466a-ac74-bb9ab097532f", "historyId": "7d181faf2f27682f61cb2a0d2e84375e", "testCaseId": "7d181faf2f27682f61cb2a0d2e84375e", "fullName": "tests.test_start#test_delete_product", "labels": [{"name": "parentSuite", "value": "tests"}, {"name": "suite", "value": "test_start"}, {"name": "host", "value": "Ubuntu"}, {"name": "thread", "value": "314291-MainThread"}, {"name": "framework", "value": "pytest"}, {"name": "language", "value": "cpython3"}, {"name": "package", "value": "tests.test_start"}]}