{"name": "Создать товар", "status": "broken", "statusDetails": {"message": "selenium.common.exceptions.TimeoutException: Message: \nStacktrace:\n#0 0x59977c89a6ba <unknown>\n#1 0x59977c56a730 <unknown>\n#2 0x59977c5b9d9b <unknown>\n#3 0x59977c5ba081 <unknown>\n#4 0x59977c5fdcd4 <unknown>\n#5 0x59977c5dca7d <unknown>\n#6 0x59977c5fb1ca <unknown>\n#7 0x59977c5dc7f3 <unknown>\n#8 0x59977c5acec9 <unknown>\n#9 0x59977c5ad91e <unknown>\n#10 0x59977c8609eb <unknown>\n#11 0x59977c864972 <unknown>\n#12 0x59977c84de15 <unknown>\n#13 0x59977c865502 <unknown>\n#14 0x59977c832d2f <unknown>\n#15 0x59977c889578 <unknown>\n#16 0x59977c889750 <unknown>\n#17 0x59977c89948c <unknown>\n#18 0x7233bf6baac3 <unknown>", "trace": "browser = <selenium.webdriver.remote.webdriver.WebDriver (session=\"27958dd9c069763a5680e0836ca07922\")>, base_url = 'http://10.0.2.15:8081'\n\n    @allure.title(\"Создать товар\")\n    def test_add_product(browser, base_url):\n        admin_page = AdminPage(browser)\n        admin_page.open(base_url)\n        admin_page.login(\"user\", \"qwerty!123\")\n        admin_page.select_catalog()\n        admin_page.select_products()\n        admin_page.add_product()\n        admin_page.add_product_name(\"test item\")\n        admin_page.add_meta_tag(\"test\")\n        admin_page.select_data_tab()\n        admin_page.add_model(\"12345\")\n        admin_page.select_seo_tab()\n        admin_page.add_seo_name(\"12345\")\n        admin_page.save_product()\n>       admin_page.find_popup_success()\n\ntests/test_start.py:108: \n_ _ _ _ _ _ _ _ _ _ _ _ _ _ _ _ _ _ _ _ _ _ _ _ _ _ _ _ _ _ _ _ _ _ _ _ _ _ _ _ _ _ _ _ _ _ _ _ _ _ _ _ _ _ _ _ _ _ _ _ _ _ _ _ _ _ _ _ _ _ _ _ _ _ _ _ _ _ _ _ _ \npage_objects/admin_page.py:120: in find_popup_success\n    self.get_element(self.POPUP_SUCCESS)\npage_objects/base_page.py:35: in get_element\n    return WebDriverWait(self.browser, timeout).until(EC.visibility_of_element_located(locator))\n_ _ _ _ _ _ _ _ _ _ _ _ _ _ _ _ _ _ _ _ _ _ _ _ _ _ _ _ _ _ _ _ _ _ _ _ _ _ _ _ _ _ _ _ _ _ _ _ _ _ _ _ _ _ _ _ _ _ _ _ _ _ _ _ _ _ _ _ _ _ _ _ _ _ _ _ _ _ _ _ _ \n\nself = <selenium.webdriver.support.wait.WebDriverWait (session=\"27958dd9c069763a5680e0836ca07922\")>\nmethod = <function visibility_of_element_located.<locals>._predicate at 0x7387f42fe660>, message = ''\n\n    def until(self, method: Callable[[D], Union[Literal[False], T]], message: str = \"\") -> T:\n        \"\"\"Calls the method provided with the driver as an argument until the \\\n        return value does not evaluate to ``False``.\n    \n        :param method: callable(WebDriver)\n        :param message: optional message for :exc:`TimeoutException`\n        :returns: the result of the last call to `method`\n        :raises: :exc:`selenium.common.exceptions.TimeoutException` if timeout occurs\n        \"\"\"\n        screen = None\n        stacktrace = None\n    \n        end_time = time.monotonic() + self._timeout\n        while True:\n            try:\n                value = method(self._driver)\n                if value:\n                    return value\n            except self._ignored_exceptions as exc:\n                screen = getattr(exc, \"screen\", None)\n                stacktrace = getattr(exc, \"stacktrace\", None)\n            time.sleep(self._poll)\n            if time.monotonic() > end_time:\n                break\n>       raise TimeoutException(message, screen, stacktrace)\nE       selenium.common.exceptions.TimeoutException: Message: \nE       Stacktrace:\nE       #0 0x59977c89a6ba <unknown>\nE       #1 0x59977c56a730 <unknown>\nE       #2 0x59977c5b9d9b <unknown>\nE       #3 0x59977c5ba081 <unknown>\nE       #4 0x59977c5fdcd4 <unknown>\nE       #5 0x59977c5dca7d <unknown>\nE       #6 0x59977c5fb1ca <unknown>\nE       #7 0x59977c5dc7f3 <unknown>\nE       #8 0x59977c5acec9 <unknown>\nE       #9 0x59977c5ad91e <unknown>\nE       #10 0x59977c8609eb <unknown>\nE       #11 0x59977c864972 <unknown>\nE       #12 0x59977c84de15 <unknown>\nE       #13 0x59977c865502 <unknown>\nE       #14 0x59977c832d2f <unknown>\nE       #15 0x59977c889578 <unknown>\nE       #16 0x59977c889750 <unknown>\nE       #17 0x59977c89948c <unknown>\nE       #18 0x7233bf6baac3 <unknown>\n\nvenv/lib/python3.12/site-packages/selenium/webdriver/support/wait.py:105: TimeoutException"}, "steps": [{"name": "Открываю http://10.0.2.15:8081/administration", "status": "passed", "start": 1724228510349, "stop": 1724228511194}, {"name": "Авторизую пользователя", "status": "passed", "parameters": [{"name": "username", "value": "'user'"}, {"name": "password", "value": "'qwerty!123'"}], "start": 1724228511195, "stop": 1724228514424}, {"name": "Перехожу в меню Каталог", "status": "passed", "start": 1724228514424, "stop": 1724228515804}, {"name": "Выбираю товар", "status": "passed", "start": 1724228515804, "stop": 1724228517614}, {"name": "Добавляю товар в корзину", "status": "passed", "start": 1724228517614, "stop": 1724228520152}, {"name": "Получаю имя товара", "status": "passed", "parameters": [{"name": "text", "value": "'test item'"}], "start": 1724228520152, "stop": 1724228522814}, {"name": "Прописываю meta_tag", "status": "passed", "parameters": [{"name": "text", "value": "'test'"}], "start": 1724228522814, "stop": 1724228523561}, {"name": "Выбираю вкладку data", "status": "passed", "start": 1724228523561, "stop": 1724228523788}, {"name": "Прописываю артикул", "status": "passed", "parameters": [{"name": "text", "value": "'12345'"}], "start": 1724228523788, "stop": 1724228524887}, {"name": "Выбираю вкладку SEO", "status": "passed", "start": 1724228524887, "stop": 1724228525012}, {"name": "Прописываю имя SEO", "status": "passed", "parameters": [{"name": "text", "value": "'12345'"}], "start": 1724228525012, "stop": 1724228527311}, {"name": "Сохраняю товар", "status": "passed", "start": 1724228527311, "stop": 1724228527771}, {"name": "Ищу поп-ап", "status": "broken", "statusDetails": {"message": "selenium.common.exceptions.TimeoutException: Message: \nStacktrace:\n#0 0x59977c89a6ba <unknown>\n#1 0x59977c56a730 <unknown>\n#2 0x59977c5b9d9b <unknown>\n#3 0x59977c5ba081 <unknown>\n#4 0x59977c5fdcd4 <unknown>\n#5 0x59977c5dca7d <unknown>\n#6 0x59977c5fb1ca <unknown>\n#7 0x59977c5dc7f3 <unknown>\n#8 0x59977c5acec9 <unknown>\n#9 0x59977c5ad91e <unknown>\n#10 0x59977c8609eb <unknown>\n#11 0x59977c864972 <unknown>\n#12 0x59977c84de15 <unknown>\n#13 0x59977c865502 <unknown>\n#14 0x59977c832d2f <unknown>\n#15 0x59977c889578 <unknown>\n#16 0x59977c889750 <unknown>\n#17 0x59977c89948c <unknown>\n#18 0x7233bf6baac3 <unknown>\n\n", "trace": "  File \"/home/fuenukkusu2501/PycharmProjects/OTUS_selenium_UI/venv/lib/python3.12/site-packages/allure_commons/_allure.py\", line 192, in impl\n    return func(*a, **kw)\n           ^^^^^^^^^^^^^^\n  File \"/home/fuenukkusu2501/PycharmProjects/OTUS_selenium_UI/page_objects/admin_page.py\", line 120, in find_popup_success\n    self.get_element(self.POPUP_SUCCESS)\n  File \"/home/fuenukkusu2501/PycharmProjects/OTUS_selenium_UI/page_objects/base_page.py\", line 35, in get_element\n    return WebDriverWait(self.browser, timeout).until(EC.visibility_of_element_located(locator))\n           ^^^^^^^^^^^^^^^^^^^^^^^^^^^^^^^^^^^^^^^^^^^^^^^^^^^^^^^^^^^^^^^^^^^^^^^^^^^^^^^^^^^^^\n  File \"/home/fuenukkusu2501/PycharmProjects/OTUS_selenium_UI/venv/lib/python3.12/site-packages/selenium/webdriver/support/wait.py\", line 105, in until\n    raise TimeoutException(message, screen, stacktrace)\n"}, "start": 1724228527771, "stop": 1724228533218}], "start": 1724228510349, "stop": 1724228533224, "uuid": "853bbe89-c9be-4e75-bef7-dce898d18d7c", "historyId": "605f1327e44636668481b9c4c06efda9", "testCaseId": "605f1327e44636668481b9c4c06efda9", "fullName": "tests.test_start#test_add_product", "labels": [{"name": "parentSuite", "value": "tests"}, {"name": "suite", "value": "test_start"}, {"name": "host", "value": "fuenukkusu2501-VirtualBox"}, {"name": "thread", "value": "82215-MainThread"}, {"name": "framework", "value": "pytest"}, {"name": "language", "value": "cpython3"}, {"name": "package", "value": "tests.test_start"}]}