{"name": "Создать товар", "status": "broken", "statusDetails": {"message": "selenium.common.exceptions.TimeoutException: Message: \nStacktrace:\n#0 0x5e700364ec5a <unknown>\n#1 0x5e7003331e2c <unknown>\n#2 0x5e700337e661 <unknown>\n#3 0x5e700337e751 <unknown>\n#4 0x5e70033c2f64 <unknown>\n#5 0x5e70033a15ed <unknown>\n#6 0x5e70033c0303 <unknown>\n#7 0x5e70033a1363 <unknown>\n#8 0x5e7003371247 <unknown>\n#9 0x5e7003371b9e <unknown>\n#10 0x5e700361522b <unknown>\n#11 0x5e70036192d1 <unknown>\n#12 0x5e7003600ade <unknown>\n#13 0x5e7003619e32 <unknown>\n#14 0x5e70035e577f <unknown>\n#15 0x5e700363e618 <unknown>\n#16 0x5e700363e7f0 <unknown>\n#17 0x5e700364dd8c <unknown>\n#18 0x712967694ac3 <unknown>", "trace": "browser = <selenium.webdriver.chrome.webdriver.WebDriver (session=\"1af9c4bb69394e08a294b644f67dc0e6\")>, base_url = 'http://10.0.2.15:8081'\n\n    @allure.title(\"Создать товар\")\n    def test_add_product(browser, base_url):\n        admin_page = AdminPage(browser)\n        admin_page.open(base_url)\n        admin_page.login(\"user\", \"bitnami\")\n        admin_page.select_catalog()\n        admin_page.select_products()\n        admin_page.add_product()\n        admin_page.add_product_name(\"test item\")\n        admin_page.add_meta_tag(\"test\")\n        admin_page.select_data_tab()\n        admin_page.add_model(\"12345\")\n        admin_page.select_seo_tab()\n        admin_page.add_seo_name(\"12345\")\n        admin_page.save_product()\n>       admin_page.find_popup_success()\n\ntests/test_start.py:108: \n_ _ _ _ _ _ _ _ _ _ _ _ _ _ _ _ _ _ _ _ _ _ _ _ _ _ _ _ _ _ _ _ _ _ _ _ _ _ _ _ _ _ _ _ _ _ _ _ _ _ _ _ _ _ _ _ _ _ _ _ _ _ _ _ _ _ _ _ _ _ _ _ _ _ _ _ _ _ _ _ _ _ _ _ _ _ _ _ _ _ _ _ _ _ _ _ _ _ _ _ _ _ _ _ _ _ _ _ _ _\npage_objects/admin_page.py:119: in find_popup_success\n    self.get_element(self.POPUP_SUCCESS)\npage_objects/base_page.py:30: in get_element\n    return WebDriverWait(self.browser, timeout).until(EC.visibility_of_element_located(locator))\n_ _ _ _ _ _ _ _ _ _ _ _ _ _ _ _ _ _ _ _ _ _ _ _ _ _ _ _ _ _ _ _ _ _ _ _ _ _ _ _ _ _ _ _ _ _ _ _ _ _ _ _ _ _ _ _ _ _ _ _ _ _ _ _ _ _ _ _ _ _ _ _ _ _ _ _ _ _ _ _ _ _ _ _ _ _ _ _ _ _ _ _ _ _ _ _ _ _ _ _ _ _ _ _ _ _ _ _ _ _\n\nself = <selenium.webdriver.support.wait.WebDriverWait (session=\"1af9c4bb69394e08a294b644f67dc0e6\")>, method = <function visibility_of_element_located.<locals>._predicate at 0x7852550ba170>, message = ''\n\n    def until(self, method: Callable[[D], Union[Literal[False], T]], message: str = \"\") -> T:\n        \"\"\"Calls the method provided with the driver as an argument until the \\\n        return value does not evaluate to ``False``.\n    \n        :param method: callable(WebDriver)\n        :param message: optional message for :exc:`TimeoutException`\n        :returns: the result of the last call to `method`\n        :raises: :exc:`selenium.common.exceptions.TimeoutException` if timeout occurs\n        \"\"\"\n        screen = None\n        stacktrace = None\n    \n        end_time = time.monotonic() + self._timeout\n        while True:\n            try:\n                value = method(self._driver)\n                if value:\n                    return value\n            except self._ignored_exceptions as exc:\n                screen = getattr(exc, \"screen\", None)\n                stacktrace = getattr(exc, \"stacktrace\", None)\n            time.sleep(self._poll)\n            if time.monotonic() > end_time:\n                break\n>       raise TimeoutException(message, screen, stacktrace)\nE       selenium.common.exceptions.TimeoutException: Message: \nE       Stacktrace:\nE       #0 0x5e700364ec5a <unknown>\nE       #1 0x5e7003331e2c <unknown>\nE       #2 0x5e700337e661 <unknown>\nE       #3 0x5e700337e751 <unknown>\nE       #4 0x5e70033c2f64 <unknown>\nE       #5 0x5e70033a15ed <unknown>\nE       #6 0x5e70033c0303 <unknown>\nE       #7 0x5e70033a1363 <unknown>\nE       #8 0x5e7003371247 <unknown>\nE       #9 0x5e7003371b9e <unknown>\nE       #10 0x5e700361522b <unknown>\nE       #11 0x5e70036192d1 <unknown>\nE       #12 0x5e7003600ade <unknown>\nE       #13 0x5e7003619e32 <unknown>\nE       #14 0x5e70035e577f <unknown>\nE       #15 0x5e700363e618 <unknown>\nE       #16 0x5e700363e7f0 <unknown>\nE       #17 0x5e700364dd8c <unknown>\nE       #18 0x712967694ac3 <unknown>\n\n/usr/local/lib/python3.10/dist-packages/selenium/webdriver/support/wait.py:105: TimeoutException"}, "steps": [{"name": "Открываю http://10.0.2.15:8081/administration", "status": "passed", "start": 1723040037193, "stop": 1723040037707}, {"name": "Авторизую пользователя", "status": "passed", "parameters": [{"name": "username", "value": "'user'"}, {"name": "password", "value": "'bitnami'"}], "start": 1723040037707, "stop": 1723040039121}, {"name": "Перехожу в меню Каталог", "status": "passed", "start": 1723040039121, "stop": 1723040039985}, {"name": "Выбираю товар", "status": "passed", "start": 1723040039985, "stop": 1723040040592}, {"name": "Добавляю товар в корзину", "status": "passed", "start": 1723040040592, "stop": 1723040041885}, {"name": "Получаю имя товара", "status": "passed", "parameters": [{"name": "text", "value": "'test item'"}], "start": 1723040041886, "stop": 1723040042716}, {"name": "Прописываю meta_tag", "status": "passed", "parameters": [{"name": "text", "value": "'test'"}], "start": 1723040042716, "stop": 1723040043581}, {"name": "Выбираю вкладку data", "status": "passed", "start": 1723040043581, "stop": 1723040043664}, {"name": "Прописываю артикул", "status": "passed", "parameters": [{"name": "text", "value": "'12345'"}], "start": 1723040043664, "stop": 1723040044164}, {"name": "Выбираю вкладку SEO", "status": "passed", "start": 1723040044164, "stop": 1723040044245}, {"name": "Прописываю имя SEO", "status": "passed", "parameters": [{"name": "text", "value": "'12345'"}], "start": 1723040044246, "stop": 1723040044722}, {"name": "Сохраняю товар", "status": "passed", "start": 1723040044722, "stop": 1723040044815}, {"name": "Ищу поп-ап", "status": "broken", "statusDetails": {"message": "selenium.common.exceptions.TimeoutException: Message: \nStacktrace:\n#0 0x5e700364ec5a <unknown>\n#1 0x5e7003331e2c <unknown>\n#2 0x5e700337e661 <unknown>\n#3 0x5e700337e751 <unknown>\n#4 0x5e70033c2f64 <unknown>\n#5 0x5e70033a15ed <unknown>\n#6 0x5e70033c0303 <unknown>\n#7 0x5e70033a1363 <unknown>\n#8 0x5e7003371247 <unknown>\n#9 0x5e7003371b9e <unknown>\n#10 0x5e700361522b <unknown>\n#11 0x5e70036192d1 <unknown>\n#12 0x5e7003600ade <unknown>\n#13 0x5e7003619e32 <unknown>\n#14 0x5e70035e577f <unknown>\n#15 0x5e700363e618 <unknown>\n#16 0x5e700363e7f0 <unknown>\n#17 0x5e700364dd8c <unknown>\n#18 0x712967694ac3 <unknown>\n\n", "trace": "  File \"/usr/local/lib/python3.10/dist-packages/allure_commons/_allure.py\", line 192, in impl\n    return func(*a, **kw)\n  File \"/home/fuenukkusu2501/Develop/tmp/OTUS_selenium_UI/page_objects/admin_page.py\", line 119, in find_popup_success\n    self.get_element(self.POPUP_SUCCESS)\n  File \"/home/fuenukkusu2501/Develop/tmp/OTUS_selenium_UI/page_objects/base_page.py\", line 30, in get_element\n    return WebDriverWait(self.browser, timeout).until(EC.visibility_of_element_located(locator))\n  File \"/usr/local/lib/python3.10/dist-packages/selenium/webdriver/support/wait.py\", line 105, in until\n    raise TimeoutException(message, screen, stacktrace)\n"}, "start": 1723040044815, "stop": 1723040047968}], "start": 1723040037193, "stop": 1723040047971, "uuid": "61303d88-d1d2-4b47-b1fd-11b52b0a3f77", "historyId": "605f1327e44636668481b9c4c06efda9", "testCaseId": "605f1327e44636668481b9c4c06efda9", "fullName": "tests.test_start#test_add_product", "labels": [{"name": "parentSuite", "value": "tests"}, {"name": "suite", "value": "test_start"}, {"name": "host", "value": "Ubuntu"}, {"name": "thread", "value": "6775-MainThread"}, {"name": "framework", "value": "pytest"}, {"name": "language", "value": "cpython3"}, {"name": "package", "value": "tests.test_start"}]}