{
  "uid" : "1ebef781c87ee0d1",
  "name" : "Регистрация",
  "fullName" : "tests.test_start#test_user_registration",
  "historyId" : "276a2f858328b159336cdee904d860f5",
  "time" : {
    "start" : 1719670379398,
    "stop" : 1719670396368,
    "duration" : 16970
  },
  "status" : "broken",
  "statusMessage" : "selenium.common.exceptions.TimeoutException: Message:",
  "statusTrace" : "browser = <selenium.webdriver.chrome.webdriver.WebDriver (session=\"ed29b2b78b96bb0f181a37ae07ed6216\")>, base_url = 'http://10.0.2.15:8081'\n\n    @allure.title(\"Регистрация\")\n    def test_user_registration(browser, base_url):\n        registration_page = RegistrationPage(browser)\n        registration_page.open(base_url)\n        registration_page.input_data(\"Oleg\", \"Ivanov\", \"123@gmail.com\", \"12345\")\n        registration_page.confirm_agreement()\n        registration_page.complete_registration()\n>       title_text = registration_page.get_title_text()\n\ntests/test_start.py:127: \n_ _ _ _ _ _ _ _ _ _ _ _ _ _ _ _ _ _ _ _ _ _ _ _ _ _ _ _ _ _ _ _ _ _ _ _ _ _ _ _ _ _ _ _ _ _ _ _ _ _ _ _ _ _ _ _ _ _ _ _ _ _ _ _ _ _ _ _ _ _ _ _ _ _ _ _ _ _ _ _ _ _ _ _ _ _ _ _ _ _ _ _ _ _ _ _ _ _ _ \npage_objects/registration_page.py:39: in get_title_text\n    WebDriverWait(self.browser, 10).until(\n_ _ _ _ _ _ _ _ _ _ _ _ _ _ _ _ _ _ _ _ _ _ _ _ _ _ _ _ _ _ _ _ _ _ _ _ _ _ _ _ _ _ _ _ _ _ _ _ _ _ _ _ _ _ _ _ _ _ _ _ _ _ _ _ _ _ _ _ _ _ _ _ _ _ _ _ _ _ _ _ _ _ _ _ _ _ _ _ _ _ _ _ _ _ _ _ _ _ _ \n\nself = <selenium.webdriver.support.wait.WebDriverWait (session=\"ed29b2b78b96bb0f181a37ae07ed6216\")>, method = <function url_contains.<locals>._predicate at 0x7fed42965870>, message = ''\n\n    def until(self, method, message: str = \"\"):\n        \"\"\"Calls the method provided with the driver as an argument until the \\\n        return value does not evaluate to ``False``.\n    \n        :param method: callable(WebDriver)\n        :param message: optional message for :exc:`TimeoutException`\n        :returns: the result of the last call to `method`\n        :raises: :exc:`selenium.common.exceptions.TimeoutException` if timeout occurs\n        \"\"\"\n        screen = None\n        stacktrace = None\n    \n        end_time = time.monotonic() + self._timeout\n        while True:\n            try:\n                value = method(self._driver)\n                if value:\n                    return value\n            except self._ignored_exceptions as exc:\n                screen = getattr(exc, \"screen\", None)\n                stacktrace = getattr(exc, \"stacktrace\", None)\n            time.sleep(self._poll)\n            if time.monotonic() > end_time:\n                break\n>       raise TimeoutException(message, screen, stacktrace)\nE       selenium.common.exceptions.TimeoutException: Message:\n\n../../../.local/lib/python3.10/site-packages/selenium/webdriver/support/wait.py:95: TimeoutException",
  "flaky" : false,
  "newFailed" : false,
  "beforeStages" : [ {
    "name" : "browser",
    "time" : {
      "start" : 1719670375768,
      "stop" : 1719670379398,
      "duration" : 3630
    },
    "status" : "passed",
    "steps" : [ ],
    "attachments" : [ {
      "uid" : "cfdc4d9e777eddce",
      "name" : "ed29b2b78b96bb0f181a37ae07ed6216",
      "source" : "cfdc4d9e777eddce.json",
      "type" : "application/json",
      "size" : 965
    } ],
    "parameters" : [ ],
    "stepsCount" : 0,
    "attachmentsCount" : 1,
    "shouldDisplayMessage" : false,
    "hasContent" : true
  }, {
    "name" : "base_url",
    "time" : {
      "start" : 1719670379398,
      "stop" : 1719670379398,
      "duration" : 0
    },
    "status" : "passed",
    "steps" : [ ],
    "attachments" : [ ],
    "parameters" : [ ],
    "stepsCount" : 0,
    "attachmentsCount" : 0,
    "shouldDisplayMessage" : false,
    "hasContent" : false
  } ],
  "testStage" : {
    "status" : "broken",
    "statusMessage" : "selenium.common.exceptions.TimeoutException: Message:",
    "statusTrace" : "browser = <selenium.webdriver.chrome.webdriver.WebDriver (session=\"ed29b2b78b96bb0f181a37ae07ed6216\")>, base_url = 'http://10.0.2.15:8081'\n\n    @allure.title(\"Регистрация\")\n    def test_user_registration(browser, base_url):\n        registration_page = RegistrationPage(browser)\n        registration_page.open(base_url)\n        registration_page.input_data(\"Oleg\", \"Ivanov\", \"123@gmail.com\", \"12345\")\n        registration_page.confirm_agreement()\n        registration_page.complete_registration()\n>       title_text = registration_page.get_title_text()\n\ntests/test_start.py:127: \n_ _ _ _ _ _ _ _ _ _ _ _ _ _ _ _ _ _ _ _ _ _ _ _ _ _ _ _ _ _ _ _ _ _ _ _ _ _ _ _ _ _ _ _ _ _ _ _ _ _ _ _ _ _ _ _ _ _ _ _ _ _ _ _ _ _ _ _ _ _ _ _ _ _ _ _ _ _ _ _ _ _ _ _ _ _ _ _ _ _ _ _ _ _ _ _ _ _ _ \npage_objects/registration_page.py:39: in get_title_text\n    WebDriverWait(self.browser, 10).until(\n_ _ _ _ _ _ _ _ _ _ _ _ _ _ _ _ _ _ _ _ _ _ _ _ _ _ _ _ _ _ _ _ _ _ _ _ _ _ _ _ _ _ _ _ _ _ _ _ _ _ _ _ _ _ _ _ _ _ _ _ _ _ _ _ _ _ _ _ _ _ _ _ _ _ _ _ _ _ _ _ _ _ _ _ _ _ _ _ _ _ _ _ _ _ _ _ _ _ _ \n\nself = <selenium.webdriver.support.wait.WebDriverWait (session=\"ed29b2b78b96bb0f181a37ae07ed6216\")>, method = <function url_contains.<locals>._predicate at 0x7fed42965870>, message = ''\n\n    def until(self, method, message: str = \"\"):\n        \"\"\"Calls the method provided with the driver as an argument until the \\\n        return value does not evaluate to ``False``.\n    \n        :param method: callable(WebDriver)\n        :param message: optional message for :exc:`TimeoutException`\n        :returns: the result of the last call to `method`\n        :raises: :exc:`selenium.common.exceptions.TimeoutException` if timeout occurs\n        \"\"\"\n        screen = None\n        stacktrace = None\n    \n        end_time = time.monotonic() + self._timeout\n        while True:\n            try:\n                value = method(self._driver)\n                if value:\n                    return value\n            except self._ignored_exceptions as exc:\n                screen = getattr(exc, \"screen\", None)\n                stacktrace = getattr(exc, \"stacktrace\", None)\n            time.sleep(self._poll)\n            if time.monotonic() > end_time:\n                break\n>       raise TimeoutException(message, screen, stacktrace)\nE       selenium.common.exceptions.TimeoutException: Message:\n\n../../../.local/lib/python3.10/site-packages/selenium/webdriver/support/wait.py:95: TimeoutException",
    "steps" : [ {
      "name" : "Открываю http://10.0.2.15:8081/en-gb?route=account/register",
      "time" : {
        "start" : 1719670379399,
        "stop" : 1719670381294,
        "duration" : 1895
      },
      "status" : "passed",
      "steps" : [ ],
      "attachments" : [ ],
      "parameters" : [ ],
      "stepsCount" : 0,
      "attachmentsCount" : 0,
      "shouldDisplayMessage" : false,
      "hasContent" : false
    }, {
      "name" : "Ввожу данные для регистрации",
      "time" : {
        "start" : 1719670381294,
        "stop" : 1719670385636,
        "duration" : 4342
      },
      "status" : "passed",
      "steps" : [ ],
      "attachments" : [ ],
      "parameters" : [ {
        "name" : "firstname",
        "value" : "'Oleg'"
      }, {
        "name" : "lastname",
        "value" : "'Ivanov'"
      }, {
        "name" : "email",
        "value" : "'123@gmail.com'"
      }, {
        "name" : "password",
        "value" : "'12345'"
      } ],
      "stepsCount" : 0,
      "attachmentsCount" : 0,
      "shouldDisplayMessage" : false,
      "hasContent" : true
    }, {
      "name" : "Подтверждаю соглашение",
      "time" : {
        "start" : 1719670385636,
        "stop" : 1719670385717,
        "duration" : 81
      },
      "status" : "passed",
      "steps" : [ ],
      "attachments" : [ ],
      "parameters" : [ ],
      "stepsCount" : 0,
      "attachmentsCount" : 0,
      "shouldDisplayMessage" : false,
      "hasContent" : false
    }, {
      "name" : "Завершаб регистрацию нажатием на кнопку Continue",
      "time" : {
        "start" : 1719670385717,
        "stop" : 1719670386090,
        "duration" : 373
      },
      "status" : "passed",
      "steps" : [ ],
      "attachments" : [ ],
      "parameters" : [ ],
      "stepsCount" : 0,
      "attachmentsCount" : 0,
      "shouldDisplayMessage" : false,
      "hasContent" : false
    }, {
      "name" : "Получаю текст заголовка",
      "time" : {
        "start" : 1719670386090,
        "stop" : 1719670396360,
        "duration" : 10270
      },
      "status" : "broken",
      "statusMessage" : "selenium.common.exceptions.TimeoutException: Message: \n\n",
      "statusTrace" : "  File \"/home/fuenukkusu2501/.local/lib/python3.10/site-packages/allure_commons/_allure.py\", line 192, in impl\n    return func(*a, **kw)\n  File \"/home/fuenukkusu2501/Develop/tmp/OTUS_selenium_UI/page_objects/registration_page.py\", line 39, in get_title_text\n    WebDriverWait(self.browser, 10).until(\n  File \"/home/fuenukkusu2501/.local/lib/python3.10/site-packages/selenium/webdriver/support/wait.py\", line 95, in until\n    raise TimeoutException(message, screen, stacktrace)\n",
      "steps" : [ ],
      "attachments" : [ ],
      "parameters" : [ ],
      "stepsCount" : 0,
      "attachmentsCount" : 0,
      "shouldDisplayMessage" : true,
      "hasContent" : true
    } ],
    "attachments" : [ ],
    "parameters" : [ ],
    "stepsCount" : 5,
    "attachmentsCount" : 0,
    "shouldDisplayMessage" : true,
    "hasContent" : true
  },
  "afterStages" : [ {
    "name" : "browser::0",
    "time" : {
      "start" : 1719670396385,
      "stop" : 1719670396664,
      "duration" : 279
    },
    "status" : "passed",
    "steps" : [ ],
    "attachments" : [ {
      "uid" : "c53da88b67e3b335",
      "name" : "failure_screenshot",
      "source" : "c53da88b67e3b335.png",
      "type" : "image/png",
      "size" : 100348
    }, {
      "uid" : "f96df39402a10af",
      "name" : "page_source",
      "source" : "f96df39402a10af.html",
      "type" : "text/html",
      "size" : 22113
    } ],
    "parameters" : [ ],
    "stepsCount" : 0,
    "attachmentsCount" : 2,
    "shouldDisplayMessage" : false,
    "hasContent" : true
  } ],
  "labels" : [ {
    "name" : "parentSuite",
    "value" : "tests"
  }, {
    "name" : "suite",
    "value" : "test_start"
  }, {
    "name" : "host",
    "value" : "Ubuntu"
  }, {
    "name" : "thread",
    "value" : "9774-MainThread"
  }, {
    "name" : "framework",
    "value" : "pytest"
  }, {
    "name" : "language",
    "value" : "cpython3"
  }, {
    "name" : "package",
    "value" : "tests.test_start"
  }, {
    "name" : "resultFormat",
    "value" : "allure2"
  } ],
  "parameters" : [ ],
  "links" : [ ],
  "hidden" : true,
  "retry" : true,
  "extra" : {
    "categories" : [ ],
    "tags" : [ ]
  },
  "source" : "1ebef781c87ee0d1.json",
  "parameterValues" : [ ]
}