{
  "uid" : "4fe42d9e45aee7f5",
  "name" : "test_delete_product",
  "fullName" : "tests.test_start#test_delete_product",
  "historyId" : "7d181faf2f27682f61cb2a0d2e84375e",
  "time" : {
    "start" : 1717855392830,
    "stop" : 1717855410497,
    "duration" : 17667
  },
  "status" : "broken",
  "statusMessage" : "selenium.common.exceptions.StaleElementReferenceException: Message: stale element reference: stale element not found in the current frame\n  (Session info: chrome=123.0.6312.105); For documentation on this error, please visit: https://www.selenium.dev/documentation/webdriver/troubleshooting/errors#stale-element-reference-exception\nStacktrace:\n#0 0x5f1f8eb60863 <unknown>\n#1 0x5f1f8e8568c6 <unknown>\n#2 0x5f1f8e85be75 <unknown>\n#3 0x5f1f8e85dbce <unknown>\n#4 0x5f1f8e85dc5c <unknown>\n#5 0x5f1f8e8a31c2 <unknown>\n#6 0x5f1f8e8963a1 <unknown>\n#7 0x5f1f8e8c35a2 <unknown>\n#8 0x5f1f8e895e98 <unknown>\n#9 0x5f1f8e8c376e <unknown>\n#10 0x5f1f8e8e1c19 <unknown>\n#11 0x5f1f8e8c3343 <unknown>\n#12 0x5f1f8e894593 <unknown>\n#13 0x5f1f8e894f5e <unknown>\n#14 0x5f1f8eb2484b <unknown>\n#15 0x5f1f8eb287a5 <unknown>\n#16 0x5f1f8eb12571 <unknown>\n#17 0x5f1f8eb29332 <unknown>\n#18 0x5f1f8eaf787f <unknown>\n#19 0x5f1f8eb4f728 <unknown>\n#20 0x5f1f8eb4f8fb <unknown>\n#21 0x5f1f8eb5f9b4 <unknown>\n#22 0x7a15e2494ac3 <unknown>",
  "statusTrace" : "browser = <selenium.webdriver.chrome.webdriver.WebDriver (session=\"d4dc0aae464a1f7ae5efdb8fb9671b4b\")>, base_url = 'http://10.0.2.15:8081'\n\n    def test_delete_product(browser, base_url):\n        admin_page = AdminPage(browser)\n        admin_page.open(base_url)\n        admin_page.login(\"user\", \"bitnami\")\n        admin_page.select_catalog()\n        admin_page.select_products()\n        HomePage(browser).scroll_down()\n        admin_page.to_the_last_page()\n>       admin_page.select_last_product()\n\ntests/test_start.py:111: \n_ _ _ _ _ _ _ _ _ _ _ _ _ _ _ _ _ _ _ _ _ _ _ _ _ _ _ _ _ _ _ _ _ _ _ _ _ _ _ _ _ _ _ _ _ _ _ _ _ _ _ _ _ _ _ _ _ _ _ _ _ _ _ _ _ _ _ _ _ _ _ _ _ _ _ _ _ _ _ _ _ _ \npage_objects/admin_page.py:89: in select_last_product\n    self.get_element(self.LAST_PRODUCT).click()\n../../../.local/lib/python3.10/site-packages/selenium/webdriver/remote/webelement.py:94: in click\n    self._execute(Command.CLICK_ELEMENT)\n../../../.local/lib/python3.10/site-packages/selenium/webdriver/remote/webelement.py:395: in _execute\n    return self._parent.execute(command, params)\n../../../.local/lib/python3.10/site-packages/selenium/webdriver/remote/webdriver.py:347: in execute\n    self.error_handler.check_response(response)\n_ _ _ _ _ _ _ _ _ _ _ _ _ _ _ _ _ _ _ _ _ _ _ _ _ _ _ _ _ _ _ _ _ _ _ _ _ _ _ _ _ _ _ _ _ _ _ _ _ _ _ _ _ _ _ _ _ _ _ _ _ _ _ _ _ _ _ _ _ _ _ _ _ _ _ _ _ _ _ _ _ _ \n\nself = <selenium.webdriver.remote.errorhandler.ErrorHandler object at 0x72521e45e140>\nresponse = {'status': 404, 'value': '{\"value\":{\"error\":\"stale element reference\",\"message\":\"stale element reference: stale elemen...\\\\n#20 0x5f1f8eb4f8fb \\\\u003Cunknown>\\\\n#21 0x5f1f8eb5f9b4 \\\\u003Cunknown>\\\\n#22 0x7a15e2494ac3 \\\\u003Cunknown>\\\\n\"}}'}\n\n    def check_response(self, response: Dict[str, Any]) -> None:\n        \"\"\"Checks that a JSON response from the WebDriver does not have an\n        error.\n    \n        :Args:\n         - response - The JSON response from the WebDriver server as a dictionary\n           object.\n    \n        :Raises: If the response contains an error message.\n        \"\"\"\n        status = response.get(\"status\", None)\n        if not status or status == ErrorCode.SUCCESS:\n            return\n        value = None\n        message = response.get(\"message\", \"\")\n        screen: str = response.get(\"screen\", \"\")\n        stacktrace = None\n        if isinstance(status, int):\n            value_json = response.get(\"value\", None)\n            if value_json and isinstance(value_json, str):\n                import json\n    \n                try:\n                    value = json.loads(value_json)\n                    if len(value) == 1:\n                        value = value[\"value\"]\n                    status = value.get(\"error\", None)\n                    if not status:\n                        status = value.get(\"status\", ErrorCode.UNKNOWN_ERROR)\n                        message = value.get(\"value\") or value.get(\"message\")\n                        if not isinstance(message, str):\n                            value = message\n                            message = message.get(\"message\")\n                    else:\n                        message = value.get(\"message\", None)\n                except ValueError:\n                    pass\n    \n        exception_class: Type[WebDriverException]\n        e = ErrorCode()\n        error_codes = [item for item in dir(e) if not item.startswith(\"__\")]\n        for error_code in error_codes:\n            error_info = getattr(ErrorCode, error_code)\n            if isinstance(error_info, list) and status in error_info:\n                exception_class = getattr(ExceptionMapping, error_code, WebDriverException)\n                break\n        else:\n            exception_class = WebDriverException\n    \n        if not value:\n            value = response[\"value\"]\n        if isinstance(value, str):\n            raise exception_class(value)\n        if message == \"\" and \"message\" in value:\n            message = value[\"message\"]\n    \n        screen = None  # type: ignore[assignment]\n        if \"screen\" in value:\n            screen = value[\"screen\"]\n    \n        stacktrace = None\n        st_value = value.get(\"stackTrace\") or value.get(\"stacktrace\")\n        if st_value:\n            if isinstance(st_value, str):\n                stacktrace = st_value.split(\"\\n\")\n            else:\n                stacktrace = []\n                try:\n                    for frame in st_value:\n                        line = frame.get(\"lineNumber\", \"\")\n                        file = frame.get(\"fileName\", \"<anonymous>\")\n                        if line:\n                            file = f\"{file}:{line}\"\n                        meth = frame.get(\"methodName\", \"<anonymous>\")\n                        if \"className\" in frame:\n                            meth = f\"{frame['className']}.{meth}\"\n                        msg = \"    at %s (%s)\"\n                        msg = msg % (meth, file)\n                        stacktrace.append(msg)\n                except TypeError:\n                    pass\n        if exception_class == UnexpectedAlertPresentException:\n            alert_text = None\n            if \"data\" in value:\n                alert_text = value[\"data\"].get(\"text\")\n            elif \"alert\" in value:\n                alert_text = value[\"alert\"].get(\"text\")\n            raise exception_class(message, screen, stacktrace, alert_text)  # type: ignore[call-arg]  # mypy is not smart enough here\n>       raise exception_class(message, screen, stacktrace)\nE       selenium.common.exceptions.StaleElementReferenceException: Message: stale element reference: stale element not found in the current frame\nE         (Session info: chrome=123.0.6312.105); For documentation on this error, please visit: https://www.selenium.dev/documentation/webdriver/troubleshooting/errors#stale-element-reference-exception\nE       Stacktrace:\nE       #0 0x5f1f8eb60863 <unknown>\nE       #1 0x5f1f8e8568c6 <unknown>\nE       #2 0x5f1f8e85be75 <unknown>\nE       #3 0x5f1f8e85dbce <unknown>\nE       #4 0x5f1f8e85dc5c <unknown>\nE       #5 0x5f1f8e8a31c2 <unknown>\nE       #6 0x5f1f8e8963a1 <unknown>\nE       #7 0x5f1f8e8c35a2 <unknown>\nE       #8 0x5f1f8e895e98 <unknown>\nE       #9 0x5f1f8e8c376e <unknown>\nE       #10 0x5f1f8e8e1c19 <unknown>\nE       #11 0x5f1f8e8c3343 <unknown>\nE       #12 0x5f1f8e894593 <unknown>\nE       #13 0x5f1f8e894f5e <unknown>\nE       #14 0x5f1f8eb2484b <unknown>\nE       #15 0x5f1f8eb287a5 <unknown>\nE       #16 0x5f1f8eb12571 <unknown>\nE       #17 0x5f1f8eb29332 <unknown>\nE       #18 0x5f1f8eaf787f <unknown>\nE       #19 0x5f1f8eb4f728 <unknown>\nE       #20 0x5f1f8eb4f8fb <unknown>\nE       #21 0x5f1f8eb5f9b4 <unknown>\nE       #22 0x7a15e2494ac3 <unknown>\n\n../../../.local/lib/python3.10/site-packages/selenium/webdriver/remote/errorhandler.py:229: StaleElementReferenceException",
  "flaky" : false,
  "newFailed" : false,
  "beforeStages" : [ {
    "name" : "browser",
    "time" : {
      "start" : 1717855389972,
      "stop" : 1717855392829,
      "duration" : 2857
    },
    "status" : "passed",
    "steps" : [ ],
    "attachments" : [ ],
    "parameters" : [ ],
    "stepsCount" : 0,
    "attachmentsCount" : 0,
    "shouldDisplayMessage" : false,
    "hasContent" : false
  }, {
    "name" : "base_url",
    "time" : {
      "start" : 1717855392829,
      "stop" : 1717855392829,
      "duration" : 0
    },
    "status" : "passed",
    "steps" : [ ],
    "attachments" : [ ],
    "parameters" : [ ],
    "stepsCount" : 0,
    "attachmentsCount" : 0,
    "shouldDisplayMessage" : false,
    "hasContent" : false
  } ],
  "afterStages" : [ {
    "name" : "browser::0",
    "time" : {
      "start" : 1717855410539,
      "stop" : 1717855410790,
      "duration" : 251
    },
    "status" : "passed",
    "steps" : [ ],
    "attachments" : [ ],
    "parameters" : [ ],
    "stepsCount" : 0,
    "attachmentsCount" : 0,
    "shouldDisplayMessage" : false,
    "hasContent" : false
  } ],
  "labels" : [ {
    "name" : "parentSuite",
    "value" : "tests"
  }, {
    "name" : "suite",
    "value" : "test_start"
  }, {
    "name" : "host",
    "value" : "Ubuntu"
  }, {
    "name" : "thread",
    "value" : "20885-MainThread"
  }, {
    "name" : "framework",
    "value" : "pytest"
  }, {
    "name" : "language",
    "value" : "cpython3"
  }, {
    "name" : "package",
    "value" : "tests.test_start"
  }, {
    "name" : "resultFormat",
    "value" : "allure2"
  } ],
  "parameters" : [ ],
  "links" : [ ],
  "hidden" : true,
  "retry" : true,
  "extra" : {
    "categories" : [ ],
    "tags" : [ ]
  },
  "source" : "4fe42d9e45aee7f5.json",
  "parameterValues" : [ ]
}