{
  "uid" : "683f0f7fc0157922",
  "name" : "Создать товар",
  "fullName" : "tests.test_start#test_add_product",
  "historyId" : "605f1327e44636668481b9c4c06efda9",
  "time" : {
    "start" : 1723034582178,
    "stop" : 1723034591926,
    "duration" : 9748
  },
  "status" : "broken",
  "statusMessage" : "selenium.common.exceptions.TimeoutException: Message: \nStacktrace:\n#0 0x5d8b3a8016ba <unknown>\n#1 0x5d8b3a4d1730 <unknown>\n#2 0x5d8b3a520d9b <unknown>\n#3 0x5d8b3a521081 <unknown>\n#4 0x5d8b3a564cd4 <unknown>\n#5 0x5d8b3a543a7d <unknown>\n#6 0x5d8b3a5621ca <unknown>\n#7 0x5d8b3a5437f3 <unknown>\n#8 0x5d8b3a513ec9 <unknown>\n#9 0x5d8b3a51491e <unknown>\n#10 0x5d8b3a7c79eb <unknown>\n#11 0x5d8b3a7cb972 <unknown>\n#12 0x5d8b3a7b4e15 <unknown>\n#13 0x5d8b3a7cc502 <unknown>\n#14 0x5d8b3a799d2f <unknown>\n#15 0x5d8b3a7f0578 <unknown>\n#16 0x5d8b3a7f0750 <unknown>\n#17 0x5d8b3a80048c <unknown>\n#18 0x771c57209ac3 <unknown>",
  "statusTrace" : "browser = <selenium.webdriver.remote.webdriver.WebDriver (session=\"f1ea5420556090abbd5df2371fdc1a64\")>, base_url = 'http://10.0.2.15:8081'\n\n    @allure.title(\"Создать товар\")\n    def test_add_product(browser, base_url):\n        admin_page = AdminPage(browser)\n        admin_page.open(base_url)\n        admin_page.login(\"user\", \"bitnami\")\n        admin_page.select_catalog()\n        admin_page.select_products()\n        admin_page.add_product()\n        admin_page.add_product_name(\"test item\")\n        admin_page.add_meta_tag(\"test\")\n        admin_page.select_data_tab()\n        admin_page.add_model(\"12345\")\n        admin_page.select_seo_tab()\n        admin_page.add_seo_name(\"12345\")\n        admin_page.save_product()\n>       admin_page.find_popup_success()\n\ntests/test_start.py:108: \n_ _ _ _ _ _ _ _ _ _ _ _ _ _ _ _ _ _ _ _ _ _ _ _ _ _ _ _ _ _ _ _ _ _ _ _ _ _ _ _ _ _ _ _ _ _ _ _ _ _ _ _ _ _ _ _ _ _ _ _ _ _ _ _ _ _ _ _ _ _ _ _ _ _ _ _ _ _ _ _ _ _ _ _ _ _ _ _ _ _ _ _ _ _ _ _ _ _ _ _ _ _ _ _ _ _ _ _ _ _\npage_objects/admin_page.py:119: in find_popup_success\n    self.get_element(self.POPUP_SUCCESS)\npage_objects/base_page.py:30: in get_element\n    return WebDriverWait(self.browser, timeout).until(EC.visibility_of_element_located(locator))\n_ _ _ _ _ _ _ _ _ _ _ _ _ _ _ _ _ _ _ _ _ _ _ _ _ _ _ _ _ _ _ _ _ _ _ _ _ _ _ _ _ _ _ _ _ _ _ _ _ _ _ _ _ _ _ _ _ _ _ _ _ _ _ _ _ _ _ _ _ _ _ _ _ _ _ _ _ _ _ _ _ _ _ _ _ _ _ _ _ _ _ _ _ _ _ _ _ _ _ _ _ _ _ _ _ _ _ _ _ _\n\nself = <selenium.webdriver.support.wait.WebDriverWait (session=\"f1ea5420556090abbd5df2371fdc1a64\")>, method = <function visibility_of_element_located.<locals>._predicate at 0x7c30d43ff490>, message = ''\n\n    def until(self, method: Callable[[D], Union[Literal[False], T]], message: str = \"\") -> T:\n        \"\"\"Calls the method provided with the driver as an argument until the \\\n        return value does not evaluate to ``False``.\n    \n        :param method: callable(WebDriver)\n        :param message: optional message for :exc:`TimeoutException`\n        :returns: the result of the last call to `method`\n        :raises: :exc:`selenium.common.exceptions.TimeoutException` if timeout occurs\n        \"\"\"\n        screen = None\n        stacktrace = None\n    \n        end_time = time.monotonic() + self._timeout\n        while True:\n            try:\n                value = method(self._driver)\n                if value:\n                    return value\n            except self._ignored_exceptions as exc:\n                screen = getattr(exc, \"screen\", None)\n                stacktrace = getattr(exc, \"stacktrace\", None)\n            time.sleep(self._poll)\n            if time.monotonic() > end_time:\n                break\n>       raise TimeoutException(message, screen, stacktrace)\nE       selenium.common.exceptions.TimeoutException: Message: \nE       Stacktrace:\nE       #0 0x5d8b3a8016ba <unknown>\nE       #1 0x5d8b3a4d1730 <unknown>\nE       #2 0x5d8b3a520d9b <unknown>\nE       #3 0x5d8b3a521081 <unknown>\nE       #4 0x5d8b3a564cd4 <unknown>\nE       #5 0x5d8b3a543a7d <unknown>\nE       #6 0x5d8b3a5621ca <unknown>\nE       #7 0x5d8b3a5437f3 <unknown>\nE       #8 0x5d8b3a513ec9 <unknown>\nE       #9 0x5d8b3a51491e <unknown>\nE       #10 0x5d8b3a7c79eb <unknown>\nE       #11 0x5d8b3a7cb972 <unknown>\nE       #12 0x5d8b3a7b4e15 <unknown>\nE       #13 0x5d8b3a7cc502 <unknown>\nE       #14 0x5d8b3a799d2f <unknown>\nE       #15 0x5d8b3a7f0578 <unknown>\nE       #16 0x5d8b3a7f0750 <unknown>\nE       #17 0x5d8b3a80048c <unknown>\nE       #18 0x771c57209ac3 <unknown>\n\n/usr/local/lib/python3.10/dist-packages/selenium/webdriver/support/wait.py:105: TimeoutException",
  "flaky" : false,
  "newFailed" : false,
  "beforeStages" : [ {
    "name" : "base_url",
    "time" : {
      "start" : 1723034582177,
      "stop" : 1723034582177,
      "duration" : 0
    },
    "status" : "passed",
    "steps" : [ ],
    "attachments" : [ ],
    "parameters" : [ ],
    "stepsCount" : 0,
    "attachmentsCount" : 0,
    "shouldDisplayMessage" : false,
    "hasContent" : false
  }, {
    "name" : "browser",
    "time" : {
      "start" : 1723034577387,
      "stop" : 1723034582177,
      "duration" : 4790
    },
    "status" : "passed",
    "steps" : [ ],
    "attachments" : [ {
      "uid" : "3e0ccf28983a8bd7",
      "name" : "f1ea5420556090abbd5df2371fdc1a64",
      "source" : "3e0ccf28983a8bd7.json",
      "type" : "application/json",
      "size" : 1082
    } ],
    "parameters" : [ ],
    "stepsCount" : 0,
    "attachmentsCount" : 1,
    "shouldDisplayMessage" : false,
    "hasContent" : true
  } ],
  "testStage" : {
    "status" : "broken",
    "statusMessage" : "selenium.common.exceptions.TimeoutException: Message: \nStacktrace:\n#0 0x5d8b3a8016ba <unknown>\n#1 0x5d8b3a4d1730 <unknown>\n#2 0x5d8b3a520d9b <unknown>\n#3 0x5d8b3a521081 <unknown>\n#4 0x5d8b3a564cd4 <unknown>\n#5 0x5d8b3a543a7d <unknown>\n#6 0x5d8b3a5621ca <unknown>\n#7 0x5d8b3a5437f3 <unknown>\n#8 0x5d8b3a513ec9 <unknown>\n#9 0x5d8b3a51491e <unknown>\n#10 0x5d8b3a7c79eb <unknown>\n#11 0x5d8b3a7cb972 <unknown>\n#12 0x5d8b3a7b4e15 <unknown>\n#13 0x5d8b3a7cc502 <unknown>\n#14 0x5d8b3a799d2f <unknown>\n#15 0x5d8b3a7f0578 <unknown>\n#16 0x5d8b3a7f0750 <unknown>\n#17 0x5d8b3a80048c <unknown>\n#18 0x771c57209ac3 <unknown>",
    "statusTrace" : "browser = <selenium.webdriver.remote.webdriver.WebDriver (session=\"f1ea5420556090abbd5df2371fdc1a64\")>, base_url = 'http://10.0.2.15:8081'\n\n    @allure.title(\"Создать товар\")\n    def test_add_product(browser, base_url):\n        admin_page = AdminPage(browser)\n        admin_page.open(base_url)\n        admin_page.login(\"user\", \"bitnami\")\n        admin_page.select_catalog()\n        admin_page.select_products()\n        admin_page.add_product()\n        admin_page.add_product_name(\"test item\")\n        admin_page.add_meta_tag(\"test\")\n        admin_page.select_data_tab()\n        admin_page.add_model(\"12345\")\n        admin_page.select_seo_tab()\n        admin_page.add_seo_name(\"12345\")\n        admin_page.save_product()\n>       admin_page.find_popup_success()\n\ntests/test_start.py:108: \n_ _ _ _ _ _ _ _ _ _ _ _ _ _ _ _ _ _ _ _ _ _ _ _ _ _ _ _ _ _ _ _ _ _ _ _ _ _ _ _ _ _ _ _ _ _ _ _ _ _ _ _ _ _ _ _ _ _ _ _ _ _ _ _ _ _ _ _ _ _ _ _ _ _ _ _ _ _ _ _ _ _ _ _ _ _ _ _ _ _ _ _ _ _ _ _ _ _ _ _ _ _ _ _ _ _ _ _ _ _\npage_objects/admin_page.py:119: in find_popup_success\n    self.get_element(self.POPUP_SUCCESS)\npage_objects/base_page.py:30: in get_element\n    return WebDriverWait(self.browser, timeout).until(EC.visibility_of_element_located(locator))\n_ _ _ _ _ _ _ _ _ _ _ _ _ _ _ _ _ _ _ _ _ _ _ _ _ _ _ _ _ _ _ _ _ _ _ _ _ _ _ _ _ _ _ _ _ _ _ _ _ _ _ _ _ _ _ _ _ _ _ _ _ _ _ _ _ _ _ _ _ _ _ _ _ _ _ _ _ _ _ _ _ _ _ _ _ _ _ _ _ _ _ _ _ _ _ _ _ _ _ _ _ _ _ _ _ _ _ _ _ _\n\nself = <selenium.webdriver.support.wait.WebDriverWait (session=\"f1ea5420556090abbd5df2371fdc1a64\")>, method = <function visibility_of_element_located.<locals>._predicate at 0x7c30d43ff490>, message = ''\n\n    def until(self, method: Callable[[D], Union[Literal[False], T]], message: str = \"\") -> T:\n        \"\"\"Calls the method provided with the driver as an argument until the \\\n        return value does not evaluate to ``False``.\n    \n        :param method: callable(WebDriver)\n        :param message: optional message for :exc:`TimeoutException`\n        :returns: the result of the last call to `method`\n        :raises: :exc:`selenium.common.exceptions.TimeoutException` if timeout occurs\n        \"\"\"\n        screen = None\n        stacktrace = None\n    \n        end_time = time.monotonic() + self._timeout\n        while True:\n            try:\n                value = method(self._driver)\n                if value:\n                    return value\n            except self._ignored_exceptions as exc:\n                screen = getattr(exc, \"screen\", None)\n                stacktrace = getattr(exc, \"stacktrace\", None)\n            time.sleep(self._poll)\n            if time.monotonic() > end_time:\n                break\n>       raise TimeoutException(message, screen, stacktrace)\nE       selenium.common.exceptions.TimeoutException: Message: \nE       Stacktrace:\nE       #0 0x5d8b3a8016ba <unknown>\nE       #1 0x5d8b3a4d1730 <unknown>\nE       #2 0x5d8b3a520d9b <unknown>\nE       #3 0x5d8b3a521081 <unknown>\nE       #4 0x5d8b3a564cd4 <unknown>\nE       #5 0x5d8b3a543a7d <unknown>\nE       #6 0x5d8b3a5621ca <unknown>\nE       #7 0x5d8b3a5437f3 <unknown>\nE       #8 0x5d8b3a513ec9 <unknown>\nE       #9 0x5d8b3a51491e <unknown>\nE       #10 0x5d8b3a7c79eb <unknown>\nE       #11 0x5d8b3a7cb972 <unknown>\nE       #12 0x5d8b3a7b4e15 <unknown>\nE       #13 0x5d8b3a7cc502 <unknown>\nE       #14 0x5d8b3a799d2f <unknown>\nE       #15 0x5d8b3a7f0578 <unknown>\nE       #16 0x5d8b3a7f0750 <unknown>\nE       #17 0x5d8b3a80048c <unknown>\nE       #18 0x771c57209ac3 <unknown>\n\n/usr/local/lib/python3.10/dist-packages/selenium/webdriver/support/wait.py:105: TimeoutException",
    "steps" : [ {
      "name" : "Открываю http://10.0.2.15:8081/administration",
      "time" : {
        "start" : 1723034582178,
        "stop" : 1723034582567,
        "duration" : 389
      },
      "status" : "passed",
      "steps" : [ ],
      "attachments" : [ ],
      "parameters" : [ ],
      "stepsCount" : 0,
      "attachmentsCount" : 0,
      "shouldDisplayMessage" : false,
      "hasContent" : false
    }, {
      "name" : "Авторизую пользователя",
      "time" : {
        "start" : 1723034582567,
        "stop" : 1723034583665,
        "duration" : 1098
      },
      "status" : "passed",
      "steps" : [ ],
      "attachments" : [ ],
      "parameters" : [ {
        "name" : "username",
        "value" : "'user'"
      }, {
        "name" : "password",
        "value" : "'bitnami'"
      } ],
      "stepsCount" : 0,
      "attachmentsCount" : 0,
      "shouldDisplayMessage" : false,
      "hasContent" : true
    }, {
      "name" : "Перехожу в меню Каталог",
      "time" : {
        "start" : 1723034583665,
        "stop" : 1723034584272,
        "duration" : 607
      },
      "status" : "passed",
      "steps" : [ ],
      "attachments" : [ ],
      "parameters" : [ ],
      "stepsCount" : 0,
      "attachmentsCount" : 0,
      "shouldDisplayMessage" : false,
      "hasContent" : false
    }, {
      "name" : "Выбираю товар",
      "time" : {
        "start" : 1723034584272,
        "stop" : 1723034585009,
        "duration" : 737
      },
      "status" : "passed",
      "steps" : [ ],
      "attachments" : [ ],
      "parameters" : [ ],
      "stepsCount" : 0,
      "attachmentsCount" : 0,
      "shouldDisplayMessage" : false,
      "hasContent" : false
    }, {
      "name" : "Добавляю товар в корзину",
      "time" : {
        "start" : 1723034585009,
        "stop" : 1723034585914,
        "duration" : 905
      },
      "status" : "passed",
      "steps" : [ ],
      "attachments" : [ ],
      "parameters" : [ ],
      "stepsCount" : 0,
      "attachmentsCount" : 0,
      "shouldDisplayMessage" : false,
      "hasContent" : false
    }, {
      "name" : "Получаю имя товара",
      "time" : {
        "start" : 1723034585915,
        "stop" : 1723034586817,
        "duration" : 902
      },
      "status" : "passed",
      "steps" : [ ],
      "attachments" : [ ],
      "parameters" : [ {
        "name" : "text",
        "value" : "'test item'"
      } ],
      "stepsCount" : 0,
      "attachmentsCount" : 0,
      "shouldDisplayMessage" : false,
      "hasContent" : true
    }, {
      "name" : "Прописываю meta_tag",
      "time" : {
        "start" : 1723034586817,
        "stop" : 1723034587327,
        "duration" : 510
      },
      "status" : "passed",
      "steps" : [ ],
      "attachments" : [ ],
      "parameters" : [ {
        "name" : "text",
        "value" : "'test'"
      } ],
      "stepsCount" : 0,
      "attachmentsCount" : 0,
      "shouldDisplayMessage" : false,
      "hasContent" : true
    }, {
      "name" : "Выбираю вкладку data",
      "time" : {
        "start" : 1723034587327,
        "stop" : 1723034587421,
        "duration" : 94
      },
      "status" : "passed",
      "steps" : [ ],
      "attachments" : [ ],
      "parameters" : [ ],
      "stepsCount" : 0,
      "attachmentsCount" : 0,
      "shouldDisplayMessage" : false,
      "hasContent" : false
    }, {
      "name" : "Прописываю артикул",
      "time" : {
        "start" : 1723034587422,
        "stop" : 1723034587885,
        "duration" : 463
      },
      "status" : "passed",
      "steps" : [ ],
      "attachments" : [ ],
      "parameters" : [ {
        "name" : "text",
        "value" : "'12345'"
      } ],
      "stepsCount" : 0,
      "attachmentsCount" : 0,
      "shouldDisplayMessage" : false,
      "hasContent" : true
    }, {
      "name" : "Выбираю вкладку SEO",
      "time" : {
        "start" : 1723034587886,
        "stop" : 1723034587977,
        "duration" : 91
      },
      "status" : "passed",
      "steps" : [ ],
      "attachments" : [ ],
      "parameters" : [ ],
      "stepsCount" : 0,
      "attachmentsCount" : 0,
      "shouldDisplayMessage" : false,
      "hasContent" : false
    }, {
      "name" : "Прописываю имя SEO",
      "time" : {
        "start" : 1723034587977,
        "stop" : 1723034588505,
        "duration" : 528
      },
      "status" : "passed",
      "steps" : [ ],
      "attachments" : [ ],
      "parameters" : [ {
        "name" : "text",
        "value" : "'12345'"
      } ],
      "stepsCount" : 0,
      "attachmentsCount" : 0,
      "shouldDisplayMessage" : false,
      "hasContent" : true
    }, {
      "name" : "Сохраняю товар",
      "time" : {
        "start" : 1723034588506,
        "stop" : 1723034588619,
        "duration" : 113
      },
      "status" : "passed",
      "steps" : [ ],
      "attachments" : [ ],
      "parameters" : [ ],
      "stepsCount" : 0,
      "attachmentsCount" : 0,
      "shouldDisplayMessage" : false,
      "hasContent" : false
    }, {
      "name" : "Ищу поп-ап",
      "time" : {
        "start" : 1723034588620,
        "stop" : 1723034591924,
        "duration" : 3304
      },
      "status" : "broken",
      "statusMessage" : "selenium.common.exceptions.TimeoutException: Message: \nStacktrace:\n#0 0x5d8b3a8016ba <unknown>\n#1 0x5d8b3a4d1730 <unknown>\n#2 0x5d8b3a520d9b <unknown>\n#3 0x5d8b3a521081 <unknown>\n#4 0x5d8b3a564cd4 <unknown>\n#5 0x5d8b3a543a7d <unknown>\n#6 0x5d8b3a5621ca <unknown>\n#7 0x5d8b3a5437f3 <unknown>\n#8 0x5d8b3a513ec9 <unknown>\n#9 0x5d8b3a51491e <unknown>\n#10 0x5d8b3a7c79eb <unknown>\n#11 0x5d8b3a7cb972 <unknown>\n#12 0x5d8b3a7b4e15 <unknown>\n#13 0x5d8b3a7cc502 <unknown>\n#14 0x5d8b3a799d2f <unknown>\n#15 0x5d8b3a7f0578 <unknown>\n#16 0x5d8b3a7f0750 <unknown>\n#17 0x5d8b3a80048c <unknown>\n#18 0x771c57209ac3 <unknown>\n\n",
      "statusTrace" : "  File \"/usr/local/lib/python3.10/dist-packages/allure_commons/_allure.py\", line 192, in impl\n    return func(*a, **kw)\n  File \"/home/fuenukkusu2501/Develop/tmp/OTUS_selenium_UI/page_objects/admin_page.py\", line 119, in find_popup_success\n    self.get_element(self.POPUP_SUCCESS)\n  File \"/home/fuenukkusu2501/Develop/tmp/OTUS_selenium_UI/page_objects/base_page.py\", line 30, in get_element\n    return WebDriverWait(self.browser, timeout).until(EC.visibility_of_element_located(locator))\n  File \"/usr/local/lib/python3.10/dist-packages/selenium/webdriver/support/wait.py\", line 105, in until\n    raise TimeoutException(message, screen, stacktrace)\n",
      "steps" : [ ],
      "attachments" : [ ],
      "parameters" : [ ],
      "stepsCount" : 0,
      "attachmentsCount" : 0,
      "shouldDisplayMessage" : true,
      "hasContent" : true
    } ],
    "attachments" : [ ],
    "parameters" : [ ],
    "stepsCount" : 13,
    "attachmentsCount" : 0,
    "shouldDisplayMessage" : true,
    "hasContent" : true
  },
  "afterStages" : [ {
    "name" : "browser::finalizer",
    "time" : {
      "start" : 1723034591933,
      "stop" : 1723034592153,
      "duration" : 220
    },
    "status" : "passed",
    "steps" : [ ],
    "attachments" : [ {
      "uid" : "ca26f342d24267b7",
      "name" : "failure_screenshot",
      "source" : "ca26f342d24267b7.png",
      "type" : "image/png",
      "size" : 92380
    }, {
      "uid" : "25f70ab7cdaf4b9f",
      "name" : "page_source",
      "source" : "25f70ab7cdaf4b9f.html",
      "type" : "text/html",
      "size" : 135718
    } ],
    "parameters" : [ ],
    "stepsCount" : 0,
    "attachmentsCount" : 2,
    "shouldDisplayMessage" : false,
    "hasContent" : true
  } ],
  "labels" : [ {
    "name" : "parentSuite",
    "value" : "tests"
  }, {
    "name" : "suite",
    "value" : "test_start"
  }, {
    "name" : "host",
    "value" : "Ubuntu"
  }, {
    "name" : "thread",
    "value" : "309922-MainThread"
  }, {
    "name" : "framework",
    "value" : "pytest"
  }, {
    "name" : "language",
    "value" : "cpython3"
  }, {
    "name" : "package",
    "value" : "tests.test_start"
  }, {
    "name" : "resultFormat",
    "value" : "allure2"
  } ],
  "parameters" : [ ],
  "links" : [ ],
  "hidden" : false,
  "retry" : false,
  "extra" : {
    "severity" : "normal",
    "retries" : [ {
      "uid" : "c28b9d0ec8f676f1",
      "status" : "broken",
      "statusDetails" : "selenium.common.exceptions.TimeoutException: Message: \nStacktrace:\n#0 0x5ed71c80cc5a <unknown>\n#1 0x5ed71c4efe2c <unknown>\n#2 0x5ed71c53c661 <unknown>\n#3 0x5ed71c53c751 <unknown>\n#4 0x5ed71c580f64 <unknown>\n#5 0x5ed71c55f5ed <unknown>\n#6 0x5ed71c57e303 <unknown>\n#7 0x5ed71c55f363 <unknown>\n#8 0x5ed71c52f247 <unknown>\n#9 0x5ed71c52fb9e <unknown>\n#10 0x5ed71c7d322b <unknown>\n#11 0x5ed71c7d72d1 <unknown>\n#12 0x5ed71c7beade <unknown>\n#13 0x5ed71c7d7e32 <unknown>\n#14 0x5ed71c7a377f <unknown>\n#15 0x5ed71c7fc618 <unknown>\n#16 0x5ed71c7fc7f0 <unknown>\n#17 0x5ed71c80bd8c <unknown>\n#18 0x72f3b6294ac3 <unknown>",
      "time" : {
        "start" : 1723034423009,
        "stop" : 1723034432485,
        "duration" : 9476
      }
    } ],
    "categories" : [ {
      "name" : "Test defects",
      "matchedStatuses" : [ ],
      "flaky" : false
    } ],
    "tags" : [ ]
  },
  "source" : "683f0f7fc0157922.json",
  "parameterValues" : [ ]
}