{
  "uid" : "6bf0cfc5603cca51",
  "name" : "Регистрация",
  "fullName" : "tests.test_start#test_user_registration",
  "historyId" : "276a2f858328b159336cdee904d860f5",
  "time" : {
    "start" : 1723034607867,
    "stop" : 1723034621597,
    "duration" : 13730
  },
  "status" : "broken",
  "statusMessage" : "selenium.common.exceptions.TimeoutException: Message:",
  "statusTrace" : "browser = <selenium.webdriver.remote.webdriver.WebDriver (session=\"385e5e51bd7ee1d9d1dbe713bfa10637\")>, base_url = 'http://10.0.2.15:8081'\n\n    @allure.title(\"Регистрация\")\n    def test_user_registration(browser, base_url):\n        registration_page = RegistrationPage(browser)\n        registration_page.open(base_url)\n        registration_page.input_data(\"Oleg\", \"Ivanov\", \"123@gmail.com\", \"12345\")\n        registration_page.confirm_agreement()\n        registration_page.complete_registration()\n>       title_text = registration_page.get_title_text()\n\ntests/test_start.py:133: \n_ _ _ _ _ _ _ _ _ _ _ _ _ _ _ _ _ _ _ _ _ _ _ _ _ _ _ _ _ _ _ _ _ _ _ _ _ _ _ _ _ _ _ _ _ _ _ _ _ _ _ _ _ _ _ _ _ _ _ _ _ _ _ _ _ _ _ _ _ _ _ _ _ _ _ _ _ _ _ _ _ _ _ _ _ _ _ _ _ _ _ _ _ _ _ _ _ _ _ _ _ _ _ _ _ _ _ _ _ _\npage_objects/registration_page.py:39: in get_title_text\n    WebDriverWait(self.browser, 10).until(\n_ _ _ _ _ _ _ _ _ _ _ _ _ _ _ _ _ _ _ _ _ _ _ _ _ _ _ _ _ _ _ _ _ _ _ _ _ _ _ _ _ _ _ _ _ _ _ _ _ _ _ _ _ _ _ _ _ _ _ _ _ _ _ _ _ _ _ _ _ _ _ _ _ _ _ _ _ _ _ _ _ _ _ _ _ _ _ _ _ _ _ _ _ _ _ _ _ _ _ _ _ _ _ _ _ _ _ _ _ _\n\nself = <selenium.webdriver.support.wait.WebDriverWait (session=\"385e5e51bd7ee1d9d1dbe713bfa10637\")>, method = <function url_contains.<locals>._predicate at 0x7c30d431eef0>, message = ''\n\n    def until(self, method: Callable[[D], Union[Literal[False], T]], message: str = \"\") -> T:\n        \"\"\"Calls the method provided with the driver as an argument until the \\\n        return value does not evaluate to ``False``.\n    \n        :param method: callable(WebDriver)\n        :param message: optional message for :exc:`TimeoutException`\n        :returns: the result of the last call to `method`\n        :raises: :exc:`selenium.common.exceptions.TimeoutException` if timeout occurs\n        \"\"\"\n        screen = None\n        stacktrace = None\n    \n        end_time = time.monotonic() + self._timeout\n        while True:\n            try:\n                value = method(self._driver)\n                if value:\n                    return value\n            except self._ignored_exceptions as exc:\n                screen = getattr(exc, \"screen\", None)\n                stacktrace = getattr(exc, \"stacktrace\", None)\n            time.sleep(self._poll)\n            if time.monotonic() > end_time:\n                break\n>       raise TimeoutException(message, screen, stacktrace)\nE       selenium.common.exceptions.TimeoutException: Message:\n\n/usr/local/lib/python3.10/dist-packages/selenium/webdriver/support/wait.py:105: TimeoutException",
  "flaky" : false,
  "newFailed" : false,
  "beforeStages" : [ {
    "name" : "browser",
    "time" : {
      "start" : 1723034602047,
      "stop" : 1723034607866,
      "duration" : 5819
    },
    "status" : "passed",
    "steps" : [ ],
    "attachments" : [ {
      "uid" : "e54d1e6b76a217",
      "name" : "385e5e51bd7ee1d9d1dbe713bfa10637",
      "source" : "e54d1e6b76a217.json",
      "type" : "application/json",
      "size" : 1082
    } ],
    "parameters" : [ ],
    "stepsCount" : 0,
    "attachmentsCount" : 1,
    "shouldDisplayMessage" : false,
    "hasContent" : true
  }, {
    "name" : "base_url",
    "time" : {
      "start" : 1723034607866,
      "stop" : 1723034607866,
      "duration" : 0
    },
    "status" : "passed",
    "steps" : [ ],
    "attachments" : [ ],
    "parameters" : [ ],
    "stepsCount" : 0,
    "attachmentsCount" : 0,
    "shouldDisplayMessage" : false,
    "hasContent" : false
  } ],
  "testStage" : {
    "status" : "broken",
    "statusMessage" : "selenium.common.exceptions.TimeoutException: Message:",
    "statusTrace" : "browser = <selenium.webdriver.remote.webdriver.WebDriver (session=\"385e5e51bd7ee1d9d1dbe713bfa10637\")>, base_url = 'http://10.0.2.15:8081'\n\n    @allure.title(\"Регистрация\")\n    def test_user_registration(browser, base_url):\n        registration_page = RegistrationPage(browser)\n        registration_page.open(base_url)\n        registration_page.input_data(\"Oleg\", \"Ivanov\", \"123@gmail.com\", \"12345\")\n        registration_page.confirm_agreement()\n        registration_page.complete_registration()\n>       title_text = registration_page.get_title_text()\n\ntests/test_start.py:133: \n_ _ _ _ _ _ _ _ _ _ _ _ _ _ _ _ _ _ _ _ _ _ _ _ _ _ _ _ _ _ _ _ _ _ _ _ _ _ _ _ _ _ _ _ _ _ _ _ _ _ _ _ _ _ _ _ _ _ _ _ _ _ _ _ _ _ _ _ _ _ _ _ _ _ _ _ _ _ _ _ _ _ _ _ _ _ _ _ _ _ _ _ _ _ _ _ _ _ _ _ _ _ _ _ _ _ _ _ _ _\npage_objects/registration_page.py:39: in get_title_text\n    WebDriverWait(self.browser, 10).until(\n_ _ _ _ _ _ _ _ _ _ _ _ _ _ _ _ _ _ _ _ _ _ _ _ _ _ _ _ _ _ _ _ _ _ _ _ _ _ _ _ _ _ _ _ _ _ _ _ _ _ _ _ _ _ _ _ _ _ _ _ _ _ _ _ _ _ _ _ _ _ _ _ _ _ _ _ _ _ _ _ _ _ _ _ _ _ _ _ _ _ _ _ _ _ _ _ _ _ _ _ _ _ _ _ _ _ _ _ _ _\n\nself = <selenium.webdriver.support.wait.WebDriverWait (session=\"385e5e51bd7ee1d9d1dbe713bfa10637\")>, method = <function url_contains.<locals>._predicate at 0x7c30d431eef0>, message = ''\n\n    def until(self, method: Callable[[D], Union[Literal[False], T]], message: str = \"\") -> T:\n        \"\"\"Calls the method provided with the driver as an argument until the \\\n        return value does not evaluate to ``False``.\n    \n        :param method: callable(WebDriver)\n        :param message: optional message for :exc:`TimeoutException`\n        :returns: the result of the last call to `method`\n        :raises: :exc:`selenium.common.exceptions.TimeoutException` if timeout occurs\n        \"\"\"\n        screen = None\n        stacktrace = None\n    \n        end_time = time.monotonic() + self._timeout\n        while True:\n            try:\n                value = method(self._driver)\n                if value:\n                    return value\n            except self._ignored_exceptions as exc:\n                screen = getattr(exc, \"screen\", None)\n                stacktrace = getattr(exc, \"stacktrace\", None)\n            time.sleep(self._poll)\n            if time.monotonic() > end_time:\n                break\n>       raise TimeoutException(message, screen, stacktrace)\nE       selenium.common.exceptions.TimeoutException: Message:\n\n/usr/local/lib/python3.10/dist-packages/selenium/webdriver/support/wait.py:105: TimeoutException",
    "steps" : [ {
      "name" : "Открываю http://10.0.2.15:8081/en-gb?route=account/register",
      "time" : {
        "start" : 1723034607867,
        "stop" : 1723034608345,
        "duration" : 478
      },
      "status" : "passed",
      "steps" : [ ],
      "attachments" : [ ],
      "parameters" : [ ],
      "stepsCount" : 0,
      "attachmentsCount" : 0,
      "shouldDisplayMessage" : false,
      "hasContent" : false
    }, {
      "name" : "Ввожу данные для регистрации",
      "time" : {
        "start" : 1723034608345,
        "stop" : 1723034610903,
        "duration" : 2558
      },
      "status" : "passed",
      "steps" : [ ],
      "attachments" : [ ],
      "parameters" : [ {
        "name" : "firstname",
        "value" : "'Oleg'"
      }, {
        "name" : "lastname",
        "value" : "'Ivanov'"
      }, {
        "name" : "email",
        "value" : "'123@gmail.com'"
      }, {
        "name" : "password",
        "value" : "'12345'"
      } ],
      "stepsCount" : 0,
      "attachmentsCount" : 0,
      "shouldDisplayMessage" : false,
      "hasContent" : true
    }, {
      "name" : "Подтверждаю соглашение",
      "time" : {
        "start" : 1723034610903,
        "stop" : 1723034611023,
        "duration" : 120
      },
      "status" : "passed",
      "steps" : [ ],
      "attachments" : [ ],
      "parameters" : [ ],
      "stepsCount" : 0,
      "attachmentsCount" : 0,
      "shouldDisplayMessage" : false,
      "hasContent" : false
    }, {
      "name" : "Завершаб регистрацию нажатием на кнопку Continue",
      "time" : {
        "start" : 1723034611023,
        "stop" : 1723034611174,
        "duration" : 151
      },
      "status" : "passed",
      "steps" : [ ],
      "attachments" : [ ],
      "parameters" : [ ],
      "stepsCount" : 0,
      "attachmentsCount" : 0,
      "shouldDisplayMessage" : false,
      "hasContent" : false
    }, {
      "name" : "Получаю текст заголовка",
      "time" : {
        "start" : 1723034611174,
        "stop" : 1723034621595,
        "duration" : 10421
      },
      "status" : "broken",
      "statusMessage" : "selenium.common.exceptions.TimeoutException: Message: \n\n",
      "statusTrace" : "  File \"/usr/local/lib/python3.10/dist-packages/allure_commons/_allure.py\", line 192, in impl\n    return func(*a, **kw)\n  File \"/home/fuenukkusu2501/Develop/tmp/OTUS_selenium_UI/page_objects/registration_page.py\", line 39, in get_title_text\n    WebDriverWait(self.browser, 10).until(\n  File \"/usr/local/lib/python3.10/dist-packages/selenium/webdriver/support/wait.py\", line 105, in until\n    raise TimeoutException(message, screen, stacktrace)\n",
      "steps" : [ ],
      "attachments" : [ ],
      "parameters" : [ ],
      "stepsCount" : 0,
      "attachmentsCount" : 0,
      "shouldDisplayMessage" : true,
      "hasContent" : true
    } ],
    "attachments" : [ ],
    "parameters" : [ ],
    "stepsCount" : 5,
    "attachmentsCount" : 0,
    "shouldDisplayMessage" : true,
    "hasContent" : true
  },
  "afterStages" : [ {
    "name" : "browser::finalizer",
    "time" : {
      "start" : 1723034621606,
      "stop" : 1723034621757,
      "duration" : 151
    },
    "status" : "passed",
    "steps" : [ ],
    "attachments" : [ {
      "uid" : "6a0e10edac55a73b",
      "name" : "failure_screenshot",
      "source" : "6a0e10edac55a73b.png",
      "type" : "image/png",
      "size" : 92601
    }, {
      "uid" : "bbbaa7792f347d2a",
      "name" : "page_source",
      "source" : "bbbaa7792f347d2a.html",
      "type" : "text/html",
      "size" : 22113
    } ],
    "parameters" : [ ],
    "stepsCount" : 0,
    "attachmentsCount" : 2,
    "shouldDisplayMessage" : false,
    "hasContent" : true
  } ],
  "labels" : [ {
    "name" : "parentSuite",
    "value" : "tests"
  }, {
    "name" : "suite",
    "value" : "test_start"
  }, {
    "name" : "host",
    "value" : "Ubuntu"
  }, {
    "name" : "thread",
    "value" : "309922-MainThread"
  }, {
    "name" : "framework",
    "value" : "pytest"
  }, {
    "name" : "language",
    "value" : "cpython3"
  }, {
    "name" : "package",
    "value" : "tests.test_start"
  }, {
    "name" : "resultFormat",
    "value" : "allure2"
  } ],
  "parameters" : [ ],
  "links" : [ ],
  "hidden" : false,
  "retry" : false,
  "extra" : {
    "severity" : "normal",
    "retries" : [ {
      "uid" : "201f7dda2e5ad226",
      "status" : "broken",
      "statusDetails" : "selenium.common.exceptions.TimeoutException: Message:",
      "time" : {
        "start" : 1723034442613,
        "stop" : 1723034455537,
        "duration" : 12924
      }
    } ],
    "categories" : [ {
      "name" : "Test defects",
      "matchedStatuses" : [ ],
      "flaky" : false
    } ],
    "tags" : [ ]
  },
  "source" : "6bf0cfc5603cca51.json",
  "parameterValues" : [ ]
}