{
  "uid" : "9d0a6d3ea994ca90",
  "name" : "Удалить товар",
  "fullName" : "tests.test_start#test_delete_product",
  "historyId" : "7d181faf2f27682f61cb2a0d2e84375e",
  "time" : {
    "start" : 1725210344334,
    "stop" : 1725210356526,
    "duration" : 12192
  },
  "status" : "broken",
  "statusMessage" : "selenium.common.exceptions.TimeoutException: Message: \nStacktrace:\n#0 0x562527abb6ba <unknown>\n#1 0x56252778b730 <unknown>\n#2 0x5625277dad9b <unknown>\n#3 0x5625277db081 <unknown>\n#4 0x56252781ecd4 <unknown>\n#5 0x5625277fda7d <unknown>\n#6 0x56252781c1ca <unknown>\n#7 0x5625277fd7f3 <unknown>\n#8 0x5625277cdec9 <unknown>\n#9 0x5625277ce91e <unknown>\n#10 0x562527a819eb <unknown>\n#11 0x562527a85972 <unknown>\n#12 0x562527a6ee15 <unknown>\n#13 0x562527a86502 <unknown>\n#14 0x562527a53d2f <unknown>\n#15 0x562527aaa578 <unknown>\n#16 0x562527aaa750 <unknown>\n#17 0x562527aba48c <unknown>\n#18 0x72fe3c232ac3 <unknown>",
  "statusTrace" : "browser = <selenium.webdriver.remote.webdriver.WebDriver (session=\"c5694c2980b30df282ba336cc7508d05\")>, base_url = 'http://10.0.2.15:8081'\n\n    @allure.title(\"Удалить товар\")\n    def test_delete_product(browser, base_url):\n        admin_page = AdminPage(browser)\n        admin_page.open(base_url)\n        admin_page.login(\"user\", \"qwerty!123\")\n        admin_page.select_catalog()\n        admin_page.select_products()\n        HomePage(browser).scroll_down()\n        admin_page.to_the_last_page()\n>       admin_page.select_last_product()\n\ntests/test_start.py:120: \n_ _ _ _ _ _ _ _ _ _ _ _ _ _ _ _ _ _ _ _ _ _ _ _ _ _ _ _ _ _ _ _ _ _ _ _ _ _ _ _ _ _ _ _ _ _ _ _ _ _ _ _ _ _ _ _ _ _ _ _ _ _ _ _ _ _ _ _ _ _ _ _ _ _ _ _ _ _ _ _ _ _ _ _ _ _ _ _ _ _ _ _ _ _ _ _ _ _ _ _ _ _ _ _ _ _ _ _ _ _ _ _ _ _ _ _ _ _ _ _ _ _ _ _ _ _ _ _ _ _ _ _ _ _ _ _ _ _ _ _ _ _ _ _ _ _ _ _ _ _ _ _ _ _ _ _ _ _ _ _ _ _ _ _ _ _ _ _ _ _ _ _ _ _ _ _ _ _ _ _ _ _ _ _ _ _ _ _ _ _ _ _ _ _ _ _ _ _ _ _ _ _ _ _ _\npage_objects/admin_page.py:110: in select_last_product\n    self.get_element(self.LAST_PRODUCT).click()\npage_objects/base_page.py:35: in get_element\n    return WebDriverWait(self.browser, timeout).until(EC.visibility_of_element_located(locator))\n_ _ _ _ _ _ _ _ _ _ _ _ _ _ _ _ _ _ _ _ _ _ _ _ _ _ _ _ _ _ _ _ _ _ _ _ _ _ _ _ _ _ _ _ _ _ _ _ _ _ _ _ _ _ _ _ _ _ _ _ _ _ _ _ _ _ _ _ _ _ _ _ _ _ _ _ _ _ _ _ _ _ _ _ _ _ _ _ _ _ _ _ _ _ _ _ _ _ _ _ _ _ _ _ _ _ _ _ _ _ _ _ _ _ _ _ _ _ _ _ _ _ _ _ _ _ _ _ _ _ _ _ _ _ _ _ _ _ _ _ _ _ _ _ _ _ _ _ _ _ _ _ _ _ _ _ _ _ _ _ _ _ _ _ _ _ _ _ _ _ _ _ _ _ _ _ _ _ _ _ _ _ _ _ _ _ _ _ _ _ _ _ _ _ _ _ _ _ _ _ _ _ _ _ _\n\nself = <selenium.webdriver.support.wait.WebDriverWait (session=\"c5694c2980b30df282ba336cc7508d05\")>, method = <function visibility_of_element_located.<locals>._predicate at 0x741cf17ff600>, message = ''\n\n    def until(self, method: Callable[[D], Union[Literal[False], T]], message: str = \"\") -> T:\n        \"\"\"Calls the method provided with the driver as an argument until the \\\n        return value does not evaluate to ``False``.\n    \n        :param method: callable(WebDriver)\n        :param message: optional message for :exc:`TimeoutException`\n        :returns: the result of the last call to `method`\n        :raises: :exc:`selenium.common.exceptions.TimeoutException` if timeout occurs\n        \"\"\"\n        screen = None\n        stacktrace = None\n    \n        end_time = time.monotonic() + self._timeout\n        while True:\n            try:\n                value = method(self._driver)\n                if value:\n                    return value\n            except self._ignored_exceptions as exc:\n                screen = getattr(exc, \"screen\", None)\n                stacktrace = getattr(exc, \"stacktrace\", None)\n            time.sleep(self._poll)\n            if time.monotonic() > end_time:\n                break\n>       raise TimeoutException(message, screen, stacktrace)\nE       selenium.common.exceptions.TimeoutException: Message: \nE       Stacktrace:\nE       #0 0x562527abb6ba <unknown>\nE       #1 0x56252778b730 <unknown>\nE       #2 0x5625277dad9b <unknown>\nE       #3 0x5625277db081 <unknown>\nE       #4 0x56252781ecd4 <unknown>\nE       #5 0x5625277fda7d <unknown>\nE       #6 0x56252781c1ca <unknown>\nE       #7 0x5625277fd7f3 <unknown>\nE       #8 0x5625277cdec9 <unknown>\nE       #9 0x5625277ce91e <unknown>\nE       #10 0x562527a819eb <unknown>\nE       #11 0x562527a85972 <unknown>\nE       #12 0x562527a6ee15 <unknown>\nE       #13 0x562527a86502 <unknown>\nE       #14 0x562527a53d2f <unknown>\nE       #15 0x562527aaa578 <unknown>\nE       #16 0x562527aaa750 <unknown>\nE       #17 0x562527aba48c <unknown>\nE       #18 0x72fe3c232ac3 <unknown>\n\nvenv/lib/python3.12/site-packages/selenium/webdriver/support/wait.py:105: TimeoutException",
  "flaky" : false,
  "newFailed" : false,
  "beforeStages" : [ {
    "name" : "base_url",
    "time" : {
      "start" : 1725210344333,
      "stop" : 1725210344334,
      "duration" : 1
    },
    "status" : "passed",
    "steps" : [ ],
    "attachments" : [ ],
    "parameters" : [ ],
    "stepsCount" : 0,
    "attachmentsCount" : 0,
    "shouldDisplayMessage" : false,
    "hasContent" : false
  }, {
    "name" : "browser",
    "time" : {
      "start" : 1725210335510,
      "stop" : 1725210344333,
      "duration" : 8823
    },
    "status" : "passed",
    "steps" : [ ],
    "attachments" : [ {
      "uid" : "4f08960e017b88e2",
      "name" : "c5694c2980b30df282ba336cc7508d05",
      "source" : "4f08960e017b88e2.json",
      "type" : "application/json",
      "size" : 1083
    } ],
    "parameters" : [ ],
    "stepsCount" : 0,
    "attachmentsCount" : 1,
    "shouldDisplayMessage" : false,
    "hasContent" : true
  } ],
  "testStage" : {
    "status" : "broken",
    "statusMessage" : "selenium.common.exceptions.TimeoutException: Message: \nStacktrace:\n#0 0x562527abb6ba <unknown>\n#1 0x56252778b730 <unknown>\n#2 0x5625277dad9b <unknown>\n#3 0x5625277db081 <unknown>\n#4 0x56252781ecd4 <unknown>\n#5 0x5625277fda7d <unknown>\n#6 0x56252781c1ca <unknown>\n#7 0x5625277fd7f3 <unknown>\n#8 0x5625277cdec9 <unknown>\n#9 0x5625277ce91e <unknown>\n#10 0x562527a819eb <unknown>\n#11 0x562527a85972 <unknown>\n#12 0x562527a6ee15 <unknown>\n#13 0x562527a86502 <unknown>\n#14 0x562527a53d2f <unknown>\n#15 0x562527aaa578 <unknown>\n#16 0x562527aaa750 <unknown>\n#17 0x562527aba48c <unknown>\n#18 0x72fe3c232ac3 <unknown>",
    "statusTrace" : "browser = <selenium.webdriver.remote.webdriver.WebDriver (session=\"c5694c2980b30df282ba336cc7508d05\")>, base_url = 'http://10.0.2.15:8081'\n\n    @allure.title(\"Удалить товар\")\n    def test_delete_product(browser, base_url):\n        admin_page = AdminPage(browser)\n        admin_page.open(base_url)\n        admin_page.login(\"user\", \"qwerty!123\")\n        admin_page.select_catalog()\n        admin_page.select_products()\n        HomePage(browser).scroll_down()\n        admin_page.to_the_last_page()\n>       admin_page.select_last_product()\n\ntests/test_start.py:120: \n_ _ _ _ _ _ _ _ _ _ _ _ _ _ _ _ _ _ _ _ _ _ _ _ _ _ _ _ _ _ _ _ _ _ _ _ _ _ _ _ _ _ _ _ _ _ _ _ _ _ _ _ _ _ _ _ _ _ _ _ _ _ _ _ _ _ _ _ _ _ _ _ _ _ _ _ _ _ _ _ _ _ _ _ _ _ _ _ _ _ _ _ _ _ _ _ _ _ _ _ _ _ _ _ _ _ _ _ _ _ _ _ _ _ _ _ _ _ _ _ _ _ _ _ _ _ _ _ _ _ _ _ _ _ _ _ _ _ _ _ _ _ _ _ _ _ _ _ _ _ _ _ _ _ _ _ _ _ _ _ _ _ _ _ _ _ _ _ _ _ _ _ _ _ _ _ _ _ _ _ _ _ _ _ _ _ _ _ _ _ _ _ _ _ _ _ _ _ _ _ _ _ _ _ _\npage_objects/admin_page.py:110: in select_last_product\n    self.get_element(self.LAST_PRODUCT).click()\npage_objects/base_page.py:35: in get_element\n    return WebDriverWait(self.browser, timeout).until(EC.visibility_of_element_located(locator))\n_ _ _ _ _ _ _ _ _ _ _ _ _ _ _ _ _ _ _ _ _ _ _ _ _ _ _ _ _ _ _ _ _ _ _ _ _ _ _ _ _ _ _ _ _ _ _ _ _ _ _ _ _ _ _ _ _ _ _ _ _ _ _ _ _ _ _ _ _ _ _ _ _ _ _ _ _ _ _ _ _ _ _ _ _ _ _ _ _ _ _ _ _ _ _ _ _ _ _ _ _ _ _ _ _ _ _ _ _ _ _ _ _ _ _ _ _ _ _ _ _ _ _ _ _ _ _ _ _ _ _ _ _ _ _ _ _ _ _ _ _ _ _ _ _ _ _ _ _ _ _ _ _ _ _ _ _ _ _ _ _ _ _ _ _ _ _ _ _ _ _ _ _ _ _ _ _ _ _ _ _ _ _ _ _ _ _ _ _ _ _ _ _ _ _ _ _ _ _ _ _ _ _ _ _\n\nself = <selenium.webdriver.support.wait.WebDriverWait (session=\"c5694c2980b30df282ba336cc7508d05\")>, method = <function visibility_of_element_located.<locals>._predicate at 0x741cf17ff600>, message = ''\n\n    def until(self, method: Callable[[D], Union[Literal[False], T]], message: str = \"\") -> T:\n        \"\"\"Calls the method provided with the driver as an argument until the \\\n        return value does not evaluate to ``False``.\n    \n        :param method: callable(WebDriver)\n        :param message: optional message for :exc:`TimeoutException`\n        :returns: the result of the last call to `method`\n        :raises: :exc:`selenium.common.exceptions.TimeoutException` if timeout occurs\n        \"\"\"\n        screen = None\n        stacktrace = None\n    \n        end_time = time.monotonic() + self._timeout\n        while True:\n            try:\n                value = method(self._driver)\n                if value:\n                    return value\n            except self._ignored_exceptions as exc:\n                screen = getattr(exc, \"screen\", None)\n                stacktrace = getattr(exc, \"stacktrace\", None)\n            time.sleep(self._poll)\n            if time.monotonic() > end_time:\n                break\n>       raise TimeoutException(message, screen, stacktrace)\nE       selenium.common.exceptions.TimeoutException: Message: \nE       Stacktrace:\nE       #0 0x562527abb6ba <unknown>\nE       #1 0x56252778b730 <unknown>\nE       #2 0x5625277dad9b <unknown>\nE       #3 0x5625277db081 <unknown>\nE       #4 0x56252781ecd4 <unknown>\nE       #5 0x5625277fda7d <unknown>\nE       #6 0x56252781c1ca <unknown>\nE       #7 0x5625277fd7f3 <unknown>\nE       #8 0x5625277cdec9 <unknown>\nE       #9 0x5625277ce91e <unknown>\nE       #10 0x562527a819eb <unknown>\nE       #11 0x562527a85972 <unknown>\nE       #12 0x562527a6ee15 <unknown>\nE       #13 0x562527a86502 <unknown>\nE       #14 0x562527a53d2f <unknown>\nE       #15 0x562527aaa578 <unknown>\nE       #16 0x562527aaa750 <unknown>\nE       #17 0x562527aba48c <unknown>\nE       #18 0x72fe3c232ac3 <unknown>\n\nvenv/lib/python3.12/site-packages/selenium/webdriver/support/wait.py:105: TimeoutException",
    "steps" : [ {
      "name" : "Открываю http://10.0.2.15:8081/administration",
      "time" : {
        "start" : 1725210344334,
        "stop" : 1725210345796,
        "duration" : 1462
      },
      "status" : "passed",
      "steps" : [ ],
      "attachments" : [ ],
      "parameters" : [ ],
      "stepsCount" : 0,
      "attachmentsCount" : 0,
      "shouldDisplayMessage" : false,
      "hasContent" : false
    }, {
      "name" : "Авторизую пользователя",
      "time" : {
        "start" : 1725210345796,
        "stop" : 1725210348578,
        "duration" : 2782
      },
      "status" : "passed",
      "steps" : [ ],
      "attachments" : [ ],
      "parameters" : [ {
        "name" : "username",
        "value" : "'user'"
      }, {
        "name" : "password",
        "value" : "'qwerty!123'"
      } ],
      "stepsCount" : 0,
      "attachmentsCount" : 0,
      "shouldDisplayMessage" : false,
      "hasContent" : true
    }, {
      "name" : "Перехожу в меню Каталог",
      "time" : {
        "start" : 1725210348578,
        "stop" : 1725210350071,
        "duration" : 1493
      },
      "status" : "passed",
      "steps" : [ ],
      "attachments" : [ ],
      "parameters" : [ ],
      "stepsCount" : 0,
      "attachmentsCount" : 0,
      "shouldDisplayMessage" : false,
      "hasContent" : false
    }, {
      "name" : "Выбираю товар",
      "time" : {
        "start" : 1725210350071,
        "stop" : 1725210350961,
        "duration" : 890
      },
      "status" : "passed",
      "steps" : [ ],
      "attachments" : [ ],
      "parameters" : [ ],
      "stepsCount" : 0,
      "attachmentsCount" : 0,
      "shouldDisplayMessage" : false,
      "hasContent" : false
    }, {
      "name" : "Скроллю страницу вниз",
      "time" : {
        "start" : 1725210350969,
        "stop" : 1725210351336,
        "duration" : 367
      },
      "status" : "passed",
      "steps" : [ ],
      "attachments" : [ ],
      "parameters" : [ ],
      "stepsCount" : 0,
      "attachmentsCount" : 0,
      "shouldDisplayMessage" : false,
      "hasContent" : false
    }, {
      "name" : "Перехожу на последнюю страницу",
      "time" : {
        "start" : 1725210351336,
        "stop" : 1725210351450,
        "duration" : 114
      },
      "status" : "passed",
      "steps" : [ ],
      "attachments" : [ ],
      "parameters" : [ ],
      "stepsCount" : 0,
      "attachmentsCount" : 0,
      "shouldDisplayMessage" : false,
      "hasContent" : false
    }, {
      "name" : "Выбираю последний товар в списке",
      "time" : {
        "start" : 1725210351450,
        "stop" : 1725210356523,
        "duration" : 5073
      },
      "status" : "broken",
      "statusMessage" : "selenium.common.exceptions.TimeoutException: Message: \nStacktrace:\n#0 0x562527abb6ba <unknown>\n#1 0x56252778b730 <unknown>\n#2 0x5625277dad9b <unknown>\n#3 0x5625277db081 <unknown>\n#4 0x56252781ecd4 <unknown>\n#5 0x5625277fda7d <unknown>\n#6 0x56252781c1ca <unknown>\n#7 0x5625277fd7f3 <unknown>\n#8 0x5625277cdec9 <unknown>\n#9 0x5625277ce91e <unknown>\n#10 0x562527a819eb <unknown>\n#11 0x562527a85972 <unknown>\n#12 0x562527a6ee15 <unknown>\n#13 0x562527a86502 <unknown>\n#14 0x562527a53d2f <unknown>\n#15 0x562527aaa578 <unknown>\n#16 0x562527aaa750 <unknown>\n#17 0x562527aba48c <unknown>\n#18 0x72fe3c232ac3 <unknown>\n\n",
      "statusTrace" : "  File \"/home/fuenukkusu2501/PycharmProjects/OTUS_selenium_UI/venv/lib/python3.12/site-packages/allure_commons/_allure.py\", line 192, in impl\n    return func(*a, **kw)\n           ^^^^^^^^^^^^^^\n  File \"/home/fuenukkusu2501/PycharmProjects/OTUS_selenium_UI/page_objects/admin_page.py\", line 110, in select_last_product\n    self.get_element(self.LAST_PRODUCT).click()\n    ^^^^^^^^^^^^^^^^^^^^^^^^^^^^^^^^^^^\n  File \"/home/fuenukkusu2501/PycharmProjects/OTUS_selenium_UI/page_objects/base_page.py\", line 35, in get_element\n    return WebDriverWait(self.browser, timeout).until(EC.visibility_of_element_located(locator))\n           ^^^^^^^^^^^^^^^^^^^^^^^^^^^^^^^^^^^^^^^^^^^^^^^^^^^^^^^^^^^^^^^^^^^^^^^^^^^^^^^^^^^^^\n  File \"/home/fuenukkusu2501/PycharmProjects/OTUS_selenium_UI/venv/lib/python3.12/site-packages/selenium/webdriver/support/wait.py\", line 105, in until\n    raise TimeoutException(message, screen, stacktrace)\n",
      "steps" : [ ],
      "attachments" : [ ],
      "parameters" : [ ],
      "stepsCount" : 0,
      "attachmentsCount" : 0,
      "shouldDisplayMessage" : true,
      "hasContent" : true
    } ],
    "attachments" : [ ],
    "parameters" : [ ],
    "stepsCount" : 7,
    "attachmentsCount" : 0,
    "shouldDisplayMessage" : true,
    "hasContent" : true
  },
  "afterStages" : [ {
    "name" : "browser::finalizer",
    "time" : {
      "start" : 1725210356538,
      "stop" : 1725210356810,
      "duration" : 272
    },
    "status" : "passed",
    "steps" : [ ],
    "attachments" : [ {
      "uid" : "585988ea7cb0b13a",
      "name" : "failure_screenshot",
      "source" : "585988ea7cb0b13a.png",
      "type" : "image/png",
      "size" : 152105
    }, {
      "uid" : "4d2d618076cd2e65",
      "name" : "page_source",
      "source" : "4d2d618076cd2e65.html",
      "type" : "text/html",
      "size" : 47567
    } ],
    "parameters" : [ ],
    "stepsCount" : 0,
    "attachmentsCount" : 2,
    "shouldDisplayMessage" : false,
    "hasContent" : true
  } ],
  "labels" : [ {
    "name" : "parentSuite",
    "value" : "tests"
  }, {
    "name" : "suite",
    "value" : "test_start"
  }, {
    "name" : "host",
    "value" : "fuenukkusu2501-VirtualBox"
  }, {
    "name" : "thread",
    "value" : "135533-MainThread"
  }, {
    "name" : "framework",
    "value" : "pytest"
  }, {
    "name" : "language",
    "value" : "cpython3"
  }, {
    "name" : "package",
    "value" : "tests.test_start"
  }, {
    "name" : "resultFormat",
    "value" : "allure2"
  } ],
  "parameters" : [ ],
  "links" : [ ],
  "hidden" : false,
  "retry" : false,
  "extra" : {
    "severity" : "normal",
    "retries" : [ ],
    "categories" : [ {
      "name" : "Test defects",
      "matchedStatuses" : [ ],
      "flaky" : false
    } ],
    "tags" : [ ]
  },
  "source" : "9d0a6d3ea994ca90.json",
  "parameterValues" : [ ]
}