{
  "uid" : "beb4e92d2c91d132",
  "name" : "Регистрация",
  "fullName" : "tests.test_start#test_user_registration",
  "historyId" : "276a2f858328b159336cdee904d860f5",
  "time" : {
    "start" : 1719669879735,
    "stop" : 1719669895611,
    "duration" : 15876
  },
  "status" : "broken",
  "statusMessage" : "selenium.common.exceptions.TimeoutException: Message:",
  "statusTrace" : "browser = <selenium.webdriver.chrome.webdriver.WebDriver (session=\"508306f5d2937ba45904d68e1e6bd948\")>, base_url = 'http://10.0.2.15:8081'\n\n    @allure.title(\"Регистрация\")\n    def test_user_registration(browser, base_url):\n        registration_page = RegistrationPage(browser)\n        registration_page.open(base_url)\n        registration_page.input_data(\"Oleg\", \"Ivanov\", \"123@gmail.com\", \"12345\")\n        registration_page.confirm_agreement()\n        registration_page.complete_registration()\n>       title_text = registration_page.get_title_text()\n\ntests/test_start.py:127: \n_ _ _ _ _ _ _ _ _ _ _ _ _ _ _ _ _ _ _ _ _ _ _ _ _ _ _ _ _ _ _ _ _ _ _ _ _ _ _ _ _ _ _ _ _ _ _ _ _ _ _ _ _ _ _ _ _ _ _ _ _ _ _ _ _ _ _ _ _ _ _ _ _ _ _ _ _ _ _ _ _ _ _ _ _ _ _ _ _ _ _ _ _ _ _ _ _ _ _ \npage_objects/registration_page.py:39: in get_title_text\n    WebDriverWait(self.browser, 10).until(\n_ _ _ _ _ _ _ _ _ _ _ _ _ _ _ _ _ _ _ _ _ _ _ _ _ _ _ _ _ _ _ _ _ _ _ _ _ _ _ _ _ _ _ _ _ _ _ _ _ _ _ _ _ _ _ _ _ _ _ _ _ _ _ _ _ _ _ _ _ _ _ _ _ _ _ _ _ _ _ _ _ _ _ _ _ _ _ _ _ _ _ _ _ _ _ _ _ _ _ \n\nself = <selenium.webdriver.support.wait.WebDriverWait (session=\"508306f5d2937ba45904d68e1e6bd948\")>, method = <function url_contains.<locals>._predicate at 0x71d77f78b7f0>, message = ''\n\n    def until(self, method, message: str = \"\"):\n        \"\"\"Calls the method provided with the driver as an argument until the \\\n        return value does not evaluate to ``False``.\n    \n        :param method: callable(WebDriver)\n        :param message: optional message for :exc:`TimeoutException`\n        :returns: the result of the last call to `method`\n        :raises: :exc:`selenium.common.exceptions.TimeoutException` if timeout occurs\n        \"\"\"\n        screen = None\n        stacktrace = None\n    \n        end_time = time.monotonic() + self._timeout\n        while True:\n            try:\n                value = method(self._driver)\n                if value:\n                    return value\n            except self._ignored_exceptions as exc:\n                screen = getattr(exc, \"screen\", None)\n                stacktrace = getattr(exc, \"stacktrace\", None)\n            time.sleep(self._poll)\n            if time.monotonic() > end_time:\n                break\n>       raise TimeoutException(message, screen, stacktrace)\nE       selenium.common.exceptions.TimeoutException: Message:\n\n../../../.local/lib/python3.10/site-packages/selenium/webdriver/support/wait.py:95: TimeoutException",
  "flaky" : false,
  "newFailed" : false,
  "beforeStages" : [ {
    "name" : "base_url",
    "time" : {
      "start" : 1719669879735,
      "stop" : 1719669879735,
      "duration" : 0
    },
    "status" : "passed",
    "steps" : [ ],
    "attachments" : [ ],
    "parameters" : [ ],
    "stepsCount" : 0,
    "attachmentsCount" : 0,
    "shouldDisplayMessage" : false,
    "hasContent" : false
  }, {
    "name" : "browser",
    "time" : {
      "start" : 1719669877188,
      "stop" : 1719669879734,
      "duration" : 2546
    },
    "status" : "passed",
    "steps" : [ ],
    "attachments" : [ {
      "uid" : "3875496146f3ffe8",
      "name" : "508306f5d2937ba45904d68e1e6bd948",
      "source" : "3875496146f3ffe8.json",
      "type" : "application/json",
      "size" : 965
    } ],
    "parameters" : [ ],
    "stepsCount" : 0,
    "attachmentsCount" : 1,
    "shouldDisplayMessage" : false,
    "hasContent" : true
  } ],
  "testStage" : {
    "status" : "broken",
    "statusMessage" : "selenium.common.exceptions.TimeoutException: Message:",
    "statusTrace" : "browser = <selenium.webdriver.chrome.webdriver.WebDriver (session=\"508306f5d2937ba45904d68e1e6bd948\")>, base_url = 'http://10.0.2.15:8081'\n\n    @allure.title(\"Регистрация\")\n    def test_user_registration(browser, base_url):\n        registration_page = RegistrationPage(browser)\n        registration_page.open(base_url)\n        registration_page.input_data(\"Oleg\", \"Ivanov\", \"123@gmail.com\", \"12345\")\n        registration_page.confirm_agreement()\n        registration_page.complete_registration()\n>       title_text = registration_page.get_title_text()\n\ntests/test_start.py:127: \n_ _ _ _ _ _ _ _ _ _ _ _ _ _ _ _ _ _ _ _ _ _ _ _ _ _ _ _ _ _ _ _ _ _ _ _ _ _ _ _ _ _ _ _ _ _ _ _ _ _ _ _ _ _ _ _ _ _ _ _ _ _ _ _ _ _ _ _ _ _ _ _ _ _ _ _ _ _ _ _ _ _ _ _ _ _ _ _ _ _ _ _ _ _ _ _ _ _ _ \npage_objects/registration_page.py:39: in get_title_text\n    WebDriverWait(self.browser, 10).until(\n_ _ _ _ _ _ _ _ _ _ _ _ _ _ _ _ _ _ _ _ _ _ _ _ _ _ _ _ _ _ _ _ _ _ _ _ _ _ _ _ _ _ _ _ _ _ _ _ _ _ _ _ _ _ _ _ _ _ _ _ _ _ _ _ _ _ _ _ _ _ _ _ _ _ _ _ _ _ _ _ _ _ _ _ _ _ _ _ _ _ _ _ _ _ _ _ _ _ _ \n\nself = <selenium.webdriver.support.wait.WebDriverWait (session=\"508306f5d2937ba45904d68e1e6bd948\")>, method = <function url_contains.<locals>._predicate at 0x71d77f78b7f0>, message = ''\n\n    def until(self, method, message: str = \"\"):\n        \"\"\"Calls the method provided with the driver as an argument until the \\\n        return value does not evaluate to ``False``.\n    \n        :param method: callable(WebDriver)\n        :param message: optional message for :exc:`TimeoutException`\n        :returns: the result of the last call to `method`\n        :raises: :exc:`selenium.common.exceptions.TimeoutException` if timeout occurs\n        \"\"\"\n        screen = None\n        stacktrace = None\n    \n        end_time = time.monotonic() + self._timeout\n        while True:\n            try:\n                value = method(self._driver)\n                if value:\n                    return value\n            except self._ignored_exceptions as exc:\n                screen = getattr(exc, \"screen\", None)\n                stacktrace = getattr(exc, \"stacktrace\", None)\n            time.sleep(self._poll)\n            if time.monotonic() > end_time:\n                break\n>       raise TimeoutException(message, screen, stacktrace)\nE       selenium.common.exceptions.TimeoutException: Message:\n\n../../../.local/lib/python3.10/site-packages/selenium/webdriver/support/wait.py:95: TimeoutException",
    "steps" : [ {
      "name" : "Открываю http://10.0.2.15:8081/en-gb?route=account/register",
      "time" : {
        "start" : 1719669879736,
        "stop" : 1719669881075,
        "duration" : 1339
      },
      "status" : "passed",
      "steps" : [ ],
      "attachments" : [ ],
      "parameters" : [ ],
      "stepsCount" : 0,
      "attachmentsCount" : 0,
      "shouldDisplayMessage" : false,
      "hasContent" : false
    }, {
      "name" : "Ввожу данные для регистрации",
      "time" : {
        "start" : 1719669881075,
        "stop" : 1719669885003,
        "duration" : 3928
      },
      "status" : "passed",
      "steps" : [ ],
      "attachments" : [ ],
      "parameters" : [ {
        "name" : "firstname",
        "value" : "'Oleg'"
      }, {
        "name" : "lastname",
        "value" : "'Ivanov'"
      }, {
        "name" : "email",
        "value" : "'123@gmail.com'"
      }, {
        "name" : "password",
        "value" : "'12345'"
      } ],
      "stepsCount" : 0,
      "attachmentsCount" : 0,
      "shouldDisplayMessage" : false,
      "hasContent" : true
    }, {
      "name" : "Подтверждаю соглашение",
      "time" : {
        "start" : 1719669885003,
        "stop" : 1719669885083,
        "duration" : 80
      },
      "status" : "passed",
      "steps" : [ ],
      "attachments" : [ ],
      "parameters" : [ ],
      "stepsCount" : 0,
      "attachmentsCount" : 0,
      "shouldDisplayMessage" : false,
      "hasContent" : false
    }, {
      "name" : "Завершаб регистрацию нажатием на кнопку Continue",
      "time" : {
        "start" : 1719669885083,
        "stop" : 1719669885400,
        "duration" : 317
      },
      "status" : "passed",
      "steps" : [ ],
      "attachments" : [ ],
      "parameters" : [ ],
      "stepsCount" : 0,
      "attachmentsCount" : 0,
      "shouldDisplayMessage" : false,
      "hasContent" : false
    }, {
      "name" : "Получаю текст заголовка",
      "time" : {
        "start" : 1719669885401,
        "stop" : 1719669895599,
        "duration" : 10198
      },
      "status" : "broken",
      "statusMessage" : "selenium.common.exceptions.TimeoutException: Message: \n\n",
      "statusTrace" : "  File \"/home/fuenukkusu2501/.local/lib/python3.10/site-packages/allure_commons/_allure.py\", line 192, in impl\n    return func(*a, **kw)\n  File \"/home/fuenukkusu2501/Develop/tmp/OTUS_selenium_UI/page_objects/registration_page.py\", line 39, in get_title_text\n    WebDriverWait(self.browser, 10).until(\n  File \"/home/fuenukkusu2501/.local/lib/python3.10/site-packages/selenium/webdriver/support/wait.py\", line 95, in until\n    raise TimeoutException(message, screen, stacktrace)\n",
      "steps" : [ ],
      "attachments" : [ ],
      "parameters" : [ ],
      "stepsCount" : 0,
      "attachmentsCount" : 0,
      "shouldDisplayMessage" : true,
      "hasContent" : true
    } ],
    "attachments" : [ ],
    "parameters" : [ ],
    "stepsCount" : 5,
    "attachmentsCount" : 0,
    "shouldDisplayMessage" : true,
    "hasContent" : true
  },
  "afterStages" : [ {
    "name" : "browser::0",
    "time" : {
      "start" : 1719669895645,
      "stop" : 1719669896096,
      "duration" : 451
    },
    "status" : "passed",
    "steps" : [ ],
    "attachments" : [ {
      "uid" : "6e9bb3583ffd7aed",
      "name" : "failure_screenshot",
      "source" : "6e9bb3583ffd7aed.png",
      "type" : "image/png",
      "size" : 100348
    }, {
      "uid" : "8b29ace7b22193a9",
      "name" : "page_source",
      "source" : "8b29ace7b22193a9.html",
      "type" : "text/html",
      "size" : 22113
    } ],
    "parameters" : [ ],
    "stepsCount" : 0,
    "attachmentsCount" : 2,
    "shouldDisplayMessage" : false,
    "hasContent" : true
  } ],
  "labels" : [ {
    "name" : "parentSuite",
    "value" : "tests"
  }, {
    "name" : "suite",
    "value" : "test_start"
  }, {
    "name" : "host",
    "value" : "Ubuntu"
  }, {
    "name" : "thread",
    "value" : "6609-MainThread"
  }, {
    "name" : "framework",
    "value" : "pytest"
  }, {
    "name" : "language",
    "value" : "cpython3"
  }, {
    "name" : "package",
    "value" : "tests.test_start"
  }, {
    "name" : "resultFormat",
    "value" : "allure2"
  } ],
  "parameters" : [ ],
  "links" : [ ],
  "hidden" : true,
  "retry" : true,
  "extra" : {
    "categories" : [ ],
    "tags" : [ ]
  },
  "source" : "beb4e92d2c91d132.json",
  "parameterValues" : [ ]
}